#
# A fatal error has been detected by the Java Runtime Environment:
#
#  EXCEPTION_ACCESS_VIOLATION (0xc0000005) at pc=0xffffffffa34c5120, pid=5608, tid=0x000000000000386c
#
# JRE version: Java(TM) SE Runtime Environment (8.0_111-b14) (build 1.8.0_111-b14)
# Java VM: Java HotSpot(TM) 64-Bit Server VM (25.111-b14 mixed mode windows-amd64 compressed oops)
# Problematic frame:
# C  0xffffffffa34c5120
#
# Failed to write core dump. Minidumps are not enabled by default on client versions of Windows
#
# If you would like to submit a bug report, please visit:
#   http://bugreport.java.com/bugreport/crash.jsp
#

---------------  T H R E A D  ---------------

Current thread (0x000000001613c000):  JavaThread "AWT-EventQueue-0" [_thread_in_Java, id=14444, stack(0x0000000016780000,0x0000000016880000)]

siginfo: ExceptionCode=0xc0000005, ExceptionInformation=0x0000000000000008 0xffffffffa34c5120

Registers:
RAX=0x0000000049e47f43, RBX=0x0000000013ff0640, RCX=0x00000000024aa7d0, RDX=0x00000000eae78370
RSP=0x000000001687b708, RBP=0x000000001687b9c8, RSI=0x0000000049e436a7, RDI=0x0000000014319250
R8 =0x0000000049e436a7, R9 =0x00000000eaf99478, R10=0x0000000000000000, R11=0x00000000026cd460
R12=0x0000000000000000, R13=0x000000001687b980, R14=0x0000000000000000, R15=0x000000001613c000
RIP=0xffffffffa34c5120, EFLAGS=0x0000000000010202

Top of Stack: (sp=0x000000001687b708)
0x000000001687b708:   00000000025f0604 00000000eae5ff08
0x000000001687b718:   00000000eb09a2e8 0000000000000000
0x000000001687b728:   0000000000000001 00000000eb09a2a8
0x000000001687b738:   00000000eb1f8c38 000000001687b8c8
0x000000001687b748:   00000000026a16fc 00000000eae78370
0x000000001687b758:   00000000eaf99478 000000001687b7b8
0x000000001687b768:   00000000025d8bd9 000000001687b9c8
0x000000001687b778:   000000000267bea4 0000000000000000
0x000000001687b788:   000000001687b7b8 000000001687b800
0x000000001687b798:   00000000024c7e20 0000000000000000
0x000000001687b7a8:   00000000eacefd48 00000000eb3ca2c0
0x000000001687b7b8:   0000000074b3cc00 000000001687b828
0x000000001687b7c8:   0000000074b3cc00 00000000eae78338
0x000000001687b7d8:   00000000eaf99478 00000000eae78370
0x000000001687b7e8:   0000000000000001 00000000eae78370
0x000000001687b7f8:   0000000074b3d2aa 000000001687b9c8 

Instructions: (pc=0xffffffffa34c5120)
0xffffffffa34c5100:   
[error occurred during error reporting (printing registers, top of stack, instructions near pc), id 0xc0000005]

Register to memory mapping:

RAX=0x0000000049e47f43 is an unknown value
RBX={method} {0x0000000013ff0648} 'hashCode' '()I' in 'java/lang/Object'
RCX=0x00000000024aa7d0 is an unknown value
RDX=0x00000000eae78370 is an oop
java.util.HashMap 
 - klass: 'java/util/HashMap'
RSP=0x000000001687b708 is pointing into the stack for thread: 0x000000001613c000
RBP=0x000000001687b9c8 is pointing into the stack for thread: 0x000000001613c000
RSI=0x0000000049e436a7 is an unknown value
RDI=0x0000000014319250 is pointing into metadata
R8 =0x0000000049e436a7 is an unknown value
R9 =0x00000000eaf99478 is an oop
java.lang.Class 
 - klass: 'java/lang/Class'
R10=0x0000000000000000 is an unknown value
R11=0x00000000026cd460 is at entry_point+32 in (nmethod*)0x00000000026cd2d0
R12=0x0000000000000000 is an unknown value
R13=0x000000001687b980 is pointing into the stack for thread: 0x000000001613c000
R14=0x0000000000000000 is an unknown value
R15=0x000000001613c000 is a thread


Stack: [0x0000000016780000,0x0000000016880000],  sp=0x000000001687b708,  free space=1005k
Native frames: (J=compiled Java code, j=interpreted, Vv=VM code, C=native code)
C  0xffffffffa34c5120


---------------  P R O C E S S  ---------------

Java Threads: ( => current thread )
  0x0000000018476800 JavaThread "Image Fetcher 3" daemon [_thread_blocked, id=14636, stack(0x0000000019170000,0x0000000019270000)]
  0x00000000183df800 JavaThread "Image Fetcher 2" daemon [_thread_blocked, id=15076, stack(0x0000000018e70000,0x0000000018f70000)]
  0x00000000183d5000 JavaThread "Image Fetcher 1" daemon [_thread_blocked, id=14364, stack(0x0000000018d70000,0x0000000018e70000)]
  0x000000001618e800 JavaThread "Image Fetcher 0" daemon [_thread_blocked, id=2364, stack(0x0000000018c70000,0x0000000018d70000)]
  0x000000001618d800 JavaThread "TimerQueue" daemon [_thread_blocked, id=12936, stack(0x0000000018b70000,0x0000000018c70000)]
  0x00000000023c1800 JavaThread "DestroyJavaVM" [_thread_blocked, id=13008, stack(0x0000000002200000,0x0000000002300000)]
=>0x000000001613c000 JavaThread "AWT-EventQueue-0" [_thread_in_Java, id=14444, stack(0x0000000016780000,0x0000000016880000)]
  0x0000000016137000 JavaThread "AWT-Windows" daemon [_thread_in_native, id=872, stack(0x00000000164d0000,0x00000000165d0000)]
  0x0000000016134000 JavaThread "AWT-Shutdown" [_thread_blocked, id=1176, stack(0x00000000163d0000,0x00000000164d0000)]
  0x0000000016133800 JavaThread "Java2D Disposer" daemon [_thread_blocked, id=14652, stack(0x00000000162d0000,0x00000000163d0000)]
  0x00000000149bf000 JavaThread "Service Thread" daemon [_thread_blocked, id=14744, stack(0x0000000015b90000,0x0000000015c90000)]
  0x000000001499e000 JavaThread "C1 CompilerThread1" daemon [_thread_blocked, id=12792, stack(0x0000000015a90000,0x0000000015b90000)]
  0x0000000014958000 JavaThread "C2 CompilerThread0" daemon [_thread_blocked, id=14916, stack(0x0000000015990000,0x0000000015a90000)]
  0x0000000014957000 JavaThread "Attach Listener" daemon [_thread_blocked, id=15028, stack(0x0000000015890000,0x0000000015990000)]
  0x0000000014953800 JavaThread "Signal Dispatcher" daemon [_thread_blocked, id=13264, stack(0x0000000015790000,0x0000000015890000)]
  0x0000000014938800 JavaThread "Finalizer" daemon [_thread_blocked, id=10724, stack(0x0000000015590000,0x0000000015690000)]
  0x00000000024ad000 JavaThread "Reference Handler" daemon [_thread_blocked, id=9808, stack(0x0000000015490000,0x0000000015590000)]

Other Threads:
  0x0000000014916800 VMThread [stack: 0x0000000015390000,0x0000000015490000] [id=13600]
  0x00000000149c4000 WatcherThread [stack: 0x0000000015c90000,0x0000000015d90000] [id=10584]

VM state:not at safepoint (normal execution)

VM Mutex/Monitor currently owned by a thread: None

Heap:
 PSYoungGen      total 18944K, used 9220K [0x00000000eab00000, 0x00000000ec000000, 0x0000000100000000)
  eden space 16384K, 56% used [0x00000000eab00000,0x00000000eb401300,0x00000000ebb00000)
  from space 2560K, 0% used [0x00000000ebd80000,0x00000000ebd80000,0x00000000ec000000)
  to   space 2560K, 0% used [0x00000000ebb00000,0x00000000ebb00000,0x00000000ebd80000)
 ParOldGen       total 44032K, used 0K [0x00000000c0000000, 0x00000000c2b00000, 0x00000000eab00000)
  object space 44032K, 0% used [0x00000000c0000000,0x00000000c0000000,0x00000000c2b00000)
 Metaspace       used 10656K, capacity 10878K, committed 11008K, reserved 1058816K
  class space    used 1354K, capacity 1447K, committed 1536K, reserved 1048576K

Card table byte_map: [0x0000000011880000,0x0000000011a90000] byte_map_base: 0x0000000011280000

Marking Bits: (ParMarkBitMap*) 0x000000007511a6c0
 Begin Bits: [0x0000000011df0000, 0x0000000012df0000)
 End Bits:   [0x0000000012df0000, 0x0000000013df0000)

Polling page: 0x0000000000620000

CodeCache: size=245760Kb used=2410Kb max_used=2421Kb free=243349Kb
 bounds [0x00000000024c0000, 0x0000000002730000, 0x00000000114c0000]
 total_blobs=1068 nmethods=606 adapters=377
 compilation: enabled

Compilation events (10 events):
Event: 0.696 Thread 0x000000001499e000 nmethod 600 0x0000000002719190 code [0x0000000002719300, 0x0000000002719510]
Event: 0.696 Thread 0x000000001499e000  601       1       javax.swing.JLabel::getText (5 bytes)
Event: 0.696 Thread 0x000000001499e000 nmethod 601 0x00000000027195d0 code [0x0000000002719720, 0x0000000002719830]
Event: 0.697 Thread 0x000000001499e000  602       3       javax.swing.GroupLayout$Spring::unset (22 bytes)
Event: 0.697 Thread 0x000000001499e000 nmethod 602 0x0000000002719890 code [0x00000000027199e0, 0x0000000002719b50]
Event: 0.697 Thread 0x000000001499e000  603       3       sun.font.FontDesignMetrics::getLatinCharWidth (29 bytes)
Event: 0.698 Thread 0x000000001499e000 nmethod 603 0x0000000002719bd0 code [0x0000000002719d80, 0x000000000271a0c8]
Event: 0.698 Thread 0x000000001499e000  604       3       javax.swing.GroupLayout$ComponentSpring::isVisible (15 bytes)
Event: 0.698 Thread 0x000000001499e000 nmethod 604 0x000000000271a290 code [0x000000000271a400, 0x000000000271a6c8]
Event: 0.698 Thread 0x0000000014958000 nmethod 598 0x000000000271d750 code [0x000000000271d8c0, 0x000000000271dbd8]

GC Heap History (0 events):
No events

Deoptimization events (0 events):
No events

Internal exceptions (10 events):
Event: 0.128 Thread 0x00000000023c1800 Exception <a 'java/security/PrivilegedActionException'> (0x00000000eab939d8) thrown at [C:\re\workspace\8-2-build-windows-amd64-cygwin\jdk8u111\7883\hotspot\src\share\vm\prims\jvm.cpp, line 1386]
Event: 0.128 Thread 0x00000000023c1800 Exception <a 'java/security/PrivilegedActionException'> (0x00000000eab93be8) thrown at [C:\re\workspace\8-2-build-windows-amd64-cygwin\jdk8u111\7883\hotspot\src\share\vm\prims\jvm.cpp, line 1386]
Event: 0.190 Thread 0x00000000023c1800 Exception <a 'java/security/PrivilegedActionException'> (0x00000000ead03a00) thrown at [C:\re\workspace\8-2-build-windows-amd64-cygwin\jdk8u111\7883\hotspot\src\share\vm\prims\jvm.cpp, line 1386]
Event: 0.190 Thread 0x00000000023c1800 Exception <a 'java/security/PrivilegedActionException'> (0x00000000ead03c10) thrown at [C:\re\workspace\8-2-build-windows-amd64-cygwin\jdk8u111\7883\hotspot\src\share\vm\prims\jvm.cpp, line 1386]
Event: 0.190 Thread 0x00000000023c1800 Exception <a 'java/security/PrivilegedActionException'> (0x00000000ead07af8) thrown at [C:\re\workspace\8-2-build-windows-amd64-cygwin\jdk8u111\7883\hotspot\src\share\vm\prims\jvm.cpp, line 1386]
Event: 0.190 Thread 0x00000000023c1800 Exception <a 'java/security/PrivilegedActionException'> (0x00000000ead07d08) thrown at [C:\re\workspace\8-2-build-windows-amd64-cygwin\jdk8u111\7883\hotspot\src\share\vm\prims\jvm.cpp, line 1386]
Event: 0.195 Thread 0x00000000023c1800 Exception <a 'java/io/FileNotFoundException'> (0x00000000ead0a028) thrown at [C:\re\workspace\8-2-build-windows-amd64-cygwin\jdk8u111\7883\hotspot\src\share\vm\prims\jni.cpp, line 709]
Event: 0.242 Thread 0x00000000023c1800 Exception <a 'java/lang/NoSuchFieldError': method resolution failed> (0x00000000eadd7870) thrown at [C:\re\workspace\8-2-build-windows-amd64-cygwin\jdk8u111\7883\hotspot\src\share\vm\prims\methodHandles.cpp, line 1146]
Event: 0.251 Thread 0x00000000023c1800 Exception <a 'java/lang/NoSuchFieldError': method resolution failed> (0x00000000eade4c40) thrown at [C:\re\workspace\8-2-build-windows-amd64-cygwin\jdk8u111\7883\hotspot\src\share\vm\prims\methodHandles.cpp, line 1146]
Event: 0.322 Thread 0x000000001613c000 Exception <a 'java/io/FileNotFoundException'> (0x00000000eaf42be0) thrown at [C:\re\workspace\8-2-build-windows-amd64-cygwin\jdk8u111\7883\hotspot\src\share\vm\prims\jni.cpp, line 709]

Events (10 events):
Event: 0.670 loading class sun/font/CMap$CMapFormat4
Event: 0.670 loading class sun/font/CMap$CMapFormat4 done
Event: 0.670 loading class java/nio/ByteBufferAsCharBufferB
Event: 0.670 loading class java/nio/ByteBufferAsCharBufferB done
Event: 0.672 loading class sun/font/FontDesignMetrics$KeyReference
Event: 0.673 loading class sun/font/FontDesignMetrics$KeyReference done
Event: 0.673 loading class sun/font/SunFontManager$FamilyDescription
Event: 0.673 loading class sun/font/SunFontManager$FamilyDescription done
Event: 0.673 loading class sun/font/SunFontManager$5
Event: 0.673 loading class sun/font/SunFontManager$5 done


Dynamic libraries:
0x00007ff77d3d0000 - 0x00007ff77d407000 	C:\Program Files\Java\jdk1.8.0_111\bin\java.exe
0x00007ffdbda30000 - 0x00007ffdbdc1d000 	C:\Windows\SYSTEM32\ntdll.dll
0x00007ffdbb770000 - 0x00007ffdbb823000 	C:\Windows\System32\KERNEL32.DLL
0x00007ffdba590000 - 0x00007ffdba823000 	C:\Windows\System32\KERNELBASE.dll
0x00007ffdbcd20000 - 0x00007ffdbcdc3000 	C:\Windows\System32\ADVAPI32.dll
0x00007ffdbd410000 - 0x00007ffdbd4ae000 	C:\Windows\System32\msvcrt.dll
0x00007ffdbd0b0000 - 0x00007ffdbd14e000 	C:\Windows\System32\sechost.dll
0x00007ffdbadc0000 - 0x00007ffdbaee3000 	C:\Windows\System32\RPCRT4.dll
0x00007ffdbaef0000 - 0x00007ffdbb087000 	C:\Windows\System32\USER32.dll
0x00007ffdba830000 - 0x00007ffdba850000 	C:\Windows\System32\win32u.dll
0x00007ffdbb090000 - 0x00007ffdbb0b9000 	C:\Windows\System32\GDI32.dll
0x00007ffdb9b00000 - 0x00007ffdb9c9a000 	C:\Windows\System32\gdi32full.dll
0x00007ffdb9ca0000 - 0x00007ffdb9d40000 	C:\Windows\System32\msvcp_win.dll
0x00007ffdbaa30000 - 0x00007ffdbab2c000 	C:\Windows\System32\ucrtbase.dll
0x00007ffdb2910000 - 0x00007ffdb2b89000 	C:\Windows\WinSxS\amd64_microsoft.windows.common-controls_6595b64144ccf1df_6.0.17763.107_none_05b63884071e656e\COMCTL32.dll
0x00007ffdbd620000 - 0x00007ffdbd94e000 	C:\Windows\System32\combase.dll
0x00007ffdbabe0000 - 0x00007ffdbac5e000 	C:\Windows\System32\bcryptPrimitives.dll
0x00007ffdbd3e0000 - 0x00007ffdbd40e000 	C:\Windows\System32\IMM32.DLL
0x0000000074820000 - 0x00000000748f2000 	C:\Program Files\Java\jdk1.8.0_111\jre\bin\msvcr100.dll
0x0000000074900000 - 0x000000007519a000 	C:\Program Files\Java\jdk1.8.0_111\jre\bin\server\jvm.dll
0x00007ffdbcdd0000 - 0x00007ffdbcdd8000 	C:\Windows\System32\PSAPI.DLL
0x00007ffdb7bf0000 - 0x00007ffdb7bf9000 	C:\Windows\SYSTEM32\WSOCK32.dll
0x00007ffdb7790000 - 0x00007ffdb77b4000 	C:\Windows\SYSTEM32\WINMM.dll
0x00007ffdbb140000 - 0x00007ffdbb1ad000 	C:\Windows\System32\WS2_32.dll
0x00007ffdb2b90000 - 0x00007ffdb2b9a000 	C:\Windows\SYSTEM32\VERSION.dll
0x00007ffdb7760000 - 0x00007ffdb778d000 	C:\Windows\SYSTEM32\WINMMBASE.dll
0x00007ffdb9d40000 - 0x00007ffdb9d8a000 	C:\Windows\System32\cfgmgr32.dll
0x00000000747d0000 - 0x00000000747df000 	C:\Program Files\Java\jdk1.8.0_111\jre\bin\verify.dll
0x00000000747a0000 - 0x00000000747c9000 	C:\Program Files\Java\jdk1.8.0_111\jre\bin\java.dll
0x0000000074780000 - 0x0000000074796000 	C:\Program Files\Java\jdk1.8.0_111\jre\bin\zip.dll
0x00007ffdbb830000 - 0x00007ffdbcd1f000 	C:\Windows\System32\SHELL32.dll
0x00007ffdbd330000 - 0x00007ffdbd3d8000 	C:\Windows\System32\shcore.dll
0x00007ffdb9de0000 - 0x00007ffdba528000 	C:\Windows\System32\windows.storage.dll
0x00007ffdb9a50000 - 0x00007ffdb9a74000 	C:\Windows\System32\profapi.dll
0x00007ffdb9a80000 - 0x00007ffdb9add000 	C:\Windows\System32\powrprof.dll
0x00007ffdbd2d0000 - 0x00007ffdbd322000 	C:\Windows\System32\shlwapi.dll
0x00007ffdb9ae0000 - 0x00007ffdb9af1000 	C:\Windows\System32\kernel.appcore.dll
0x00007ffdb9dc0000 - 0x00007ffdb9dd7000 	C:\Windows\System32\cryptsp.dll
0x00000000745a0000 - 0x0000000074738000 	C:\Program Files\Java\jdk1.8.0_111\jre\bin\awt.dll
0x00007ffdbd150000 - 0x00007ffdbd21b000 	C:\Windows\System32\OLEAUT32.dll
0x00007ffdb7d20000 - 0x00007ffdb7dac000 	C:\Windows\SYSTEM32\apphelp.dll
0x00007ffdb8060000 - 0x00007ffdb80fc000 	C:\Windows\system32\uxtheme.dll
0x00007ffdbd4b0000 - 0x00007ffdbd61a000 	C:\Windows\System32\MSCTF.dll
0x00007ffdb83b0000 - 0x00007ffdb83de000 	C:\Windows\system32\dwmapi.dll
0x00007ffdba850000 - 0x00007ffdbaa2b000 	C:\Windows\System32\CRYPT32.dll
0x00007ffdb9a30000 - 0x00007ffdb9a42000 	C:\Windows\System32\MSASN1.dll
0x00007ffdbac60000 - 0x00007ffdbadb5000 	C:\Windows\System32\ole32.dll
0x00007ffd90a00000 - 0x00007ffd90b9e000 	C:\Windows\system32\d3d9.dll
0x00007ffd7dcf0000 - 0x00007ffd7eda6000 	C:\Windows\SYSTEM32\nvd3dumx.dll
0x0000000074550000 - 0x0000000074597000 	C:\Program Files\Java\jdk1.8.0_111\jre\bin\fontmanager.dll
0x0000000074760000 - 0x000000007477a000 	C:\Program Files\Java\jdk1.8.0_111\jre\bin\net.dll
0x00007ffdb92c0000 - 0x00007ffdb9327000 	C:\Windows\system32\mswsock.dll
0x0000000074740000 - 0x0000000074751000 	C:\Program Files\Java\jdk1.8.0_111\jre\bin\nio.dll
0x0000000074500000 - 0x0000000074542000 	C:\Program Files\Java\jdk1.8.0_111\jre\bin\t2k.dll
0x00007ffda56c0000 - 0x00007ffda58ad000 	C:\Windows\SYSTEM32\dbghelp.dll

VM Arguments:
jvm_args: -Dfile.encoding=UTF-8 
java_command: mobile_phone_shop.Mobile_Phone_Shop
java_class_path (initial): C:\Users\Samsung Pc\Documents\NetBeansProjects\Mobile_Phone_Shop\lib\swingx-2007_10_07.jar;C:\Users\Samsung Pc\Documents\NetBeansProjects\Mobile_Phone_Shop\lib\jcalendar-1.4.jar;C:\Users\Samsung Pc\Documents\NetBeansProjects\Mobile_Phone_Shop\lib\l2fprod-common-all.jar;C:\Users\Samsung Pc\Documents\NetBeansProjects\Mobile_Phone_Shop\lib\RojeruSan.lib.jar;C:\Users\Samsung Pc\Documents\NetBeansProjects\Mobile_Phone_Shop\lib\edisoncorSX.jar;C:\Users\Samsung Pc\Documents\NetBeansProjects\Mobile_Phone_Shop\lib\swingx-core-1.6.2.jar;C:\Users\Samsung Pc\Documents\NetBeansProjects\Mobile_Phone_Shop\lib\jcMousePanel.jar;C:\Users\Samsung Pc\Documents\NetBeansProjects\Mobile_Phone_Shop\lib\JCPanel.jar;C:\Users\Samsung Pc\Documents\NetBeansProjects\Mobile_Phone_Shop\lib\DateChooser.jar;C:\Users\Samsung Pc\Documents\NetBeansProjects\Mobile_Phone_Shop\lib\mysql-connector-java-5.0.7-bin.jar;C:\Users\Samsung Pc\Documents\NetBeansProjects\Mobile_Phone_Shop\build\classes
Launcher Type: SUN_STANDARD

Environment Variables:
PATH=C:\ProgramData\Oracle\Java\javapath;C:\Windows\system32;C:\Windows;C:\Windows\System32\Wbem;C:\Windows\System32\WindowsPowerShell\v1.0\;C:\Windows\System32\OpenSSH\;C:\Program Files (x86)\MySQL\MySQL Server 5.1\bin;C:\Program Files\Java\jdk1.8.0_111\bin;C:\Program Files\Java\jre1.8.0_111\bin;C:\Program Files (x86)\Java\jdk1.7.0\bin;C:\Program Files (x86)\Java\jre7\bin;C:\Program Files (x86)\Brackets\command;C:\Users\Samsung Pc\AppData\Local\Microsoft\WindowsApps;
USERNAME=Samsung Pc
OS=Windows_NT
PROCESSOR_IDENTIFIER=Intel64 Family 6 Model 23 Stepping 10, GenuineIntel



---------------  S Y S T E M  ---------------

OS: Windows 10.0 , 64 bit Build 17763 (10.0.17763.1)

CPU:total 2 (2 cores per cpu, 1 threads per core) family 6 model 23 stepping 10, cmov, cx8, fxsr, mmx, sse, sse2, sse3, ssse3, sse4.1, tsc

Memory: 4k page, physical 4192748k(841124k free), swap 7204192k(1866016k free)

vm_info: Java HotSpot(TM) 64-Bit Server VM (25.111-b14) for windows-amd64 JRE (1.8.0_111-b14), built on Sep 22 2016 19:24:05 by "java_re" with MS VC++ 10.0 (VS2010)

time: Wed Mar 06 05:34:42 2019
elapsed time: 0 seconds (0d 0h 0m 0s)

