#
# A fatal error has been detected by the Java Runtime Environment:
#
#  EXCEPTION_ACCESS_VIOLATION (0xc0000005) at pc=0xffffffffa42a5120, pid=6288, tid=0x0000000000003b1c
#
# JRE version: Java(TM) SE Runtime Environment (8.0_111-b14) (build 1.8.0_111-b14)
# Java VM: Java HotSpot(TM) 64-Bit Server VM (25.111-b14 mixed mode windows-amd64 compressed oops)
# Problematic frame:
# C  0xffffffffa42a5120
#
# Failed to write core dump. Minidumps are not enabled by default on client versions of Windows
#
# If you would like to submit a bug report, please visit:
#   http://bugreport.java.com/bugreport/crash.jsp
#

---------------  T H R E A D  ---------------

Current thread (0x0000000016f3a800):  JavaThread "AWT-EventQueue-0" [_thread_in_Java, id=15132, stack(0x0000000017500000,0x0000000017600000)]

siginfo: ExceptionCode=0xc0000005, ExceptionInformation=0x0000000000000008 0xffffffffa42a5120

Registers:
RAX=0x0000000014f19af8, RBX=0x0000000014f19af8, RCX=0x00000000eb4147f0, RDX=0x00000000eb4147f0
RSP=0x00000000175f9ac8, RBP=0x00000000175f9b28, RSI=0x00000000000001dd, RDI=0x0000000000000108
R8 =0x0000000000001820, R9 =0x0000000016d69390, R10=0x000000007511c0c0, R11=0x00000000034ec640
R12=0x0000000000000000, R13=0x00000000175f9ad8, R14=0x0000000000000000, R15=0x0000000016f3a800
RIP=0xffffffffa42a5120, EFLAGS=0x0000000000010202

Top of Stack: (sp=0x00000000175f9ac8)
0x00000000175f9ac8:   00000000032a77a0 00000000032a77a0
0x00000000175f9ad8:   0000000000001820 00000000eb4147f0
0x00000000175f9ae8:   00000000175f9ae8 0000000014f1d54a
0x00000000175f9af8:   00000000175f9b40 0000000014f22110
0x00000000175f9b08:   0000000000000000 0000000014f1d560
0x00000000175f9b18:   00000000175f9ad8 00000000175f9b38
0x00000000175f9b28:   00000000175f9b88 00000000032a7940
0x00000000175f9b38:   0000000000001820 00000000eb4147f0
0x00000000175f9b48:   00000000175f9b48 0000000019b68bb4
0x00000000175f9b58:   00000000175f9b98 0000000019b694b8
0x00000000175f9b68:   0000000000000000 0000000019b68bc0
0x00000000175f9b78:   00000000175f9b38 00000000175f9b98
0x00000000175f9b88:   00000000175f9bf0 00000000032a7940
0x00000000175f9b98:   00000000eb417108 0000000000000090
0x00000000175f9ba8:   00000000eb4173f0 00000000175f9bb0
0x00000000175f9bb8:   0000000019b67b87 00000000175f9c48 

Instructions: (pc=0xffffffffa42a5120)
0xffffffffa42a5100:   
[error occurred during error reporting (printing registers, top of stack, instructions near pc), id 0xc0000005]

Register to memory mapping:

RAX={method} {0x0000000014f19b00} '_get' '(I)B' in 'java/nio/HeapByteBuffer'
RBX={method} {0x0000000014f19b00} '_get' '(I)B' in 'java/nio/HeapByteBuffer'
RCX=0x00000000eb4147f0 is an oop
java.nio.HeapByteBuffer 
 - klass: 'java/nio/HeapByteBuffer'
RDX=0x00000000eb4147f0 is an oop
java.nio.HeapByteBuffer 
 - klass: 'java/nio/HeapByteBuffer'
RSP=0x00000000175f9ac8 is pointing into the stack for thread: 0x0000000016f3a800
RBP=0x00000000175f9b28 is pointing into the stack for thread: 0x0000000016f3a800
RSI=0x00000000000001dd is an unknown value
RDI=0x0000000000000108 is an unknown value
R8 =0x0000000000001820 is an unknown value
R9 =0x0000000016d69390 is an unknown value
R10=0x000000007511c0c0 is an unknown value
R11=0x00000000034ec640 is at entry_point+32 in (nmethod*)0x00000000034ec4d0
R12=0x0000000000000000 is an unknown value
R13=0x00000000175f9ad8 is pointing into the stack for thread: 0x0000000016f3a800
R14=0x0000000000000000 is an unknown value
R15=0x0000000016f3a800 is a thread


Stack: [0x0000000017500000,0x0000000017600000],  sp=0x00000000175f9ac8,  free space=998k
Native frames: (J=compiled Java code, j=interpreted, Vv=VM code, C=native code)
C  0xffffffffa42a5120


---------------  P R O C E S S  ---------------

Java Threads: ( => current thread )
  0x00000000191ea800 JavaThread "TimerQueue" daemon [_thread_blocked, id=12964, stack(0x0000000019ef0000,0x0000000019ff0000)]
  0x0000000016f8a000 JavaThread "Image Fetcher 3" daemon [_thread_blocked, id=10716, stack(0x0000000019df0000,0x0000000019ef0000)]
  0x000000001916a800 JavaThread "Image Fetcher 2" daemon [_thread_blocked, id=13872, stack(0x0000000019cf0000,0x0000000019df0000)]
  0x0000000019160000 JavaThread "Image Fetcher 1" daemon [_thread_blocked, id=13244, stack(0x0000000019bf0000,0x0000000019cf0000)]
  0x0000000019149000 JavaThread "Image Fetcher 0" daemon [_thread_blocked, id=2352, stack(0x00000000198f0000,0x00000000199f0000)]
  0x00000000031a0800 JavaThread "DestroyJavaVM" [_thread_blocked, id=6064, stack(0x0000000002e60000,0x0000000002f60000)]
=>0x0000000016f3a800 JavaThread "AWT-EventQueue-0" [_thread_in_Java, id=15132, stack(0x0000000017500000,0x0000000017600000)]
  0x0000000016f39000 JavaThread "AWT-Windows" daemon [_thread_in_native, id=7356, stack(0x00000000172d0000,0x00000000173d0000)]
  0x0000000016f34000 JavaThread "AWT-Shutdown" [_thread_blocked, id=14396, stack(0x00000000171d0000,0x00000000172d0000)]
  0x0000000016f2b000 JavaThread "Java2D Disposer" daemon [_thread_blocked, id=9552, stack(0x00000000170d0000,0x00000000171d0000)]
  0x000000001578a800 JavaThread "Service Thread" daemon [_thread_blocked, id=9856, stack(0x0000000016990000,0x0000000016a90000)]
  0x0000000015784000 JavaThread "C1 CompilerThread1" daemon [_thread_blocked, id=15264, stack(0x0000000016890000,0x0000000016990000)]
  0x000000001572a000 JavaThread "C2 CompilerThread0" daemon [_thread_blocked, id=13280, stack(0x0000000016790000,0x0000000016890000)]
  0x0000000015728800 JavaThread "Attach Listener" daemon [_thread_blocked, id=11744, stack(0x0000000016690000,0x0000000016790000)]
  0x0000000015725800 JavaThread "Signal Dispatcher" daemon [_thread_blocked, id=14516, stack(0x0000000016590000,0x0000000016690000)]
  0x0000000015718800 JavaThread "Finalizer" daemon [_thread_blocked, id=8976, stack(0x0000000016390000,0x0000000016490000)]
  0x000000000328d000 JavaThread "Reference Handler" daemon [_thread_blocked, id=13324, stack(0x0000000016290000,0x0000000016390000)]

Other Threads:
  0x00000000156f5800 VMThread [stack: 0x0000000016190000,0x0000000016290000] [id=4044]
  0x000000001578f000 WatcherThread [stack: 0x0000000016a90000,0x0000000016b90000] [id=7432]

VM state:not at safepoint (normal execution)

VM Mutex/Monitor currently owned by a thread: None

Heap:
 PSYoungGen      total 18944K, used 9546K [0x00000000eab00000, 0x00000000ec000000, 0x0000000100000000)
  eden space 16384K, 58% used [0x00000000eab00000,0x00000000eb452aa0,0x00000000ebb00000)
  from space 2560K, 0% used [0x00000000ebd80000,0x00000000ebd80000,0x00000000ec000000)
  to   space 2560K, 0% used [0x00000000ebb00000,0x00000000ebb00000,0x00000000ebd80000)
 ParOldGen       total 44032K, used 0K [0x00000000c0000000, 0x00000000c2b00000, 0x00000000eab00000)
  object space 44032K, 0% used [0x00000000c0000000,0x00000000c0000000,0x00000000c2b00000)
 Metaspace       used 10986K, capacity 11182K, committed 11264K, reserved 1058816K
  class space    used 1410K, capacity 1507K, committed 1536K, reserved 1048576K

Card table byte_map: [0x0000000012660000,0x0000000012870000] byte_map_base: 0x0000000012060000

Marking Bits: (ParMarkBitMap*) 0x000000007513a6c0
 Begin Bits: [0x0000000012bd0000, 0x0000000013bd0000)
 End Bits:   [0x0000000013bd0000, 0x0000000014bd0000)

Polling page: 0x0000000001440000

CodeCache: size=245760Kb used=2369Kb max_used=2369Kb free=243390Kb
 bounds [0x00000000032a0000, 0x0000000003510000, 0x00000000122a0000]
 total_blobs=1033 nmethods=570 adapters=378
 compilation: enabled

Compilation events (10 events):
Event: 0.949 Thread 0x0000000015784000 nmethod 563 0x00000000034ed010 code [0x00000000034ed1c0, 0x00000000034ed7a8]
Event: 0.949 Thread 0x0000000015784000  564       3       java.nio.ByteBufferAsShortBufferB::ix (9 bytes)
Event: 0.949 Thread 0x0000000015784000 nmethod 564 0x00000000034e7d10 code [0x00000000034e7e60, 0x00000000034e7fb0]
Event: 0.949 Thread 0x0000000015784000  561       3       java.nio.Bits::getShortB (16 bytes)
Event: 0.949 Thread 0x0000000015784000 nmethod 561 0x00000000034eda10 code [0x00000000034edb80, 0x00000000034eded8]
Event: 0.949 Thread 0x0000000015784000  562       3       java.nio.Bits::makeShort (12 bytes)
Event: 0.949 Thread 0x0000000015784000 nmethod 562 0x00000000034edfd0 code [0x00000000034ee120, 0x00000000034ee270]
Event: 0.952 Thread 0x0000000015784000  566       1       java.nio.HeapByteBuffer::_get (7 bytes)
Event: 0.952 Thread 0x0000000015784000 nmethod 566 0x00000000034ef250 code [0x00000000034ef3a0, 0x00000000034ef4d0]
Event: 0.952 Thread 0x0000000015784000  569       3       java.nio.ByteBufferAsCharBufferB::get (16 bytes)

GC Heap History (0 events):
No events

Deoptimization events (0 events):
No events

Internal exceptions (10 events):
Event: 0.180 Thread 0x00000000031a0800 Exception <a 'java/security/PrivilegedActionException'> (0x00000000eab93718) thrown at [C:\re\workspace\8-2-build-windows-amd64-cygwin\jdk8u111\7883\hotspot\src\share\vm\prims\jvm.cpp, line 1386]
Event: 0.180 Thread 0x00000000031a0800 Exception <a 'java/security/PrivilegedActionException'> (0x00000000eab93928) thrown at [C:\re\workspace\8-2-build-windows-amd64-cygwin\jdk8u111\7883\hotspot\src\share\vm\prims\jvm.cpp, line 1386]
Event: 0.242 Thread 0x00000000031a0800 Exception <a 'java/security/PrivilegedActionException'> (0x00000000ead073d0) thrown at [C:\re\workspace\8-2-build-windows-amd64-cygwin\jdk8u111\7883\hotspot\src\share\vm\prims\jvm.cpp, line 1386]
Event: 0.242 Thread 0x00000000031a0800 Exception <a 'java/security/PrivilegedActionException'> (0x00000000ead075e0) thrown at [C:\re\workspace\8-2-build-windows-amd64-cygwin\jdk8u111\7883\hotspot\src\share\vm\prims\jvm.cpp, line 1386]
Event: 0.242 Thread 0x00000000031a0800 Exception <a 'java/security/PrivilegedActionException'> (0x00000000ead0b4c8) thrown at [C:\re\workspace\8-2-build-windows-amd64-cygwin\jdk8u111\7883\hotspot\src\share\vm\prims\jvm.cpp, line 1386]
Event: 0.242 Thread 0x00000000031a0800 Exception <a 'java/security/PrivilegedActionException'> (0x00000000ead0b6d8) thrown at [C:\re\workspace\8-2-build-windows-amd64-cygwin\jdk8u111\7883\hotspot\src\share\vm\prims\jvm.cpp, line 1386]
Event: 0.247 Thread 0x00000000031a0800 Exception <a 'java/io/FileNotFoundException'> (0x00000000ead0d9f8) thrown at [C:\re\workspace\8-2-build-windows-amd64-cygwin\jdk8u111\7883\hotspot\src\share\vm\prims\jni.cpp, line 709]
Event: 0.313 Thread 0x00000000031a0800 Exception <a 'java/lang/NoSuchFieldError': method resolution failed> (0x00000000eaddb0e8) thrown at [C:\re\workspace\8-2-build-windows-amd64-cygwin\jdk8u111\7883\hotspot\src\share\vm\prims\methodHandles.cpp, line 1146]
Event: 0.321 Thread 0x00000000031a0800 Exception <a 'java/lang/NoSuchFieldError': method resolution failed> (0x00000000eade8568) thrown at [C:\re\workspace\8-2-build-windows-amd64-cygwin\jdk8u111\7883\hotspot\src\share\vm\prims\methodHandles.cpp, line 1146]
Event: 0.387 Thread 0x0000000016f3a800 Exception <a 'java/io/FileNotFoundException'> (0x00000000eaf44170) thrown at [C:\re\workspace\8-2-build-windows-amd64-cygwin\jdk8u111\7883\hotspot\src\share\vm\prims\jni.cpp, line 709]

Events (10 events):
Event: 0.951 loading class sun/font/TrueTypeGlyphMapper
Event: 0.951 loading class sun/font/TrueTypeGlyphMapper done
Event: 0.951 loading class sun/font/CMap
Event: 0.951 loading class sun/font/CMap done
Event: 0.951 loading class sun/font/CMap$NullCMapClass
Event: 0.951 loading class sun/font/CMap$NullCMapClass done
Event: 0.952 loading class sun/font/CMap$CMapFormat4
Event: 0.952 loading class sun/font/CMap$CMapFormat4 done
Event: 0.952 loading class java/nio/ByteBufferAsCharBufferB
Event: 0.952 loading class java/nio/ByteBufferAsCharBufferB done


Dynamic libraries:
0x00007ff60cfe0000 - 0x00007ff60d017000 	C:\Program Files\Java\jdk1.8.0_111\bin\java.exe
0x00007ffdbda30000 - 0x00007ffdbdc1d000 	C:\Windows\SYSTEM32\ntdll.dll
0x00007ffdbb770000 - 0x00007ffdbb823000 	C:\Windows\System32\KERNEL32.DLL
0x00007ffdba590000 - 0x00007ffdba823000 	C:\Windows\System32\KERNELBASE.dll
0x00007ffdbcd20000 - 0x00007ffdbcdc3000 	C:\Windows\System32\ADVAPI32.dll
0x00007ffdbd410000 - 0x00007ffdbd4ae000 	C:\Windows\System32\msvcrt.dll
0x00007ffdbd0b0000 - 0x00007ffdbd14e000 	C:\Windows\System32\sechost.dll
0x00007ffdbadc0000 - 0x00007ffdbaee3000 	C:\Windows\System32\RPCRT4.dll
0x00007ffdbaef0000 - 0x00007ffdbb087000 	C:\Windows\System32\USER32.dll
0x00007ffdba830000 - 0x00007ffdba850000 	C:\Windows\System32\win32u.dll
0x00007ffdbb090000 - 0x00007ffdbb0b9000 	C:\Windows\System32\GDI32.dll
0x00007ffdb9b00000 - 0x00007ffdb9c9a000 	C:\Windows\System32\gdi32full.dll
0x00007ffdb9ca0000 - 0x00007ffdb9d40000 	C:\Windows\System32\msvcp_win.dll
0x00007ffdbaa30000 - 0x00007ffdbab2c000 	C:\Windows\System32\ucrtbase.dll
0x00007ffdb2910000 - 0x00007ffdb2b89000 	C:\Windows\WinSxS\amd64_microsoft.windows.common-controls_6595b64144ccf1df_6.0.17763.107_none_05b63884071e656e\COMCTL32.dll
0x00007ffdbd620000 - 0x00007ffdbd94e000 	C:\Windows\System32\combase.dll
0x00007ffdbabe0000 - 0x00007ffdbac5e000 	C:\Windows\System32\bcryptPrimitives.dll
0x00007ffdbd3e0000 - 0x00007ffdbd40e000 	C:\Windows\System32\IMM32.DLL
0x0000000074840000 - 0x0000000074912000 	C:\Program Files\Java\jdk1.8.0_111\jre\bin\msvcr100.dll
0x0000000074920000 - 0x00000000751ba000 	C:\Program Files\Java\jdk1.8.0_111\jre\bin\server\jvm.dll
0x00007ffdbcdd0000 - 0x00007ffdbcdd8000 	C:\Windows\System32\PSAPI.DLL
0x00007ffdb25f0000 - 0x00007ffdb25f9000 	C:\Windows\SYSTEM32\WSOCK32.dll
0x00007ffdbb140000 - 0x00007ffdbb1ad000 	C:\Windows\System32\WS2_32.dll
0x00007ffdb7790000 - 0x00007ffdb77b4000 	C:\Windows\SYSTEM32\WINMM.dll
0x00007ffdb2b90000 - 0x00007ffdb2b9a000 	C:\Windows\SYSTEM32\VERSION.dll
0x00007ffdb7760000 - 0x00007ffdb778d000 	C:\Windows\SYSTEM32\WINMMBASE.dll
0x00007ffdb9d40000 - 0x00007ffdb9d8a000 	C:\Windows\System32\cfgmgr32.dll
0x00000000747f0000 - 0x00000000747ff000 	C:\Program Files\Java\jdk1.8.0_111\jre\bin\verify.dll
0x00000000747c0000 - 0x00000000747e9000 	C:\Program Files\Java\jdk1.8.0_111\jre\bin\java.dll
0x00000000747a0000 - 0x00000000747b6000 	C:\Program Files\Java\jdk1.8.0_111\jre\bin\zip.dll
0x00007ffdbb830000 - 0x00007ffdbcd1f000 	C:\Windows\System32\SHELL32.dll
0x00007ffdbd330000 - 0x00007ffdbd3d8000 	C:\Windows\System32\shcore.dll
0x00007ffdb9de0000 - 0x00007ffdba528000 	C:\Windows\System32\windows.storage.dll
0x00007ffdb9a50000 - 0x00007ffdb9a74000 	C:\Windows\System32\profapi.dll
0x00007ffdb9a80000 - 0x00007ffdb9add000 	C:\Windows\System32\powrprof.dll
0x00007ffdbd2d0000 - 0x00007ffdbd322000 	C:\Windows\System32\shlwapi.dll
0x00007ffdb9ae0000 - 0x00007ffdb9af1000 	C:\Windows\System32\kernel.appcore.dll
0x00007ffdb9dc0000 - 0x00007ffdb9dd7000 	C:\Windows\System32\cryptsp.dll
0x00000000745c0000 - 0x0000000074758000 	C:\Program Files\Java\jdk1.8.0_111\jre\bin\awt.dll
0x00007ffdbd150000 - 0x00007ffdbd21b000 	C:\Windows\System32\OLEAUT32.dll
0x00007ffdb7d20000 - 0x00007ffdb7dac000 	C:\Windows\SYSTEM32\apphelp.dll
0x00007ffdb8060000 - 0x00007ffdb80fc000 	C:\Windows\system32\uxtheme.dll
0x00007ffdbd4b0000 - 0x00007ffdbd61a000 	C:\Windows\System32\MSCTF.dll
0x00007ffdb83b0000 - 0x00007ffdb83de000 	C:\Windows\system32\dwmapi.dll
0x00007ffdba850000 - 0x00007ffdbaa2b000 	C:\Windows\System32\CRYPT32.dll
0x00007ffdb9a30000 - 0x00007ffdb9a42000 	C:\Windows\System32\MSASN1.dll
0x00007ffdbac60000 - 0x00007ffdbadb5000 	C:\Windows\System32\ole32.dll
0x00007ffd845c0000 - 0x00007ffd8475e000 	C:\Windows\system32\d3d9.dll
0x00007ffd89510000 - 0x00007ffd8a5c6000 	C:\Windows\SYSTEM32\nvd3dumx.dll
0x0000000074570000 - 0x00000000745b7000 	C:\Program Files\Java\jdk1.8.0_111\jre\bin\fontmanager.dll
0x0000000074780000 - 0x000000007479a000 	C:\Program Files\Java\jdk1.8.0_111\jre\bin\net.dll
0x00007ffdb92c0000 - 0x00007ffdb9327000 	C:\Windows\system32\mswsock.dll
0x0000000074760000 - 0x0000000074771000 	C:\Program Files\Java\jdk1.8.0_111\jre\bin\nio.dll
0x0000000074520000 - 0x0000000074562000 	C:\Program Files\Java\jdk1.8.0_111\jre\bin\t2k.dll
0x00007ffda56c0000 - 0x00007ffda58ad000 	C:\Windows\SYSTEM32\dbghelp.dll

VM Arguments:
jvm_args: -Dfile.encoding=UTF-8 
java_command: mobile_phone_shop.Mobile_Phone_Shop
java_class_path (initial): C:\Users\Samsung Pc\Documents\NetBeansProjects\Mobile_Phone_Shop\lib\swingx-2007_10_07.jar;C:\Users\Samsung Pc\Documents\NetBeansProjects\Mobile_Phone_Shop\lib\jcalendar-1.4.jar;C:\Users\Samsung Pc\Documents\NetBeansProjects\Mobile_Phone_Shop\lib\l2fprod-common-all.jar;C:\Users\Samsung Pc\Documents\NetBeansProjects\Mobile_Phone_Shop\lib\RojeruSan.lib.jar;C:\Users\Samsung Pc\Documents\NetBeansProjects\Mobile_Phone_Shop\lib\edisoncorSX.jar;C:\Users\Samsung Pc\Documents\NetBeansProjects\Mobile_Phone_Shop\lib\swingx-core-1.6.2.jar;C:\Users\Samsung Pc\Documents\NetBeansProjects\Mobile_Phone_Shop\lib\jcMousePanel.jar;C:\Users\Samsung Pc\Documents\NetBeansProjects\Mobile_Phone_Shop\lib\JCPanel.jar;C:\Users\Samsung Pc\Documents\NetBeansProjects\Mobile_Phone_Shop\lib\DateChooser.jar;C:\Users\Samsung Pc\Documents\NetBeansProjects\Mobile_Phone_Shop\lib\mysql-connector-java-5.0.7-bin.jar;C:\Users\Samsung Pc\Documents\NetBeansProjects\Mobile_Phone_Shop\build\classes
Launcher Type: SUN_STANDARD

Environment Variables:
PATH=C:\ProgramData\Oracle\Java\javapath;C:\Windows\system32;C:\Windows;C:\Windows\System32\Wbem;C:\Windows\System32\WindowsPowerShell\v1.0\;C:\Windows\System32\OpenSSH\;C:\Program Files (x86)\MySQL\MySQL Server 5.1\bin;C:\Program Files\Java\jdk1.8.0_111\bin;C:\Program Files\Java\jre1.8.0_111\bin;C:\Program Files (x86)\Java\jdk1.7.0\bin;C:\Program Files (x86)\Java\jre7\bin;C:\Program Files (x86)\Brackets\command;C:\Users\Samsung Pc\AppData\Local\Microsoft\WindowsApps;
USERNAME=Samsung Pc
OS=Windows_NT
PROCESSOR_IDENTIFIER=Intel64 Family 6 Model 23 Stepping 10, GenuineIntel



---------------  S Y S T E M  ---------------

OS: Windows 10.0 , 64 bit Build 17763 (10.0.17763.1)

CPU:total 2 (2 cores per cpu, 1 threads per core) family 6 model 23 stepping 10, cmov, cx8, fxsr, mmx, sse, sse2, sse3, ssse3, sse4.1, tsc

Memory: 4k page, physical 4192748k(1344864k free), swap 7204192k(3510492k free)

vm_info: Java HotSpot(TM) 64-Bit Server VM (25.111-b14) for windows-amd64 JRE (1.8.0_111-b14), built on Sep 22 2016 19:24:05 by "java_re" with MS VC++ 10.0 (VS2010)

time: Wed Mar 06 15:18:50 2019
elapsed time: 0 seconds (0d 0h 0m 0s)

