#
# A fatal error has been detected by the Java Runtime Environment:
#
#  EXCEPTION_ACCESS_VIOLATION (0xc0000005) at pc=0xffffffffa37e5120, pid=11292, tid=0x000000000000240c
#
# JRE version: Java(TM) SE Runtime Environment (8.0_111-b14) (build 1.8.0_111-b14)
# Java VM: Java HotSpot(TM) 64-Bit Server VM (25.111-b14 mixed mode windows-amd64 compressed oops)
# Problematic frame:
# C  0xffffffffa37e5120
#
# Failed to write core dump. Minidumps are not enabled by default on client versions of Windows
#
# If you would like to submit a bug report, please visit:
#   http://bugreport.java.com/bugreport/crash.jsp
#

---------------  T H R E A D  ---------------

Current thread (0x000000001649b000):  JavaThread "AWT-EventQueue-0" [_thread_in_Java, id=9228, stack(0x00000000169c0000,0x0000000016ac0000)]

siginfo: ExceptionCode=0xc0000005, ExceptionInformation=0x0000000000000008 0xffffffffa37e5120

Registers:
RAX=0x0000000014459af8, RBX=0x0000000014459af8, RCX=0x00000000eb144868, RDX=0x00000000eb144868
RSP=0x0000000016aba9b8, RBP=0x0000000016abaa18, RSI=0x00000000000001d9, RDI=0x0000000000000108
R8 =0x0000000000001818, R9 =0x0000000016499180, R10=0x00000000750fc0c0, R11=0x00000000029e1240
R12=0x0000000000000000, R13=0x0000000016aba9c8, R14=0x0000000000000000, R15=0x000000001649b000
RIP=0xffffffffa37e5120, EFLAGS=0x0000000000010206

Top of Stack: (sp=0x0000000016aba9b8)
0x0000000016aba9b8:   00000000027e77a0 00000000027e77a0
0x0000000016aba9c8:   0000000000001818 00000000eb144868
0x0000000016aba9d8:   0000000016aba9d8 000000001445d54a
0x0000000016aba9e8:   0000000016abaa30 0000000014462110
0x0000000016aba9f8:   0000000000000000 000000001445d560
0x0000000016abaa08:   0000000016aba9c8 0000000016abaa28
0x0000000016abaa18:   0000000016abaa78 00000000027e7940
0x0000000016abaa28:   0000000000001818 00000000eb144868
0x0000000016abaa38:   0000000016abaa38 0000000019172f4c
0x0000000016abaa48:   0000000016abaa88 0000000019173850
0x0000000016abaa58:   0000000000000000 0000000019172f58
0x0000000016abaa68:   0000000016abaa28 0000000016abaa88
0x0000000016abaa78:   0000000016abaae0 00000000027e7940
0x0000000016abaa88:   00000000eb147180 000000000000008c
0x0000000016abaa98:   00000000eb147468 0000000016abaaa0
0x0000000016abaaa8:   0000000019171f1f 0000000016abab38 

Instructions: (pc=0xffffffffa37e5120)
0xffffffffa37e5100:   
[error occurred during error reporting (printing registers, top of stack, instructions near pc), id 0xc0000005]

Register to memory mapping:

RAX={method} {0x0000000014459b00} '_get' '(I)B' in 'java/nio/HeapByteBuffer'
RBX={method} {0x0000000014459b00} '_get' '(I)B' in 'java/nio/HeapByteBuffer'
RCX=0x00000000eb144868 is an oop
java.nio.HeapByteBuffer 
 - klass: 'java/nio/HeapByteBuffer'
RDX=0x00000000eb144868 is an oop
java.nio.HeapByteBuffer 
 - klass: 'java/nio/HeapByteBuffer'
RSP=0x0000000016aba9b8 is pointing into the stack for thread: 0x000000001649b000
RBP=0x0000000016abaa18 is pointing into the stack for thread: 0x000000001649b000
RSI=0x00000000000001d9 is an unknown value
RDI=0x0000000000000108 is an unknown value
R8 =0x0000000000001818 is an unknown value
R9 =0x0000000016499180 is an unknown value
R10=0x00000000750fc0c0 is an unknown value
R11=0x00000000029e1240 is at entry_point+32 in (nmethod*)0x00000000029e10d0
R12=0x0000000000000000 is an unknown value
R13=0x0000000016aba9c8 is pointing into the stack for thread: 0x000000001649b000
R14=0x0000000000000000 is an unknown value
R15=0x000000001649b000 is a thread


Stack: [0x00000000169c0000,0x0000000016ac0000],  sp=0x0000000016aba9b8,  free space=1002k
Native frames: (J=compiled Java code, j=interpreted, Vv=VM code, C=native code)
C  0xffffffffa37e5120


---------------  P R O C E S S  ---------------

Java Threads: ( => current thread )
  0x0000000016c67800 JavaThread "Image Fetcher 1" daemon [_thread_blocked, id=5176, stack(0x0000000018fc0000,0x00000000190c0000)]
  0x0000000016c49800 JavaThread "Image Fetcher 0" daemon [_thread_blocked, id=256, stack(0x0000000018ec0000,0x0000000018fc0000)]
  0x00000000026e0800 JavaThread "DestroyJavaVM" [_thread_blocked, id=8468, stack(0x0000000002420000,0x0000000002520000)]
=>0x000000001649b000 JavaThread "AWT-EventQueue-0" [_thread_in_Java, id=9228, stack(0x00000000169c0000,0x0000000016ac0000)]
  0x0000000016497000 JavaThread "AWT-Windows" daemon [_thread_in_native, id=8700, stack(0x00000000167e0000,0x00000000168e0000)]
  0x0000000016494000 JavaThread "AWT-Shutdown" [_thread_blocked, id=8900, stack(0x00000000166e0000,0x00000000167e0000)]
  0x0000000016493000 JavaThread "Java2D Disposer" daemon [_thread_blocked, id=3880, stack(0x00000000165e0000,0x00000000166e0000)]
  0x0000000014ccb800 JavaThread "Service Thread" daemon [_thread_blocked, id=5000, stack(0x0000000015ea0000,0x0000000015fa0000)]
  0x0000000014cc5000 JavaThread "C1 CompilerThread1" daemon [_thread_blocked, id=10652, stack(0x0000000015da0000,0x0000000015ea0000)]
  0x0000000014c6b000 JavaThread "C2 CompilerThread0" daemon [_thread_blocked, id=8928, stack(0x0000000015ca0000,0x0000000015da0000)]
  0x0000000014c69800 JavaThread "Attach Listener" daemon [_thread_blocked, id=11928, stack(0x0000000015ba0000,0x0000000015ca0000)]
  0x0000000014c67000 JavaThread "Signal Dispatcher" daemon [_thread_blocked, id=8564, stack(0x0000000015aa0000,0x0000000015ba0000)]
  0x0000000014c58800 JavaThread "Finalizer" daemon [_thread_blocked, id=10448, stack(0x00000000158a0000,0x00000000159a0000)]
  0x00000000027cd000 JavaThread "Reference Handler" daemon [_thread_blocked, id=10508, stack(0x00000000157a0000,0x00000000158a0000)]

Other Threads:
  0x0000000014c36800 VMThread [stack: 0x00000000156a0000,0x00000000157a0000] [id=3420]
  0x0000000014ccf800 WatcherThread [stack: 0x0000000015fa0000,0x00000000160a0000] [id=9340]

VM state:not at safepoint (normal execution)

VM Mutex/Monitor currently owned by a thread: None

Heap:
 PSYoungGen      total 18944K, used 6561K [0x00000000eab00000, 0x00000000ec000000, 0x0000000100000000)
  eden space 16384K, 40% used [0x00000000eab00000,0x00000000eb168658,0x00000000ebb00000)
  from space 2560K, 0% used [0x00000000ebd80000,0x00000000ebd80000,0x00000000ec000000)
  to   space 2560K, 0% used [0x00000000ebb00000,0x00000000ebb00000,0x00000000ebd80000)
 ParOldGen       total 44032K, used 0K [0x00000000c0000000, 0x00000000c2b00000, 0x00000000eab00000)
  object space 44032K, 0% used [0x00000000c0000000,0x00000000c0000000,0x00000000c2b00000)
 Metaspace       used 10026K, capacity 10234K, committed 10368K, reserved 1058816K
  class space    used 1215K, capacity 1313K, committed 1408K, reserved 1048576K

Card table byte_map: [0x0000000011ba0000,0x0000000011db0000] byte_map_base: 0x00000000115a0000

Marking Bits: (ParMarkBitMap*) 0x000000007511a6c0
 Begin Bits: [0x0000000012110000, 0x0000000013110000)
 End Bits:   [0x0000000013110000, 0x0000000014110000)

Polling page: 0x00000000005d0000

CodeCache: size=245760Kb used=2065Kb max_used=2065Kb free=243694Kb
 bounds [0x00000000027e0000, 0x0000000002a50000, 0x00000000117e0000]
 total_blobs=906 nmethods=456 adapters=365
 compilation: enabled

Compilation events (10 events):
Event: 0.872 Thread 0x0000000014cc5000  448       3       java.nio.HeapByteBuffer::_get (7 bytes)
Event: 0.872 Thread 0x0000000014cc5000 nmethod 448 0x00000000029e10d0 code [0x00000000029e1220, 0x00000000029e13b0]
Event: 0.872 Thread 0x0000000014cc5000  449       3       java.nio.Buffer::nextGetIndex (31 bytes)
Event: 0.873 Thread 0x0000000014cc5000 nmethod 449 0x00000000029e1490 code [0x00000000029e1600, 0x00000000029e1808]
Event: 0.873 Thread 0x0000000014cc5000  450       3       java.nio.Bits::getShortB (16 bytes)
Event: 0.873 Thread 0x0000000014cc5000 nmethod 450 0x00000000029e18d0 code [0x00000000029e1a40, 0x00000000029e1d98]
Event: 0.873 Thread 0x0000000014cc5000  451       3       java.nio.ByteBufferAsShortBufferB::get (16 bytes)
Event: 0.873 Thread 0x0000000014cc5000 nmethod 451 0x00000000029e1e90 code [0x00000000029e2040, 0x00000000029e2628]
Event: 0.877 Thread 0x0000000014cc5000  452       1       java.nio.HeapByteBuffer::_get (7 bytes)
Event: 0.877 Thread 0x0000000014cc5000 nmethod 452 0x00000000029e3490 code [0x00000000029e35e0, 0x00000000029e3710]

GC Heap History (0 events):
No events

Deoptimization events (0 events):
No events

Internal exceptions (10 events):
Event: 0.282 Thread 0x00000000026e0800 Exception <a 'java/security/PrivilegedActionException'> (0x00000000eab92558) thrown at [C:\re\workspace\8-2-build-windows-amd64-cygwin\jdk8u111\7883\hotspot\src\share\vm\prims\jvm.cpp, line 1386]
Event: 0.282 Thread 0x00000000026e0800 Exception <a 'java/security/PrivilegedActionException'> (0x00000000eab92768) thrown at [C:\re\workspace\8-2-build-windows-amd64-cygwin\jdk8u111\7883\hotspot\src\share\vm\prims\jvm.cpp, line 1386]
Event: 0.402 Thread 0x00000000026e0800 Exception <a 'java/security/PrivilegedActionException'> (0x00000000eac5a108) thrown at [C:\re\workspace\8-2-build-windows-amd64-cygwin\jdk8u111\7883\hotspot\src\share\vm\prims\jvm.cpp, line 1386]
Event: 0.402 Thread 0x00000000026e0800 Exception <a 'java/security/PrivilegedActionException'> (0x00000000eac5a318) thrown at [C:\re\workspace\8-2-build-windows-amd64-cygwin\jdk8u111\7883\hotspot\src\share\vm\prims\jvm.cpp, line 1386]
Event: 0.405 Thread 0x00000000026e0800 Exception <a 'java/security/PrivilegedActionException'> (0x00000000eac5e2d8) thrown at [C:\re\workspace\8-2-build-windows-amd64-cygwin\jdk8u111\7883\hotspot\src\share\vm\prims\jvm.cpp, line 1386]
Event: 0.405 Thread 0x00000000026e0800 Exception <a 'java/security/PrivilegedActionException'> (0x00000000eac5e4e8) thrown at [C:\re\workspace\8-2-build-windows-amd64-cygwin\jdk8u111\7883\hotspot\src\share\vm\prims\jvm.cpp, line 1386]
Event: 0.411 Thread 0x00000000026e0800 Exception <a 'java/io/FileNotFoundException'> (0x00000000eac609a8) thrown at [C:\re\workspace\8-2-build-windows-amd64-cygwin\jdk8u111\7883\hotspot\src\share\vm\prims\jni.cpp, line 709]
Event: 0.493 Thread 0x00000000026e0800 Exception <a 'java/lang/NoSuchFieldError': method resolution failed> (0x00000000ead2dfc0) thrown at [C:\re\workspace\8-2-build-windows-amd64-cygwin\jdk8u111\7883\hotspot\src\share\vm\prims\methodHandles.cpp, line 1146]
Event: 0.502 Thread 0x00000000026e0800 Exception <a 'java/lang/NoSuchFieldError': method resolution failed> (0x00000000ead3b390) thrown at [C:\re\workspace\8-2-build-windows-amd64-cygwin\jdk8u111\7883\hotspot\src\share\vm\prims\methodHandles.cpp, line 1146]
Event: 0.576 Thread 0x000000001649b000 Exception <a 'java/io/FileNotFoundException'> (0x00000000eae93a58) thrown at [C:\re\workspace\8-2-build-windows-amd64-cygwin\jdk8u111\7883\hotspot\src\share\vm\prims\jni.cpp, line 709]

Events (10 events):
Event: 0.876 loading class sun/font/TrueTypeGlyphMapper
Event: 0.876 loading class sun/font/TrueTypeGlyphMapper done
Event: 0.876 loading class sun/font/CMap
Event: 0.876 loading class sun/font/CMap done
Event: 0.876 loading class sun/font/CMap$NullCMapClass
Event: 0.876 loading class sun/font/CMap$NullCMapClass done
Event: 0.877 loading class sun/font/CMap$CMapFormat4
Event: 0.877 loading class sun/font/CMap$CMapFormat4 done
Event: 0.877 loading class java/nio/ByteBufferAsCharBufferB
Event: 0.877 loading class java/nio/ByteBufferAsCharBufferB done


Dynamic libraries:
0x00007ff691410000 - 0x00007ff691447000 	C:\Program Files\Java\jdk1.8.0_111\bin\java.exe
0x00007ffdbda30000 - 0x00007ffdbdc1d000 	C:\Windows\SYSTEM32\ntdll.dll
0x00007ffdbb770000 - 0x00007ffdbb823000 	C:\Windows\System32\KERNEL32.DLL
0x00007ffdba590000 - 0x00007ffdba823000 	C:\Windows\System32\KERNELBASE.dll
0x00007ffdbcd20000 - 0x00007ffdbcdc3000 	C:\Windows\System32\ADVAPI32.dll
0x00007ffdbd410000 - 0x00007ffdbd4ae000 	C:\Windows\System32\msvcrt.dll
0x00007ffdbd0b0000 - 0x00007ffdbd14e000 	C:\Windows\System32\sechost.dll
0x00007ffdbadc0000 - 0x00007ffdbaee3000 	C:\Windows\System32\RPCRT4.dll
0x00007ffdbaef0000 - 0x00007ffdbb087000 	C:\Windows\System32\USER32.dll
0x00007ffdba830000 - 0x00007ffdba850000 	C:\Windows\System32\win32u.dll
0x00007ffdbb090000 - 0x00007ffdbb0b9000 	C:\Windows\System32\GDI32.dll
0x00007ffdb9b00000 - 0x00007ffdb9c9a000 	C:\Windows\System32\gdi32full.dll
0x00007ffdb9ca0000 - 0x00007ffdb9d40000 	C:\Windows\System32\msvcp_win.dll
0x00007ffdbaa30000 - 0x00007ffdbab2c000 	C:\Windows\System32\ucrtbase.dll
0x00007ffdb2910000 - 0x00007ffdb2b89000 	C:\Windows\WinSxS\amd64_microsoft.windows.common-controls_6595b64144ccf1df_6.0.17763.107_none_05b63884071e656e\COMCTL32.dll
0x00007ffdbd620000 - 0x00007ffdbd94e000 	C:\Windows\System32\combase.dll
0x00007ffdbabe0000 - 0x00007ffdbac5e000 	C:\Windows\System32\bcryptPrimitives.dll
0x00007ffdbd3e0000 - 0x00007ffdbd40e000 	C:\Windows\System32\IMM32.DLL
0x0000000074820000 - 0x00000000748f2000 	C:\Program Files\Java\jdk1.8.0_111\jre\bin\msvcr100.dll
0x0000000074900000 - 0x000000007519a000 	C:\Program Files\Java\jdk1.8.0_111\jre\bin\server\jvm.dll
0x00007ffdbcdd0000 - 0x00007ffdbcdd8000 	C:\Windows\System32\PSAPI.DLL
0x00007ffdb7bf0000 - 0x00007ffdb7bf9000 	C:\Windows\SYSTEM32\WSOCK32.dll
0x00007ffdbb140000 - 0x00007ffdbb1ad000 	C:\Windows\System32\WS2_32.dll
0x00007ffdb7790000 - 0x00007ffdb77b4000 	C:\Windows\SYSTEM32\WINMM.dll
0x00007ffdb2b90000 - 0x00007ffdb2b9a000 	C:\Windows\SYSTEM32\VERSION.dll
0x00007ffdb7760000 - 0x00007ffdb778d000 	C:\Windows\SYSTEM32\WINMMBASE.dll
0x00007ffdb9d40000 - 0x00007ffdb9d8a000 	C:\Windows\System32\cfgmgr32.dll
0x00000000747d0000 - 0x00000000747df000 	C:\Program Files\Java\jdk1.8.0_111\jre\bin\verify.dll
0x00000000747a0000 - 0x00000000747c9000 	C:\Program Files\Java\jdk1.8.0_111\jre\bin\java.dll
0x0000000074780000 - 0x0000000074796000 	C:\Program Files\Java\jdk1.8.0_111\jre\bin\zip.dll
0x00007ffdbb830000 - 0x00007ffdbcd1f000 	C:\Windows\System32\SHELL32.dll
0x00007ffdbd330000 - 0x00007ffdbd3d8000 	C:\Windows\System32\shcore.dll
0x00007ffdb9de0000 - 0x00007ffdba528000 	C:\Windows\System32\windows.storage.dll
0x00007ffdb9a50000 - 0x00007ffdb9a74000 	C:\Windows\System32\profapi.dll
0x00007ffdb9a80000 - 0x00007ffdb9add000 	C:\Windows\System32\powrprof.dll
0x00007ffdbd2d0000 - 0x00007ffdbd322000 	C:\Windows\System32\shlwapi.dll
0x00007ffdb9ae0000 - 0x00007ffdb9af1000 	C:\Windows\System32\kernel.appcore.dll
0x00007ffdb9dc0000 - 0x00007ffdb9dd7000 	C:\Windows\System32\cryptsp.dll
0x00000000745a0000 - 0x0000000074738000 	C:\Program Files\Java\jdk1.8.0_111\jre\bin\awt.dll
0x00007ffdbd150000 - 0x00007ffdbd21b000 	C:\Windows\System32\OLEAUT32.dll
0x00007ffdb7d20000 - 0x00007ffdb7dac000 	C:\Windows\SYSTEM32\apphelp.dll
0x00007ffdb8060000 - 0x00007ffdb80fc000 	C:\Windows\system32\uxtheme.dll
0x00007ffdbd4b0000 - 0x00007ffdbd61a000 	C:\Windows\System32\MSCTF.dll
0x00007ffdb83b0000 - 0x00007ffdb83de000 	C:\Windows\system32\dwmapi.dll
0x00007ffdba850000 - 0x00007ffdbaa2b000 	C:\Windows\System32\CRYPT32.dll
0x00007ffdb9a30000 - 0x00007ffdb9a42000 	C:\Windows\System32\MSASN1.dll
0x00007ffdbac60000 - 0x00007ffdbadb5000 	C:\Windows\System32\ole32.dll
0x00007ffd89630000 - 0x00007ffd897ce000 	C:\Windows\system32\d3d9.dll
0x00007ffd83bc0000 - 0x00007ffd84c76000 	C:\Windows\SYSTEM32\nvd3dumx.dll
0x0000000074550000 - 0x0000000074597000 	C:\Program Files\Java\jdk1.8.0_111\jre\bin\fontmanager.dll
0x0000000074760000 - 0x000000007477a000 	C:\Program Files\Java\jdk1.8.0_111\jre\bin\net.dll
0x00007ffdb92c0000 - 0x00007ffdb9327000 	C:\Windows\system32\mswsock.dll
0x0000000074740000 - 0x0000000074751000 	C:\Program Files\Java\jdk1.8.0_111\jre\bin\nio.dll
0x0000000074500000 - 0x0000000074542000 	C:\Program Files\Java\jdk1.8.0_111\jre\bin\t2k.dll
0x00007ffda56c0000 - 0x00007ffda58ad000 	C:\Windows\SYSTEM32\dbghelp.dll

VM Arguments:
jvm_args: -Dfile.encoding=UTF-8 
java_command: mobile_phone_shop.Mobile_Phone_Shop
java_class_path (initial): C:\Users\Samsung Pc\Documents\NetBeansProjects\Mobile_Phone_Shop\lib\swingx-2007_10_07.jar;C:\Users\Samsung Pc\Documents\NetBeansProjects\Mobile_Phone_Shop\lib\jcalendar-1.4.jar;C:\Users\Samsung Pc\Documents\NetBeansProjects\Mobile_Phone_Shop\lib\l2fprod-common-all.jar;C:\Users\Samsung Pc\Documents\NetBeansProjects\Mobile_Phone_Shop\lib\RojeruSan.lib.jar;C:\Users\Samsung Pc\Documents\NetBeansProjects\Mobile_Phone_Shop\lib\edisoncorSX.jar;C:\Users\Samsung Pc\Documents\NetBeansProjects\Mobile_Phone_Shop\lib\swingx-core-1.6.2.jar;C:\Users\Samsung Pc\Documents\NetBeansProjects\Mobile_Phone_Shop\lib\jcMousePanel.jar;C:\Users\Samsung Pc\Documents\NetBeansProjects\Mobile_Phone_Shop\lib\JCPanel.jar;C:\Users\Samsung Pc\Documents\NetBeansProjects\Mobile_Phone_Shop\lib\DateChooser.jar;C:\Users\Samsung Pc\Documents\NetBeansProjects\Mobile_Phone_Shop\build\classes
Launcher Type: SUN_STANDARD

Environment Variables:
PATH=C:\ProgramData\Oracle\Java\javapath;C:\Windows\system32;C:\Windows;C:\Windows\System32\Wbem;C:\Windows\System32\WindowsPowerShell\v1.0\;C:\Windows\System32\OpenSSH\;C:\Program Files (x86)\MySQL\MySQL Server 5.1\bin;C:\Program Files\Java\jdk1.8.0_111\bin;C:\Program Files\Java\jre1.8.0_111\bin;C:\Program Files (x86)\Java\jdk1.7.0\bin;C:\Program Files (x86)\Java\jre7\bin;C:\Program Files (x86)\Brackets\command;C:\Users\Samsung Pc\AppData\Local\Microsoft\WindowsApps;
USERNAME=Samsung Pc
OS=Windows_NT
PROCESSOR_IDENTIFIER=Intel64 Family 6 Model 23 Stepping 10, GenuineIntel



---------------  S Y S T E M  ---------------

OS: Windows 10.0 , 64 bit Build 17763 (10.0.17763.1)

CPU:total 2 (2 cores per cpu, 1 threads per core) family 6 model 23 stepping 10, cmov, cx8, fxsr, mmx, sse, sse2, sse3, ssse3, sse4.1, tsc

Memory: 4k page, physical 4192748k(1511772k free), swap 6945260k(2959920k free)

vm_info: Java HotSpot(TM) 64-Bit Server VM (25.111-b14) for windows-amd64 JRE (1.8.0_111-b14), built on Sep 22 2016 19:24:05 by "java_re" with MS VC++ 10.0 (VS2010)

time: Tue Mar 05 19:00:59 2019
elapsed time: 0 seconds (0d 0h 0m 0s)

