#
# A fatal error has been detected by the Java Runtime Environment:
#
#  EXCEPTION_ACCESS_VIOLATION (0xc0000005) at pc=0xffffffffa3f55120, pid=5440, tid=0x0000000000001a34
#
# JRE version: Java(TM) SE Runtime Environment (8.0_111-b14) (build 1.8.0_111-b14)
# Java VM: Java HotSpot(TM) 64-Bit Server VM (25.111-b14 mixed mode windows-amd64 compressed oops)
# Problematic frame:
# C  0xffffffffa3f55120
#
# Failed to write core dump. Minidumps are not enabled by default on client versions of Windows
#
# If you would like to submit a bug report, please visit:
#   http://bugreport.java.com/bugreport/crash.jsp
#

---------------  T H R E A D  ---------------

Current thread (0x0000000015ad3000):  JavaThread "AWT-EventQueue-0" [_thread_in_Java, id=6708, stack(0x00000000166a0000,0x00000000167a0000)]

siginfo: ExceptionCode=0xc0000005, ExceptionInformation=0x0000000000000008 0xffffffffa3f55120

Registers:
RAX=0x0000000013a6d8a0, RBX=0x0000000013a6d8a0, RCX=0x00000000f5e0b2c8, RDX=0x00000000f5e0b2c8
RSP=0x000000001679cb78, RBP=0x000000001679cbd0, RSI=0x00000000000001c8, RDI=0x0000000000000428
R8 =0x00000000f5e01038, R9 =0x00000000e007ef68, R10=0x000000005083c0c0, R11=0x0000000003191760
R12=0x0000000000000000, R13=0x000000001679cb88, R14=0x000000001ad97da8, R15=0x0000000015ad3000
RIP=0xffffffffa3f55120, EFLAGS=0x0000000000010202

Top of Stack: (sp=0x000000001679cb78)
0x000000001679cb78:   0000000002f57870 0000000002f57870
0x000000001679cb88:   00000000f5e0b2c8 000000001679cb90
0x000000001679cb98:   0000000013a795da 000000001679cc00
0x000000001679cba8:   0000000013a7aa10 000000001ad97da8
0x000000001679cbb8:   0000000013a79610 000000001679cb88
0x000000001679cbc8:   000000001679cc00 000000001679cc50
0x000000001679cbd8:   0000000002f57e20 00000000f5e02718
0x000000001679cbe8:   00000000ffffffff 00000000ffffffff
0x000000001679cbf8:   00000000f5e0b2c8 00000000f56ae298
0x000000001679cc08:   00000000f5e3d2e8 000000001679cc10
0x000000001679cc18:   0000000013a7a435 000000001679cc60
0x000000001679cc28:   0000000013a7aa10 0000000000000000
0x000000001679cc38:   0000000013a7a448 000000001679cc00
0x000000001679cc48:   000000001679cc60 000000001679ccb8
0x000000001679cc58:   0000000002f5809d 00000000f56ae298
0x000000001679cc68:   0000000000000000 00000000e007ef68 

Instructions: (pc=0xffffffffa3f55120)
0xffffffffa3f55100:   
[error occurred during error reporting (printing registers, top of stack, instructions near pc), id 0xc0000005]

Register to memory mapping:

RAX={method} {0x0000000013a6d8a8} 'isLightweight' '()Z' in 'java/awt/Component'
RBX={method} {0x0000000013a6d8a8} 'isLightweight' '()Z' in 'java/awt/Component'
RCX=0x00000000f5e0b2c8 is an oop
Main_Frames.Main_Frame 
 - klass: 'Main_Frames/Main_Frame'
RDX=0x00000000f5e0b2c8 is an oop
Main_Frames.Main_Frame 
 - klass: 'Main_Frames/Main_Frame'
RSP=0x000000001679cb78 is pointing into the stack for thread: 0x0000000015ad3000
RBP=0x000000001679cbd0 is pointing into the stack for thread: 0x0000000015ad3000
RSI=0x00000000000001c8 is an unknown value
RDI=0x0000000000000428 is an unknown value
R8 =0x00000000f5e01038 is an oop
javax.swing.JRootPane 
 - klass: 'javax/swing/JRootPane'
R9 =0x00000000e007ef68 is an oop
java.awt.Component$AWTTreeLock 
 - klass: 'java/awt/Component$AWTTreeLock'
R10=0x000000005083c0c0 is an unknown value
R11=0x0000000003191760 is at entry_point+32 in (nmethod*)0x00000000031915d0
R12=0x0000000000000000 is an unknown value
R13=0x000000001679cb88 is pointing into the stack for thread: 0x0000000015ad3000
R14=0x000000001ad97da8 is pointing into metadata
R15=0x0000000015ad3000 is a thread


Stack: [0x00000000166a0000,0x00000000167a0000],  sp=0x000000001679cb78,  free space=1010k
Native frames: (J=compiled Java code, j=interpreted, Vv=VM code, C=native code)
C  0xffffffffa3f55120


---------------  P R O C E S S  ---------------

Java Threads: ( => current thread )
  0x0000000015f68800 JavaThread "MySQL Statement Cancellation Timer" daemon [_thread_blocked, id=3864, stack(0x000000001ae60000,0x000000001af60000)]
  0x0000000015e4a800 JavaThread "TimerQueue" daemon [_thread_blocked, id=9400, stack(0x000000001ab60000,0x000000001ac60000)]
  0x0000000015dc0800 JavaThread "D3D Screen Updater" daemon [_thread_blocked, id=5404, stack(0x0000000019390000,0x0000000019490000)]
  0x0000000015b8c800 JavaThread "Image Fetcher 3" daemon [_thread_blocked, id=7508, stack(0x0000000018980000,0x0000000018a80000)]
  0x0000000015ae1800 JavaThread "Image Fetcher 2" daemon [_thread_blocked, id=1560, stack(0x0000000017b00000,0x0000000017c00000)]
  0x0000000002f3e000 JavaThread "DestroyJavaVM" [_thread_blocked, id=5548, stack(0x0000000001570000,0x0000000001670000)]
=>0x0000000015ad3000 JavaThread "AWT-EventQueue-0" [_thread_in_Java, id=6708, stack(0x00000000166a0000,0x00000000167a0000)]
  0x0000000015ad0800 JavaThread "AWT-Windows" daemon [_thread_in_native, id=9256, stack(0x00000000164b0000,0x00000000165b0000)]
  0x0000000015acf000 JavaThread "AWT-Shutdown" [_thread_blocked, id=4144, stack(0x00000000163b0000,0x00000000164b0000)]
  0x0000000015acc000 JavaThread "Java2D Disposer" daemon [_thread_blocked, id=4484, stack(0x00000000162b0000,0x00000000163b0000)]
  0x00000000141a5800 JavaThread "Service Thread" daemon [_thread_blocked, id=8284, stack(0x0000000015370000,0x0000000015470000)]
  0x000000001412e000 JavaThread "C1 CompilerThread1" daemon [_thread_blocked, id=6236, stack(0x0000000015270000,0x0000000015370000)]
  0x000000001412c000 JavaThread "C2 CompilerThread0" daemon [_thread_blocked, id=3840, stack(0x0000000015170000,0x0000000015270000)]
  0x000000001412a000 JavaThread "Attach Listener" daemon [_thread_blocked, id=7204, stack(0x0000000015070000,0x0000000015170000)]
  0x0000000014127800 JavaThread "Signal Dispatcher" daemon [_thread_blocked, id=6600, stack(0x0000000014f70000,0x0000000015070000)]
  0x0000000014118800 JavaThread "Finalizer" daemon [_thread_blocked, id=1364, stack(0x0000000014d70000,0x0000000014e70000)]
  0x0000000002f0e000 JavaThread "Reference Handler" daemon [_thread_blocked, id=6560, stack(0x0000000014c70000,0x0000000014d70000)]

Other Threads:
  0x00000000140f6800 VMThread [stack: 0x0000000014b70000,0x0000000014c70000] [id=8556]
  0x00000000141a9800 WatcherThread [stack: 0x0000000015470000,0x0000000015570000] [id=10136]

VM state:not at safepoint (normal execution)

VM Mutex/Monitor currently owned by a thread: None

Heap:
 PSYoungGen      total 9728K, used 9728K [0x00000000f5580000, 0x00000000f6000000, 0x0000000100000000)
  eden space 8704K, 100% used [0x00000000f5580000,0x00000000f5e00000,0x00000000f5e00000)
  from space 1024K, 100% used [0x00000000f5e00000,0x00000000f5f00000,0x00000000f5f00000)
  to   space 1024K, 0% used [0x00000000f5f00000,0x00000000f5f00000,0x00000000f6000000)
 ParOldGen       total 22016K, used 1484K [0x00000000e0000000, 0x00000000e1580000, 0x00000000f5580000)
  object space 22016K, 6% used [0x00000000e0000000,0x00000000e01733f0,0x00000000e1580000)
 Metaspace       used 17715K, capacity 17964K, committed 18048K, reserved 1064960K
  class space    used 2322K, capacity 2418K, committed 2432K, reserved 1048576K

Card table byte_map: [0x0000000012310000,0x0000000012420000] byte_map_base: 0x0000000011c10000

Marking Bits: (ParMarkBitMap*) 0x000000005085a6c0
 Begin Bits: [0x00000000126d0000, 0x0000000012ed0000)
 End Bits:   [0x0000000012ed0000, 0x00000000136d0000)

Polling page: 0x00000000011d0000

CodeCache: size=245760Kb used=4155Kb max_used=4155Kb free=241604Kb
 bounds [0x0000000002f50000, 0x0000000003370000, 0x0000000011f50000]
 total_blobs=1745 nmethods=1163 adapters=496
 compilation: enabled

Compilation events (10 events):
Event: 16.023 Thread 0x000000001412e000 nmethod 1190 0x0000000003358d50 code [0x0000000003358ea0, 0x0000000003358fb0]
Event: 16.023 Thread 0x000000001412c000 nmethod 1189 0x000000000335ed10 code [0x000000000335ee40, 0x000000000335ee98]
Event: 16.028 Thread 0x000000001412e000 1191   !   3       sun.awt.AWTAutoShutdown::setToolkitBusy (124 bytes)
Event: 16.029 Thread 0x000000001412e000 nmethod 1191 0x000000000335ded0 code [0x000000000335e0a0, 0x000000000335e928]
Event: 16.038 Thread 0x000000001412e000 1192       3       java.awt.Component::getHWPeerAboveMe (90 bytes)
Event: 16.039 Thread 0x000000001412c000 1194       4       java.awt.Component::isLightweight (8 bytes)
Event: 16.040 Thread 0x000000001412c000 nmethod 1194 0x000000000335c790 code [0x000000000335c8c0, 0x000000000335c978]
Event: 16.040 Thread 0x000000001412e000 nmethod 1192 0x00000000033606d0 code [0x00000000033609c0, 0x0000000003362588]
Event: 16.040 Thread 0x000000001412e000 1193       3       java.awt.Component::getToolkit (5 bytes)
Event: 16.041 Thread 0x000000001412e000 nmethod 1193 0x000000000335cad0 code [0x000000000335cce0, 0x000000000335d888]

GC Heap History (2 events):
Event: 12.021 GC heap before
{Heap before GC invocations=1 (full 0):
 PSYoungGen      total 9728K, used 8704K [0x00000000f5580000, 0x00000000f6000000, 0x0000000100000000)
  eden space 8704K, 100% used [0x00000000f5580000,0x00000000f5e00000,0x00000000f5e00000)
  from space 1024K, 0% used [0x00000000f5f00000,0x00000000f5f00000,0x00000000f6000000)
  to   space 1024K, 0% used [0x00000000f5e00000,0x00000000f5e00000,0x00000000f5f00000)
 ParOldGen       total 22016K, used 0K [0x00000000e0000000, 0x00000000e1580000, 0x00000000f5580000)
  object space 22016K, 0% used [0x00000000e0000000,0x00000000e0000000,0x00000000e1580000)
 Metaspace       used 11625K, capacity 11872K, committed 12160K, reserved 1060864K
  class space    used 1517K, capacity 1604K, committed 1664K, reserved 1048576K
Event: 12.030 GC heap after
Heap after GC invocations=1 (full 0):
 PSYoungGen      total 9728K, used 1024K [0x00000000f5580000, 0x00000000f6000000, 0x0000000100000000)
  eden space 8704K, 0% used [0x00000000f5580000,0x00000000f5580000,0x00000000f5e00000)
  from space 1024K, 100% used [0x00000000f5e00000,0x00000000f5f00000,0x00000000f5f00000)
  to   space 1024K, 0% used [0x00000000f5f00000,0x00000000f5f00000,0x00000000f6000000)
 ParOldGen       total 22016K, used 1484K [0x00000000e0000000, 0x00000000e1580000, 0x00000000f5580000)
  object space 22016K, 6% used [0x00000000e0000000,0x00000000e01733f0,0x00000000e1580000)
 Metaspace       used 11625K, capacity 11872K, committed 12160K, reserved 1060864K
  class space    used 1517K, capacity 1604K, committed 1664K, reserved 1048576K
}

Deoptimization events (8 events):
Event: 13.360 Thread 0x0000000015ad3000 Uncommon trap: reason=unstable_if action=reinterpret pc=0x000000000311157c method=java.lang.String.indexOf([CII[CIII)I @ 3
Event: 13.386 Thread 0x0000000015ad3000 Uncommon trap: reason=class_check action=maybe_recompile pc=0x0000000003209748 method=java.util.HashMap.putVal(ILjava/lang/Object;Ljava/lang/Object;ZZ)Ljava/lang/Object; @ 253
Event: 13.387 Thread 0x0000000015ad3000 Uncommon trap: reason=class_check action=maybe_recompile pc=0x0000000003209748 method=java.util.HashMap.putVal(ILjava/lang/Object;Ljava/lang/Object;ZZ)Ljava/lang/Object; @ 253
Event: 13.387 Thread 0x0000000015ad3000 Uncommon trap: reason=class_check action=maybe_recompile pc=0x0000000003209748 method=java.util.HashMap.putVal(ILjava/lang/Object;Ljava/lang/Object;ZZ)Ljava/lang/Object; @ 253
Event: 13.387 Thread 0x0000000015ad3000 Uncommon trap: reason=class_check action=maybe_recompile pc=0x0000000003209748 method=java.util.HashMap.putVal(ILjava/lang/Object;Ljava/lang/Object;ZZ)Ljava/lang/Object; @ 253
Event: 13.850 Thread 0x0000000015ad3000 Uncommon trap: reason=unstable_if action=reinterpret pc=0x000000000326c554 method=com.sun.imageio.plugins.gif.GIFImageReader.getCode(II)I @ 51
Event: 15.144 Thread 0x0000000015ad3000 Uncommon trap: reason=class_check action=maybe_recompile pc=0x00000000032970f0 method=java.util.HashMap.putVal(ILjava/lang/Object;Ljava/lang/Object;ZZ)Ljava/lang/Object; @ 203
Event: 15.144 Thread 0x0000000015ad3000 Uncommon trap: reason=class_check action=maybe_recompile pc=0x00000000032970f0 method=java.util.HashMap.putVal(ILjava/lang/Object;Ljava/lang/Object;ZZ)Ljava/lang/Object; @ 203

Internal exceptions (10 events):
Event: 0.319 Thread 0x0000000002f3e000 Exception <a 'java/security/PrivilegedActionException'> (0x00000000f5641080) thrown at [C:\re\workspace\8-2-build-windows-amd64-cygwin\jdk8u111\7883\hotspot\src\share\vm\prims\jvm.cpp, line 1386]
Event: 0.319 Thread 0x0000000002f3e000 Exception <a 'java/security/PrivilegedActionException'> (0x00000000f5641290) thrown at [C:\re\workspace\8-2-build-windows-amd64-cygwin\jdk8u111\7883\hotspot\src\share\vm\prims\jvm.cpp, line 1386]
Event: 3.069 Thread 0x0000000002f3e000 Exception <a 'java/security/PrivilegedActionException'> (0x00000000f5787ea0) thrown at [C:\re\workspace\8-2-build-windows-amd64-cygwin\jdk8u111\7883\hotspot\src\share\vm\prims\jvm.cpp, line 1386]
Event: 3.069 Thread 0x0000000002f3e000 Exception <a 'java/security/PrivilegedActionException'> (0x00000000f57880b0) thrown at [C:\re\workspace\8-2-build-windows-amd64-cygwin\jdk8u111\7883\hotspot\src\share\vm\prims\jvm.cpp, line 1386]
Event: 3.070 Thread 0x0000000002f3e000 Exception <a 'java/security/PrivilegedActionException'> (0x00000000f578bf98) thrown at [C:\re\workspace\8-2-build-windows-amd64-cygwin\jdk8u111\7883\hotspot\src\share\vm\prims\jvm.cpp, line 1386]
Event: 3.070 Thread 0x0000000002f3e000 Exception <a 'java/security/PrivilegedActionException'> (0x00000000f578c1a8) thrown at [C:\re\workspace\8-2-build-windows-amd64-cygwin\jdk8u111\7883\hotspot\src\share\vm\prims\jvm.cpp, line 1386]
Event: 3.396 Thread 0x0000000002f3e000 Exception <a 'java/io/FileNotFoundException'> (0x00000000f5792990) thrown at [C:\re\workspace\8-2-build-windows-amd64-cygwin\jdk8u111\7883\hotspot\src\share\vm\prims\jni.cpp, line 709]
Event: 4.038 Thread 0x0000000002f3e000 Exception <a 'java/lang/NoSuchFieldError': method resolution failed> (0x00000000f585ff88) thrown at [C:\re\workspace\8-2-build-windows-amd64-cygwin\jdk8u111\7883\hotspot\src\share\vm\prims\methodHandles.cpp, line 1146]
Event: 4.047 Thread 0x0000000002f3e000 Exception <a 'java/lang/NoSuchFieldError': method resolution failed> (0x00000000f586d358) thrown at [C:\re\workspace\8-2-build-windows-amd64-cygwin\jdk8u111\7883\hotspot\src\share\vm\prims\methodHandles.cpp, line 1146]
Event: 5.293 Thread 0x0000000015ad3000 Exception <a 'java/io/FileNotFoundException'> (0x00000000f59637b0) thrown at [C:\re\workspace\8-2-build-windows-amd64-cygwin\jdk8u111\7883\hotspot\src\share\vm\prims\jni.cpp, line 709]

Events (10 events):
Event: 15.836 loading class java/util/NavigableSet done
Event: 15.836 loading class java/util/TreeMap$KeySet done
Event: 15.836 loading class java/util/TreeMap$KeyIterator
Event: 15.836 loading class java/util/TreeMap$KeyIterator done
Event: 15.838 loading class sun/nio/cs/US_ASCII$Decoder
Event: 15.849 loading class sun/nio/cs/US_ASCII$Decoder done
Event: 15.849 loading class javax/swing/JList$5
Event: 15.881 loading class javax/swing/JList$5 done
Event: 16.023 loading class javax/swing/JLayer
Event: 16.037 loading class javax/swing/JLayer done


Dynamic libraries:
0x00007ff699630000 - 0x00007ff699667000 	C:\Program Files\Java\jdk1.8.0_111\bin\java.exe
0x00007ffc5db20000 - 0x00007ffc5dd10000 	C:\WINDOWS\SYSTEM32\ntdll.dll
0x00007ffc5cf10000 - 0x00007ffc5cfc2000 	C:\WINDOWS\System32\KERNEL32.DLL
0x00007ffc5b480000 - 0x00007ffc5b724000 	C:\WINDOWS\System32\KERNELBASE.dll
0x00007ffc5c130000 - 0x00007ffc5c1d3000 	C:\WINDOWS\System32\ADVAPI32.dll
0x00007ffc5d310000 - 0x00007ffc5d3ae000 	C:\WINDOWS\System32\msvcrt.dll
0x00007ffc5d7b0000 - 0x00007ffc5d847000 	C:\WINDOWS\System32\sechost.dll
0x00007ffc5d3b0000 - 0x00007ffc5d4d0000 	C:\WINDOWS\System32\RPCRT4.dll
0x00007ffc5c340000 - 0x00007ffc5c4d4000 	C:\WINDOWS\System32\USER32.dll
0x00007ffc5bb40000 - 0x00007ffc5bb61000 	C:\WINDOWS\System32\win32u.dll
0x00007ffc5ce00000 - 0x00007ffc5ce26000 	C:\WINDOWS\System32\GDI32.dll
0x00007ffc5b750000 - 0x00007ffc5b8e5000 	C:\WINDOWS\System32\gdi32full.dll
0x00007ffc5b3b0000 - 0x00007ffc5b44e000 	C:\WINDOWS\System32\msvcp_win.dll
0x00007ffc5b8f0000 - 0x00007ffc5b9ea000 	C:\WINDOWS\System32\ucrtbase.dll
0x00007ffc55ff0000 - 0x00007ffc56274000 	C:\WINDOWS\WinSxS\amd64_microsoft.windows.common-controls_6595b64144ccf1df_6.0.18362.900_none_e6beb9d913147d17\COMCTL32.dll
0x00007ffc5cfd0000 - 0x00007ffc5d305000 	C:\WINDOWS\System32\combase.dll
0x00007ffc5b230000 - 0x00007ffc5b2b0000 	C:\WINDOWS\System32\bcryptPrimitives.dll
0x00007ffc5c4e0000 - 0x00007ffc5c50e000 	C:\WINDOWS\System32\IMM32.DLL
0x0000000077f20000 - 0x0000000077ff2000 	C:\Program Files\Java\jdk1.8.0_111\jre\bin\msvcr100.dll
0x0000000050040000 - 0x00000000508da000 	C:\Program Files\Java\jdk1.8.0_111\jre\bin\server\jvm.dll
0x00007ffc5cdf0000 - 0x00007ffc5cdf8000 	C:\WINDOWS\System32\PSAPI.DLL
0x00007ffc58b30000 - 0x00007ffc58b54000 	C:\WINDOWS\SYSTEM32\WINMM.dll
0x00007ffc56770000 - 0x00007ffc5677a000 	C:\WINDOWS\SYSTEM32\VERSION.dll
0x00007ffc58b00000 - 0x00007ffc58b2d000 	C:\WINDOWS\SYSTEM32\winmmbase.dll
0x00007ffc5b360000 - 0x00007ffc5b3aa000 	C:\WINDOWS\System32\cfgmgr32.dll
0x00007ffc571a0000 - 0x00007ffc571a9000 	C:\WINDOWS\SYSTEM32\WSOCK32.dll
0x00007ffc5bc50000 - 0x00007ffc5bcbf000 	C:\WINDOWS\System32\WS2_32.dll
0x0000000077f10000 - 0x0000000077f1f000 	C:\Program Files\Java\jdk1.8.0_111\jre\bin\verify.dll
0x0000000077ee0000 - 0x0000000077f09000 	C:\Program Files\Java\jdk1.8.0_111\jre\bin\java.dll
0x0000000077ec0000 - 0x0000000077ed6000 	C:\Program Files\Java\jdk1.8.0_111\jre\bin\zip.dll
0x00007ffc5c700000 - 0x00007ffc5cde6000 	C:\WINDOWS\System32\SHELL32.dll
0x00007ffc5d550000 - 0x00007ffc5d5f9000 	C:\WINDOWS\System32\shcore.dll
0x00007ffc5aab0000 - 0x00007ffc5b230000 	C:\WINDOWS\System32\windows.storage.dll
0x00007ffc5aa80000 - 0x00007ffc5aaa3000 	C:\WINDOWS\System32\profapi.dll
0x00007ffc5a9f0000 - 0x00007ffc5aa3a000 	C:\WINDOWS\System32\powrprof.dll
0x00007ffc5a9e0000 - 0x00007ffc5a9f0000 	C:\WINDOWS\System32\UMPDC.dll
0x00007ffc5d600000 - 0x00007ffc5d652000 	C:\WINDOWS\System32\shlwapi.dll
0x00007ffc5aa40000 - 0x00007ffc5aa51000 	C:\WINDOWS\System32\kernel.appcore.dll
0x00007ffc5b730000 - 0x00007ffc5b747000 	C:\WINDOWS\System32\cryptsp.dll
0x0000000077c50000 - 0x0000000077de8000 	C:\Program Files\Java\jdk1.8.0_111\jre\bin\awt.dll
0x00007ffc5d6d0000 - 0x00007ffc5d795000 	C:\WINDOWS\System32\OLEAUT32.dll
0x00007ffc58c30000 - 0x00007ffc58cbf000 	C:\WINDOWS\SYSTEM32\apphelp.dll
0x00007ffc58d30000 - 0x00007ffc58dc9000 	C:\WINDOWS\system32\uxtheme.dll
0x00007ffc5c5c0000 - 0x00007ffc5c6f5000 	C:\WINDOWS\System32\MSCTF.dll
0x00007ffc5c1e0000 - 0x00007ffc5c337000 	C:\WINDOWS\System32\ole32.dll
0x00007ffc59330000 - 0x00007ffc5935d000 	C:\WINDOWS\system32\DWMAPI.DLL
0x00007ffc38280000 - 0x00007ffc38447000 	C:\WINDOWS\system32\d3d9.dll
0x00007ffc59630000 - 0x00007ffc59650000 	C:\WINDOWS\SYSTEM32\dxcore.dll
0x00007ffc31640000 - 0x00007ffc326f6000 	C:\WINDOWS\SYSTEM32\nvd3dumx.dll
0x00007ffc521a0000 - 0x00007ffc5230c000 	C:\Program Files (x86)\NVIDIA Corporation\3D Vision\nvSCPAPI64.dll
0x00007ffc5bcc0000 - 0x00007ffc5c130000 	C:\WINDOWS\System32\SETUPAPI.dll
0x00007ffc5b450000 - 0x00007ffc5b476000 	C:\WINDOWS\System32\bcrypt.dll
0x0000000077e30000 - 0x0000000077e77000 	C:\Program Files\Java\jdk1.8.0_111\jre\bin\fontmanager.dll
0x0000000077ea0000 - 0x0000000077eba000 	C:\Program Files\Java\jdk1.8.0_111\jre\bin\net.dll
0x00007ffc5a1f0000 - 0x00007ffc5a257000 	C:\WINDOWS\system32\mswsock.dll
0x0000000077e80000 - 0x0000000077e91000 	C:\Program Files\Java\jdk1.8.0_111\jre\bin\nio.dll
0x0000000077c00000 - 0x0000000077c42000 	C:\Program Files\Java\jdk1.8.0_111\jre\bin\t2k.dll
0x00007ffc4ea20000 - 0x00007ffc4eabe000 	C:\WINDOWS\System32\TextInputFramework.dll
0x00007ffc54b30000 - 0x00007ffc54e5a000 	C:\WINDOWS\System32\CoreUIComponents.dll
0x00007ffc582b0000 - 0x00007ffc58384000 	C:\WINDOWS\System32\CoreMessaging.dll
0x00007ffc59a20000 - 0x00007ffc59a51000 	C:\WINDOWS\SYSTEM32\ntmarta.dll
0x00007ffc569c0000 - 0x00007ffc56b13000 	C:\WINDOWS\SYSTEM32\wintypes.dll
0x0000000077bd0000 - 0x0000000077bfa000 	C:\Program Files\Java\jdk1.8.0_111\jre\bin\dcpr.dll
0x00007ffc59d60000 - 0x00007ffc59d93000 	C:\WINDOWS\system32\rsaenh.dll
0x00007ffc5a8d0000 - 0x00007ffc5a8f5000 	C:\WINDOWS\SYSTEM32\USERENV.dll
0x00007ffc5a3c0000 - 0x00007ffc5a3cc000 	C:\WINDOWS\SYSTEM32\CRYPTBASE.dll
0x00007ffc59f00000 - 0x00007ffc59f3a000 	C:\WINDOWS\SYSTEM32\IPHLPAPI.DLL
0x00007ffc5d7a0000 - 0x00007ffc5d7a8000 	C:\WINDOWS\System32\NSI.dll
0x00007ffc4e430000 - 0x00007ffc4e446000 	C:\WINDOWS\SYSTEM32\dhcpcsvc6.DLL
0x00007ffc4e410000 - 0x00007ffc4e42c000 	C:\WINDOWS\SYSTEM32\dhcpcsvc.DLL
0x00007ffc59f40000 - 0x00007ffc5a00b000 	C:\WINDOWS\SYSTEM32\DNSAPI.dll
0x00007ffc4dee0000 - 0x00007ffc4deea000 	C:\Windows\System32\rasadhlp.dll
0x00007ffc4e620000 - 0x00007ffc4e697000 	C:\WINDOWS\System32\fwpuclnt.dll
0x00007ffc5c510000 - 0x00007ffc5c5b2000 	C:\WINDOWS\System32\clbcatq.dll
0x00007ffc54910000 - 0x00007ffc54abf000 	C:\WINDOWS\SYSTEM32\WindowsCodecs.dll
0x00007ffc46b10000 - 0x00007ffc46b4a000 	C:\WINDOWS\system32\dataexchange.dll
0x00007ffc57e70000 - 0x00007ffc580cb000 	C:\WINDOWS\system32\d3d11.dll
0x00007ffc580d0000 - 0x00007ffc582ac000 	C:\WINDOWS\system32\dcomp.dll
0x00007ffc596c0000 - 0x00007ffc597ab000 	C:\WINDOWS\system32\dxgi.dll
0x00007ffc58e10000 - 0x00007ffc59071000 	C:\WINDOWS\system32\twinapi.appcore.dll
0x00007ffc59240000 - 0x00007ffc59269000 	C:\WINDOWS\system32\RMCLIENT.dll
0x00007ffc4bbf0000 - 0x00007ffc4bde4000 	C:\WINDOWS\SYSTEM32\dbghelp.dll

VM Arguments:
jvm_args: -Dfile.encoding=UTF-8 
java_command: mobile_phone_shop.Mobile_Phone_Shop
java_class_path (initial): C:\Users\Nuwantha Kumara\Documents\NetBeansProjects\Mobile_Phone_Shop\lib\swingx-2007_10_07.jar;C:\Users\Nuwantha Kumara\Documents\NetBeansProjects\Mobile_Phone_Shop\lib\jcalendar-1.4.jar;C:\Users\Nuwantha Kumara\Documents\NetBeansProjects\Mobile_Phone_Shop\lib\l2fprod-common-all.jar;C:\Users\Nuwantha Kumara\Documents\NetBeansProjects\Mobile_Phone_Shop\lib\RojeruSan.lib.jar;C:\Users\Nuwantha Kumara\Documents\NetBeansProjects\Mobile_Phone_Shop\lib\edisoncorSX.jar;C:\Users\Nuwantha Kumara\Documents\NetBeansProjects\Mobile_Phone_Shop\lib\swingx-core-1.6.2.jar;C:\Users\Nuwantha Kumara\Documents\NetBeansProjects\Mobile_Phone_Shop\lib\jcMousePanel.jar;C:\Users\Nuwantha Kumara\Documents\NetBeansProjects\Mobile_Phone_Shop\lib\JCPanel.jar;C:\Users\Nuwantha Kumara\Documents\NetBeansProjects\Mobile_Phone_Shop\lib\DateChooser.jar;C:\Users\Nuwantha Kumara\Documents\NetBeansProjects\Mobile_Phone_Shop\lib\mysql-connector-java-5.0.7-bin.jar;C:\Users\Nuwantha Kumara\Documents\NetBeansProjects\Mobile_Phone_Shop\build\classes
Launcher Type: SUN_STANDARD

Environment Variables:
PATH=C:\Program Files (x86)\Common Files\Oracle\Java\javapath;C:\Windows\system32;C:\Windows;C:\Windows\System32\Wbem;C:\Windows\System32\WindowsPowerShell\v1.0\;C:\Windows\System32\OpenSSH\;C:\Program Files (x86)\GtkSharp\2.12\bin;C:\Program Files (x86)\MySQL\MySQL Server 5.1\bin;C:\Program Files (x86)\NVIDIA Corporation\PhysX\Common;%SystemRoot%\system32;%SystemRoot%;%SystemRoot%\System32\Wbem;%SYSTEMROOT%\System32\WindowsPowerShell\v1.0\;%SYSTEMROOT%\System32\OpenSSH\;C:\Users\Nuwantha Kumara\AppData\Local\Microsoft\WindowsApps;;C:\Program Files\JetBrains\IntelliJ IDEA Community Edition 2020.2.3\bin;
USERNAME=Nuwantha Kumara
OS=Windows_NT
PROCESSOR_IDENTIFIER=Intel64 Family 6 Model 23 Stepping 10, GenuineIntel



---------------  S Y S T E M  ---------------

OS: Windows 10.0 , 64 bit Build 18362 (10.0.18362.900)

CPU:total 2 (2 cores per cpu, 1 threads per core) family 6 model 23 stepping 10, cmov, cx8, fxsr, mmx, sse, sse2, sse3, ssse3, sse4.1, tsc

Memory: 4k page, physical 2095596k(306168k free), swap 10861036k(6762160k free)

vm_info: Java HotSpot(TM) 64-Bit Server VM (25.111-b14) for windows-amd64 JRE (1.8.0_111-b14), built on Sep 22 2016 19:24:05 by "java_re" with MS VC++ 10.0 (VS2010)

time: Sun Dec 13 17:14:25 2020
elapsed time: 16 seconds (0d 0h 0m 16s)

