#
# A fatal error has been detected by the Java Runtime Environment:
#
#  EXCEPTION_ACCESS_VIOLATION (0xc0000005) at pc=0xffffffffa36d5120, pid=12764, tid=0x00000000000037fc
#
# JRE version: Java(TM) SE Runtime Environment (8.0_111-b14) (build 1.8.0_111-b14)
# Java VM: Java HotSpot(TM) 64-Bit Server VM (25.111-b14 mixed mode windows-amd64 compressed oops)
# Problematic frame:
# C  0xffffffffa36d5120
#
# Failed to write core dump. Minidumps are not enabled by default on client versions of Windows
#
# If you would like to submit a bug report, please visit:
#   http://bugreport.java.com/bugreport/crash.jsp
#

---------------  T H R E A D  ---------------

Current thread (0x000000001638c800):  JavaThread "AWT-EventQueue-0" [_thread_in_Java, id=14332, stack(0x0000000017150000,0x0000000017250000)]

siginfo: ExceptionCode=0xc0000005, ExceptionInformation=0x0000000000000008 0xffffffffa36d5120

Registers:
RAX=0x000000001925c4f8, RBX=0x00000000eb8c0e08, RCX=0x0000000000000001, RDX=0x00000000eb8c0e08
RSP=0x000000001724c658, RBP=0x00000000eb8c2270, RSI=0x00000000eb8c0e08, RDI=0x00000000eb598b68
R8 =0x00000000eb598b68, R9 =0x0000000000000118, R10=0x00000000eb8c22b8, R11=0x00000000eb8c22e8
R12=0x0000000000000000, R13=0x000000000293e1c4, R14=0x000000001724c658, R15=0x000000001638c800
RIP=0xffffffffa36d5120, EFLAGS=0x0000000000010206

Top of Stack: (sp=0x000000001724c658)
0x000000001724c658:   0000000002aba0ac 00000000eb408448
0x000000001724c668:   0000000000000000 00000000eb8c1e40
0x000000001724c678:   0000000002976c7c 000000001724c6f0
0x000000001724c688:   00000000026d7e20 00000000eb8bdcc8
0x000000001724c698:   00000000026d7e20 0000009300000000
0x000000001724c6a8:   00000000eb8c0e08 00000000eb8c2270
0x000000001724c6b8:   0000000000000000 00000000eb8c2180
0x000000001724c6c8:   0000000002995cc8 00000000eb8c2270
0x000000001724c6d8:   000000000297905c 0000000000000000
0x000000001724c6e8:   000000001724c710 00000000eb8c1fa0
0x000000001724c6f8:   00000000029334b4 0000000000000000
0x000000001724c708:   00000000eb91b380 00000000eb5983f8
0x000000001724c718:   00000000eb91b380 000000001724c720
0x000000001724c728:   00000000144d7e52 000000001724c778
0x000000001724c738:   00000000147c1bb0 0000000000000000
0x000000001724c748:   00000000eb8c0e08 00000000eb8c1e40 

Instructions: (pc=0xffffffffa36d5120)
0xffffffffa36d5100:   
[error occurred during error reporting (printing registers, top of stack, instructions near pc), id 0xc0000005]

Register to memory mapping:

RAX=0x000000001925c4f8 is pointing into metadata
RBX=0x00000000eb8c0e08 is an oop
javax.swing.GroupLayout 
 - klass: 'javax/swing/GroupLayout'
RCX=0x0000000000000001 is an unknown value
RDX=0x00000000eb8c0e08 is an oop
javax.swing.GroupLayout 
 - klass: 'javax/swing/GroupLayout'
RSP=0x000000001724c658 is pointing into the stack for thread: 0x000000001638c800
RBP=0x00000000eb8c2270 is an oop
javax.swing.GroupLayout$ComponentSpring 
 - klass: 'javax/swing/GroupLayout$ComponentSpring'
RSI=0x00000000eb8c0e08 is an oop
javax.swing.GroupLayout 
 - klass: 'javax/swing/GroupLayout'
RDI=0x00000000eb598b68 is an oop
javax.swing.JTextField 
 - klass: 'javax/swing/JTextField'
R8 =0x00000000eb598b68 is an oop
javax.swing.JTextField 
 - klass: 'javax/swing/JTextField'
R9 =0x0000000000000118 is an unknown value
R10=0x00000000eb8c22b8 is an oop
javax.swing.GroupLayout$ComponentInfo 
 - klass: 'javax/swing/GroupLayout$ComponentInfo'
R11=0x00000000eb8c22e8 is an oop
java.util.HashMap$Node 
 - klass: 'java/util/HashMap$Node'
R12=0x0000000000000000 is an unknown value
R13=0x000000000293e1c4 is at entry_point+900 in (nmethod*)0x000000000293dc90
R14=0x000000001724c658 is pointing into the stack for thread: 0x000000001638c800
R15=0x000000001638c800 is a thread


Stack: [0x0000000017150000,0x0000000017250000],  sp=0x000000001724c658,  free space=1009k
Native frames: (J=compiled Java code, j=interpreted, Vv=VM code, C=native code)
C  0xffffffffa36d5120


---------------  P R O C E S S  ---------------

Java Threads: ( => current thread )
  0x00000000167ec000 JavaThread "D3D Screen Updater" daemon [_thread_blocked, id=14488, stack(0x00000000199a0000,0x0000000019aa0000)]
  0x00000000165eb000 JavaThread "Image Fetcher 3" daemon [_thread_blocked, id=12396, stack(0x0000000019440000,0x0000000019540000)]
  0x00000000165d9000 JavaThread "Image Fetcher 2" daemon [_thread_blocked, id=12928, stack(0x0000000019340000,0x0000000019440000)]
  0x0000000016579800 JavaThread "Image Fetcher 1" daemon [_thread_blocked, id=14240, stack(0x0000000019040000,0x0000000019140000)]
  0x0000000016564000 JavaThread "Image Fetcher 0" daemon [_thread_blocked, id=8540, stack(0x0000000018f40000,0x0000000019040000)]
  0x0000000016561000 JavaThread "TimerQueue" daemon [_thread_blocked, id=13404, stack(0x0000000018e40000,0x0000000018f40000)]
  0x0000000002561800 JavaThread "DestroyJavaVM" [_thread_blocked, id=12884, stack(0x0000000002420000,0x0000000002520000)]
=>0x000000001638c800 JavaThread "AWT-EventQueue-0" [_thread_in_Java, id=14332, stack(0x0000000017150000,0x0000000017250000)]
  0x0000000016389800 JavaThread "AWT-Windows" daemon [_thread_in_native, id=12880, stack(0x0000000016ed0000,0x0000000016fd0000)]
  0x0000000016387000 JavaThread "AWT-Shutdown" [_thread_blocked, id=14000, stack(0x0000000016dd0000,0x0000000016ed0000)]
  0x0000000016386000 JavaThread "Java2D Disposer" daemon [_thread_blocked, id=14236, stack(0x0000000016cd0000,0x0000000016dd0000)]
  0x0000000014bcd000 JavaThread "Service Thread" daemon [_thread_blocked, id=14228, stack(0x0000000015d90000,0x0000000015e90000)]
  0x0000000014b5c800 JavaThread "C1 CompilerThread1" daemon [_thread_blocked, id=14472, stack(0x0000000015c90000,0x0000000015d90000)]
  0x0000000014b5a800 JavaThread "C2 CompilerThread0" daemon [_thread_blocked, id=13836, stack(0x0000000015b90000,0x0000000015c90000)]
  0x0000000014b59000 JavaThread "Attach Listener" daemon [_thread_blocked, id=13936, stack(0x0000000015a90000,0x0000000015b90000)]
  0x0000000014b56000 JavaThread "Signal Dispatcher" daemon [_thread_blocked, id=6708, stack(0x0000000015990000,0x0000000015a90000)]
  0x0000000014b48800 JavaThread "Finalizer" daemon [_thread_blocked, id=13780, stack(0x0000000015790000,0x0000000015890000)]
  0x000000000264d000 JavaThread "Reference Handler" daemon [_thread_blocked, id=2112, stack(0x0000000015690000,0x0000000015790000)]

Other Threads:
  0x0000000014b25800 VMThread [stack: 0x0000000015590000,0x0000000015690000] [id=13340]
  0x0000000014bfa000 WatcherThread [stack: 0x0000000015e90000,0x0000000015f90000] [id=14476]

VM state:not at safepoint (normal execution)

VM Mutex/Monitor currently owned by a thread: None

Heap:
 PSYoungGen      total 18944K, used 14508K [0x00000000eab00000, 0x00000000ec000000, 0x0000000100000000)
  eden space 16384K, 88% used [0x00000000eab00000,0x00000000eb92b3b8,0x00000000ebb00000)
  from space 2560K, 0% used [0x00000000ebd80000,0x00000000ebd80000,0x00000000ec000000)
  to   space 2560K, 0% used [0x00000000ebb00000,0x00000000ebb00000,0x00000000ebd80000)
 ParOldGen       total 44032K, used 0K [0x00000000c0000000, 0x00000000c2b00000, 0x00000000eab00000)
  object space 44032K, 0% used [0x00000000c0000000,0x00000000c0000000,0x00000000c2b00000)
 Metaspace       used 15966K, capacity 16176K, committed 16384K, reserved 1062912K
  class space    used 2200K, capacity 2294K, committed 2304K, reserved 1048576K

Card table byte_map: [0x0000000011a90000,0x0000000011ca0000] byte_map_base: 0x0000000011490000

Marking Bits: (ParMarkBitMap*) 0x000000007511a6c0
 Begin Bits: [0x0000000012000000, 0x0000000013000000)
 End Bits:   [0x0000000013000000, 0x0000000014000000)

Polling page: 0x0000000000c50000

CodeCache: size=245760Kb used=4078Kb max_used=4089Kb free=241681Kb
 bounds [0x00000000026d0000, 0x0000000002ae0000, 0x00000000116d0000]
 total_blobs=1720 nmethods=1168 adapters=466
 compilation: enabled

Compilation events (10 events):
Event: 1.428 Thread 0x0000000014b5c800 1164       3       javax.swing.GroupLayout$ContainerAutoPreferredGapSpring::updateSize (77 bytes)
Event: 1.428 Thread 0x0000000014b5c800 nmethod 1164 0x0000000002ac7e50 code [0x0000000002ac8000, 0x0000000002ac8968]
Event: 1.428 Thread 0x0000000014b5c800 1166       3       javax.swing.GroupLayout$ParallelGroup::setValidSize (46 bytes)
Event: 1.428 Thread 0x0000000014b5c800 nmethod 1166 0x0000000002ac8b90 code [0x0000000002ac8d40, 0x0000000002ac9338]
Event: 1.429 Thread 0x0000000014b5c800 1167       3       javax.swing.plaf.basic.BasicLabelUI::getBaselineResizeBehavior (72 bytes)
Event: 1.429 Thread 0x0000000014b5c800 nmethod 1167 0x0000000002ac9550 code [0x0000000002ac9700, 0x0000000002ac9cb8]
Event: 1.429 Thread 0x0000000014b5c800 1168       3       javax.swing.GroupLayout$ContainerAutoPreferredGapSpring::calculatePadding (313 bytes)
Event: 1.430 Thread 0x0000000014b5c800 nmethod 1168 0x0000000002ac9e50 code [0x0000000002aca140, 0x0000000002acbb98]
Event: 1.431 Thread 0x0000000014b5a800 nmethod 1159 0x0000000002acf710 code [0x0000000002acf8c0, 0x0000000002acfde8]
Event: 1.431 Thread 0x0000000014b5a800 1165       4       java.util.ArrayList$Itr::next (66 bytes)

GC Heap History (0 events):
No events

Deoptimization events (6 events):
Event: 1.064 Thread 0x000000001638c800 Uncommon trap: reason=unstable_if action=reinterpret pc=0x00000000028d27f0 method=java.lang.String.indexOf([CII[CIII)I @ 3
Event: 1.069 Thread 0x000000001638c800 Uncommon trap: reason=class_check action=maybe_recompile pc=0x00000000029ce780 method=java.util.HashMap.putVal(ILjava/lang/Object;Ljava/lang/Object;ZZ)Ljava/lang/Object; @ 253
Event: 1.069 Thread 0x000000001638c800 Uncommon trap: reason=class_check action=maybe_recompile pc=0x00000000029ce780 method=java.util.HashMap.putVal(ILjava/lang/Object;Ljava/lang/Object;ZZ)Ljava/lang/Object; @ 253
Event: 1.069 Thread 0x000000001638c800 Uncommon trap: reason=class_check action=maybe_recompile pc=0x00000000029ce780 method=java.util.HashMap.putVal(ILjava/lang/Object;Ljava/lang/Object;ZZ)Ljava/lang/Object; @ 253
Event: 1.069 Thread 0x000000001638c800 Uncommon trap: reason=class_check action=maybe_recompile pc=0x00000000029ce780 method=java.util.HashMap.putVal(ILjava/lang/Object;Ljava/lang/Object;ZZ)Ljava/lang/Object; @ 253
Event: 1.241 Thread 0x000000001638c800 Uncommon trap: reason=unstable_if action=reinterpret pc=0x0000000002a19f08 method=com.sun.imageio.plugins.gif.GIFImageReader.getCode(II)I @ 104

Internal exceptions (10 events):
Event: 0.123 Thread 0x0000000002561800 Exception <a 'java/security/PrivilegedActionException'> (0x00000000eab939d8) thrown at [C:\re\workspace\8-2-build-windows-amd64-cygwin\jdk8u111\7883\hotspot\src\share\vm\prims\jvm.cpp, line 1386]
Event: 0.123 Thread 0x0000000002561800 Exception <a 'java/security/PrivilegedActionException'> (0x00000000eab93be8) thrown at [C:\re\workspace\8-2-build-windows-amd64-cygwin\jdk8u111\7883\hotspot\src\share\vm\prims\jvm.cpp, line 1386]
Event: 0.183 Thread 0x0000000002561800 Exception <a 'java/security/PrivilegedActionException'> (0x00000000ead03338) thrown at [C:\re\workspace\8-2-build-windows-amd64-cygwin\jdk8u111\7883\hotspot\src\share\vm\prims\jvm.cpp, line 1386]
Event: 0.183 Thread 0x0000000002561800 Exception <a 'java/security/PrivilegedActionException'> (0x00000000ead03548) thrown at [C:\re\workspace\8-2-build-windows-amd64-cygwin\jdk8u111\7883\hotspot\src\share\vm\prims\jvm.cpp, line 1386]
Event: 0.184 Thread 0x0000000002561800 Exception <a 'java/security/PrivilegedActionException'> (0x00000000ead07430) thrown at [C:\re\workspace\8-2-build-windows-amd64-cygwin\jdk8u111\7883\hotspot\src\share\vm\prims\jvm.cpp, line 1386]
Event: 0.184 Thread 0x0000000002561800 Exception <a 'java/security/PrivilegedActionException'> (0x00000000ead07640) thrown at [C:\re\workspace\8-2-build-windows-amd64-cygwin\jdk8u111\7883\hotspot\src\share\vm\prims\jvm.cpp, line 1386]
Event: 0.190 Thread 0x0000000002561800 Exception <a 'java/io/FileNotFoundException'> (0x00000000ead09960) thrown at [C:\re\workspace\8-2-build-windows-amd64-cygwin\jdk8u111\7883\hotspot\src\share\vm\prims\jni.cpp, line 709]
Event: 0.234 Thread 0x0000000002561800 Exception <a 'java/lang/NoSuchFieldError': method resolution failed> (0x00000000eadd70e0) thrown at [C:\re\workspace\8-2-build-windows-amd64-cygwin\jdk8u111\7883\hotspot\src\share\vm\prims\methodHandles.cpp, line 1146]
Event: 0.244 Thread 0x0000000002561800 Exception <a 'java/lang/NoSuchFieldError': method resolution failed> (0x00000000eade44b0) thrown at [C:\re\workspace\8-2-build-windows-amd64-cygwin\jdk8u111\7883\hotspot\src\share\vm\prims\methodHandles.cpp, line 1146]
Event: 0.318 Thread 0x000000001638c800 Exception <a 'java/io/FileNotFoundException'> (0x00000000eaf42d48) thrown at [C:\re\workspace\8-2-build-windows-amd64-cygwin\jdk8u111\7883\hotspot\src\share\vm\prims\jni.cpp, line 709]

Events (10 events):
Event: 1.422 loading class com/sun/java/swing/plaf/windows/WindowsGraphicsUtils
Event: 1.423 loading class com/sun/java/swing/plaf/windows/WindowsGraphicsUtils done
Event: 1.426 loading class javax/swing/JTable$2
Event: 1.426 loading class javax/swing/JTable$Resizable3
Event: 1.426 loading class javax/swing/JTable$Resizable2
Event: 1.426 loading class javax/swing/JTable$Resizable2 done
Event: 1.426 loading class javax/swing/JTable$Resizable3 done
Event: 1.426 loading class javax/swing/JTable$2 done
Event: 1.426 loading class javax/swing/JTable$5
Event: 1.426 loading class javax/swing/JTable$5 done


Dynamic libraries:
0x00007ff77d3d0000 - 0x00007ff77d407000 	C:\Program Files\Java\jdk1.8.0_111\bin\java.exe
0x00007ffdbda30000 - 0x00007ffdbdc1d000 	C:\Windows\SYSTEM32\ntdll.dll
0x00007ffdbb770000 - 0x00007ffdbb823000 	C:\Windows\System32\KERNEL32.DLL
0x00007ffdba590000 - 0x00007ffdba823000 	C:\Windows\System32\KERNELBASE.dll
0x00007ffdbcd20000 - 0x00007ffdbcdc3000 	C:\Windows\System32\ADVAPI32.dll
0x00007ffdbd410000 - 0x00007ffdbd4ae000 	C:\Windows\System32\msvcrt.dll
0x00007ffdbd0b0000 - 0x00007ffdbd14e000 	C:\Windows\System32\sechost.dll
0x00007ffdbadc0000 - 0x00007ffdbaee3000 	C:\Windows\System32\RPCRT4.dll
0x00007ffdbaef0000 - 0x00007ffdbb087000 	C:\Windows\System32\USER32.dll
0x00007ffdba830000 - 0x00007ffdba850000 	C:\Windows\System32\win32u.dll
0x00007ffdbb090000 - 0x00007ffdbb0b9000 	C:\Windows\System32\GDI32.dll
0x00007ffdb9b00000 - 0x00007ffdb9c9a000 	C:\Windows\System32\gdi32full.dll
0x00007ffdb9ca0000 - 0x00007ffdb9d40000 	C:\Windows\System32\msvcp_win.dll
0x00007ffdbaa30000 - 0x00007ffdbab2c000 	C:\Windows\System32\ucrtbase.dll
0x00007ffdb2910000 - 0x00007ffdb2b89000 	C:\Windows\WinSxS\amd64_microsoft.windows.common-controls_6595b64144ccf1df_6.0.17763.107_none_05b63884071e656e\COMCTL32.dll
0x00007ffdbd620000 - 0x00007ffdbd94e000 	C:\Windows\System32\combase.dll
0x00007ffdbabe0000 - 0x00007ffdbac5e000 	C:\Windows\System32\bcryptPrimitives.dll
0x00007ffdbd3e0000 - 0x00007ffdbd40e000 	C:\Windows\System32\IMM32.DLL
0x0000000074820000 - 0x00000000748f2000 	C:\Program Files\Java\jdk1.8.0_111\jre\bin\msvcr100.dll
0x0000000074900000 - 0x000000007519a000 	C:\Program Files\Java\jdk1.8.0_111\jre\bin\server\jvm.dll
0x00007ffdbcdd0000 - 0x00007ffdbcdd8000 	C:\Windows\System32\PSAPI.DLL
0x00007ffdb7790000 - 0x00007ffdb77b4000 	C:\Windows\SYSTEM32\WINMM.dll
0x00007ffdb2b90000 - 0x00007ffdb2b9a000 	C:\Windows\SYSTEM32\VERSION.dll
0x00007ffdb7760000 - 0x00007ffdb778d000 	C:\Windows\SYSTEM32\WINMMBASE.dll
0x00007ffdb7bf0000 - 0x00007ffdb7bf9000 	C:\Windows\SYSTEM32\WSOCK32.dll
0x00007ffdb9d40000 - 0x00007ffdb9d8a000 	C:\Windows\System32\cfgmgr32.dll
0x00007ffdbb140000 - 0x00007ffdbb1ad000 	C:\Windows\System32\WS2_32.dll
0x00000000747d0000 - 0x00000000747df000 	C:\Program Files\Java\jdk1.8.0_111\jre\bin\verify.dll
0x00000000747a0000 - 0x00000000747c9000 	C:\Program Files\Java\jdk1.8.0_111\jre\bin\java.dll
0x0000000074780000 - 0x0000000074796000 	C:\Program Files\Java\jdk1.8.0_111\jre\bin\zip.dll
0x00007ffdbb830000 - 0x00007ffdbcd1f000 	C:\Windows\System32\SHELL32.dll
0x00007ffdbd330000 - 0x00007ffdbd3d8000 	C:\Windows\System32\shcore.dll
0x00007ffdb9de0000 - 0x00007ffdba528000 	C:\Windows\System32\windows.storage.dll
0x00007ffdb9a50000 - 0x00007ffdb9a74000 	C:\Windows\System32\profapi.dll
0x00007ffdb9a80000 - 0x00007ffdb9add000 	C:\Windows\System32\powrprof.dll
0x00007ffdbd2d0000 - 0x00007ffdbd322000 	C:\Windows\System32\shlwapi.dll
0x00007ffdb9ae0000 - 0x00007ffdb9af1000 	C:\Windows\System32\kernel.appcore.dll
0x00007ffdb9dc0000 - 0x00007ffdb9dd7000 	C:\Windows\System32\cryptsp.dll
0x00000000745a0000 - 0x0000000074738000 	C:\Program Files\Java\jdk1.8.0_111\jre\bin\awt.dll
0x00007ffdbd150000 - 0x00007ffdbd21b000 	C:\Windows\System32\OLEAUT32.dll
0x00007ffdb7d20000 - 0x00007ffdb7dac000 	C:\Windows\SYSTEM32\apphelp.dll
0x00007ffdb8060000 - 0x00007ffdb80fc000 	C:\Windows\system32\uxtheme.dll
0x00007ffdbd4b0000 - 0x00007ffdbd61a000 	C:\Windows\System32\MSCTF.dll
0x00007ffdb83b0000 - 0x00007ffdb83de000 	C:\Windows\system32\dwmapi.dll
0x00007ffdba850000 - 0x00007ffdbaa2b000 	C:\Windows\System32\CRYPT32.dll
0x00007ffdb9a30000 - 0x00007ffdb9a42000 	C:\Windows\System32\MSASN1.dll
0x00007ffdbac60000 - 0x00007ffdbadb5000 	C:\Windows\System32\ole32.dll
0x00007ffd8b4c0000 - 0x00007ffd8b65e000 	C:\Windows\system32\d3d9.dll
0x00007ffd7dcf0000 - 0x00007ffd7eda6000 	C:\Windows\SYSTEM32\nvd3dumx.dll
0x0000000074550000 - 0x0000000074597000 	C:\Program Files\Java\jdk1.8.0_111\jre\bin\fontmanager.dll
0x0000000074760000 - 0x000000007477a000 	C:\Program Files\Java\jdk1.8.0_111\jre\bin\net.dll
0x00007ffdb92c0000 - 0x00007ffdb9327000 	C:\Windows\system32\mswsock.dll
0x0000000074740000 - 0x0000000074751000 	C:\Program Files\Java\jdk1.8.0_111\jre\bin\nio.dll
0x0000000074500000 - 0x0000000074542000 	C:\Program Files\Java\jdk1.8.0_111\jre\bin\t2k.dll
0x00007ffdb1d00000 - 0x00007ffdb1d95000 	C:\Windows\System32\TextInputFramework.dll
0x00007ffdb7300000 - 0x00007ffdb73e2000 	C:\Windows\System32\CoreMessaging.dll
0x00007ffdb5c50000 - 0x00007ffdb5f72000 	C:\Windows\System32\CoreUIComponents.dll
0x00007ffdb8b00000 - 0x00007ffdb8b31000 	C:\Windows\SYSTEM32\ntmarta.dll
0x00007ffdb5af0000 - 0x00007ffdb5c43000 	C:\Windows\SYSTEM32\wintypes.dll
0x00000000744c0000 - 0x00000000744ea000 	C:\Program Files\Java\jdk1.8.0_111\jre\bin\dcpr.dll
0x00007ffdb8e80000 - 0x00007ffdb8eb3000 	C:\Windows\system32\rsaenh.dll
0x00007ffdb9d90000 - 0x00007ffdb9db6000 	C:\Windows\System32\bcrypt.dll
0x00007ffdb9960000 - 0x00007ffdb9988000 	C:\Windows\SYSTEM32\USERENV.dll
0x00007ffdb9490000 - 0x00007ffdb949c000 	C:\Windows\SYSTEM32\CRYPTBASE.dll
0x00007ffdb9020000 - 0x00007ffdb905d000 	C:\Windows\SYSTEM32\IPHLPAPI.DLL
0x00007ffdbb1b0000 - 0x00007ffdbb1b8000 	C:\Windows\System32\NSI.dll
0x00007ffdb3030000 - 0x00007ffdb3046000 	C:\Windows\SYSTEM32\dhcpcsvc6.DLL
0x00007ffdb31e0000 - 0x00007ffdb31fc000 	C:\Windows\SYSTEM32\dhcpcsvc.DLL
0x00007ffdb9060000 - 0x00007ffdb9126000 	C:\Windows\SYSTEM32\DNSAPI.dll
0x00007ffdbd220000 - 0x00007ffdbd2c2000 	C:\Windows\System32\clbcatq.dll
0x00007ffdb5910000 - 0x00007ffdb5ac8000 	C:\Windows\SYSTEM32\WindowsCodecs.dll
0x00007ffda0500000 - 0x00007ffda0556000 	C:\Windows\system32\dataexchange.dll
0x00007ffdb7440000 - 0x00007ffdb7603000 	C:\Windows\system32\dcomp.dll
0x00007ffdb87c0000 - 0x00007ffdb8882000 	C:\Windows\system32\dxgi.dll
0x00007ffdb6a90000 - 0x00007ffdb6d0e000 	C:\Windows\system32\d3d11.dll
0x00007ffdb81a0000 - 0x00007ffdb83ad000 	C:\Windows\system32\twinapi.appcore.dll
0x00007ffdb8150000 - 0x00007ffdb8178000 	C:\Windows\system32\RMCLIENT.dll
0x00007ffda56c0000 - 0x00007ffda58ad000 	C:\Windows\SYSTEM32\dbghelp.dll

VM Arguments:
jvm_args: -Dfile.encoding=UTF-8 
java_command: mobile_phone_shop.Mobile_Phone_Shop
java_class_path (initial): C:\Users\Samsung Pc\Documents\NetBeansProjects\Mobile_Phone_Shop\lib\swingx-2007_10_07.jar;C:\Users\Samsung Pc\Documents\NetBeansProjects\Mobile_Phone_Shop\lib\jcalendar-1.4.jar;C:\Users\Samsung Pc\Documents\NetBeansProjects\Mobile_Phone_Shop\lib\l2fprod-common-all.jar;C:\Users\Samsung Pc\Documents\NetBeansProjects\Mobile_Phone_Shop\lib\RojeruSan.lib.jar;C:\Users\Samsung Pc\Documents\NetBeansProjects\Mobile_Phone_Shop\lib\edisoncorSX.jar;C:\Users\Samsung Pc\Documents\NetBeansProjects\Mobile_Phone_Shop\lib\swingx-core-1.6.2.jar;C:\Users\Samsung Pc\Documents\NetBeansProjects\Mobile_Phone_Shop\lib\jcMousePanel.jar;C:\Users\Samsung Pc\Documents\NetBeansProjects\Mobile_Phone_Shop\lib\JCPanel.jar;C:\Users\Samsung Pc\Documents\NetBeansProjects\Mobile_Phone_Shop\lib\DateChooser.jar;C:\Users\Samsung Pc\Documents\NetBeansProjects\Mobile_Phone_Shop\lib\mysql-connector-java-5.0.7-bin.jar;C:\Users\Samsung Pc\Documents\NetBeansProjects\Mobile_Phone_Shop\build\classes
Launcher Type: SUN_STANDARD

Environment Variables:
PATH=C:\ProgramData\Oracle\Java\javapath;C:\Windows\system32;C:\Windows;C:\Windows\System32\Wbem;C:\Windows\System32\WindowsPowerShell\v1.0\;C:\Windows\System32\OpenSSH\;C:\Program Files (x86)\MySQL\MySQL Server 5.1\bin;C:\Program Files\Java\jdk1.8.0_111\bin;C:\Program Files\Java\jre1.8.0_111\bin;C:\Program Files (x86)\Java\jdk1.7.0\bin;C:\Program Files (x86)\Java\jre7\bin;C:\Program Files (x86)\Brackets\command;C:\Users\Samsung Pc\AppData\Local\Microsoft\WindowsApps;
USERNAME=Samsung Pc
OS=Windows_NT
PROCESSOR_IDENTIFIER=Intel64 Family 6 Model 23 Stepping 10, GenuineIntel



---------------  S Y S T E M  ---------------

OS: Windows 10.0 , 64 bit Build 17763 (10.0.17763.1)

CPU:total 2 (2 cores per cpu, 1 threads per core) family 6 model 23 stepping 10, cmov, cx8, fxsr, mmx, sse, sse2, sse3, ssse3, sse4.1, tsc

Memory: 4k page, physical 4192748k(652348k free), swap 7204192k(1818780k free)

vm_info: Java HotSpot(TM) 64-Bit Server VM (25.111-b14) for windows-amd64 JRE (1.8.0_111-b14), built on Sep 22 2016 19:24:05 by "java_re" with MS VC++ 10.0 (VS2010)

time: Wed Mar 06 05:22:06 2019
elapsed time: 1 seconds (0d 0h 0m 1s)

