#
# A fatal error has been detected by the Java Runtime Environment:
#
#  EXCEPTION_ACCESS_VIOLATION (0xc0000005) at pc=0xffffffffa3525120, pid=14820, tid=0x0000000000003a54
#
# JRE version: Java(TM) SE Runtime Environment (8.0_111-b14) (build 1.8.0_111-b14)
# Java VM: Java HotSpot(TM) 64-Bit Server VM (25.111-b14 mixed mode windows-amd64 compressed oops)
# Problematic frame:
# C  0xffffffffa3525120
#
# Failed to write core dump. Minidumps are not enabled by default on client versions of Windows
#
# If you would like to submit a bug report, please visit:
#   http://bugreport.java.com/bugreport/crash.jsp
#

---------------  T H R E A D  ---------------

Current thread (0x0000000016195000):  JavaThread "AWT-EventQueue-0" [_thread_in_Java, id=14932, stack(0x0000000016710000,0x0000000016810000)]

siginfo: ExceptionCode=0xc0000005, ExceptionInformation=0x0000000000000008 0xffffffffa3525120

Registers:
RAX=0x0000000014199af8, RBX=0x0000000014199af8, RCX=0x00000000eb3ac440, RDX=0x00000000eb3ac440
RSP=0x000000001680a438, RBP=0x000000001680a4a0, RSI=0x00000000000001ed, RDI=0x0000000000000108
R8 =0x0000000000001840, R9 =0x0000000016172290, R10=0x00000000750fc0c0, R11=0x0000000002765e40
R12=0x0000000000000000, R13=0x000000001680a450, R14=0x0000000000000000, R15=0x0000000016195000
RIP=0xffffffffa3525120, EFLAGS=0x0000000000010202

Top of Stack: (sp=0x000000001680a438)
0x000000001680a438:   00000000025277a0 000000001680a4a0
0x000000001680a448:   00000000025277a0 0000000000001840
0x000000001680a458:   00000000eb3ac440 000000001680a460
0x000000001680a468:   000000001419d54a 000000001680a4b8
0x000000001680a478:   00000000141a2110 0000000000000000
0x000000001680a488:   000000001419d560 000000001680a450
0x000000001680a498:   000000001680a4b0 000000001680a500
0x000000001680a4a8:   0000000002527940 0000000000001840
0x000000001680a4b8:   00000000eb3ac440 000000001680a4c0
0x000000001680a4c8:   000000001911709c 000000001680a510
0x000000001680a4d8:   00000000191179a0 0000000000000000
0x000000001680a4e8:   00000000191170a8 000000001680a4b0
0x000000001680a4f8:   000000001680a510 000000001680a568
0x000000001680a508:   0000000002527940 00000000eb3ac598
0x000000001680a518:   00000000000000a0 00000000eb3ac880
0x000000001680a528:   000000001680a528 000000001911606f 

Instructions: (pc=0xffffffffa3525120)
0xffffffffa3525100:   
[error occurred during error reporting (printing registers, top of stack, instructions near pc), id 0xc0000005]

Register to memory mapping:

RAX={method} {0x0000000014199b00} '_get' '(I)B' in 'java/nio/HeapByteBuffer'
RBX={method} {0x0000000014199b00} '_get' '(I)B' in 'java/nio/HeapByteBuffer'
RCX=0x00000000eb3ac440 is an oop
java.nio.HeapByteBuffer 
 - klass: 'java/nio/HeapByteBuffer'
RDX=0x00000000eb3ac440 is an oop
java.nio.HeapByteBuffer 
 - klass: 'java/nio/HeapByteBuffer'
RSP=0x000000001680a438 is pointing into the stack for thread: 0x0000000016195000
RBP=0x000000001680a4a0 is pointing into the stack for thread: 0x0000000016195000
RSI=0x00000000000001ed is an unknown value
RDI=0x0000000000000108 is an unknown value
R8 =0x0000000000001840 is an unknown value
R9 =0x0000000016172290 is an unknown value
R10=0x00000000750fc0c0 is an unknown value
R11=0x0000000002765e40 is at entry_point+32 in (nmethod*)0x0000000002765cd0
R12=0x0000000000000000 is an unknown value
R13=0x000000001680a450 is pointing into the stack for thread: 0x0000000016195000
R14=0x0000000000000000 is an unknown value
R15=0x0000000016195000 is a thread


Stack: [0x0000000016710000,0x0000000016810000],  sp=0x000000001680a438,  free space=1001k
Native frames: (J=compiled Java code, j=interpreted, Vv=VM code, C=native code)
C  0xffffffffa3525120


---------------  P R O C E S S  ---------------

Java Threads: ( => current thread )
  0x00000000161e9800 JavaThread "Image Fetcher 3" daemon [_thread_blocked, id=14960, stack(0x0000000018f00000,0x0000000019000000)]
  0x0000000018380800 JavaThread "Image Fetcher 2" daemon [_thread_blocked, id=14956, stack(0x0000000018e00000,0x0000000018f00000)]
  0x0000000018376000 JavaThread "Image Fetcher 1" daemon [_thread_blocked, id=14952, stack(0x0000000018d00000,0x0000000018e00000)]
  0x00000000161e2000 JavaThread "Image Fetcher 0" daemon [_thread_blocked, id=14948, stack(0x0000000018c00000,0x0000000018d00000)]
  0x00000000161e1800 JavaThread "TimerQueue" daemon [_thread_blocked, id=14944, stack(0x0000000018b00000,0x0000000018c00000)]
  0x0000000002421800 JavaThread "DestroyJavaVM" [_thread_blocked, id=14872, stack(0x00000000022d0000,0x00000000023d0000)]
=>0x0000000016195000 JavaThread "AWT-EventQueue-0" [_thread_in_Java, id=14932, stack(0x0000000016710000,0x0000000016810000)]
  0x000000001618c000 JavaThread "AWT-Windows" daemon [_thread_in_native, id=14928, stack(0x0000000016530000,0x0000000016630000)]
  0x000000001618b000 JavaThread "AWT-Shutdown" [_thread_blocked, id=14924, stack(0x0000000016430000,0x0000000016530000)]
  0x0000000016189800 JavaThread "Java2D Disposer" daemon [_thread_blocked, id=14920, stack(0x0000000016330000,0x0000000016430000)]
  0x0000000014a0d000 JavaThread "Service Thread" daemon [_thread_blocked, id=14912, stack(0x0000000015bf0000,0x0000000015cf0000)]
  0x0000000014a05800 JavaThread "C1 CompilerThread1" daemon [_thread_blocked, id=14908, stack(0x0000000015af0000,0x0000000015bf0000)]
  0x00000000149ac000 JavaThread "C2 CompilerThread0" daemon [_thread_blocked, id=14904, stack(0x00000000159f0000,0x0000000015af0000)]
  0x00000000149aa800 JavaThread "Attach Listener" daemon [_thread_blocked, id=14900, stack(0x00000000158f0000,0x00000000159f0000)]
  0x00000000149a5800 JavaThread "Signal Dispatcher" daemon [_thread_blocked, id=14896, stack(0x00000000157f0000,0x00000000158f0000)]
  0x0000000002517000 JavaThread "Finalizer" daemon [_thread_blocked, id=14892, stack(0x00000000155f0000,0x00000000156f0000)]
  0x000000000250d000 JavaThread "Reference Handler" daemon [_thread_blocked, id=14888, stack(0x00000000154f0000,0x00000000155f0000)]

Other Threads:
  0x0000000014975800 VMThread [stack: 0x00000000153f0000,0x00000000154f0000] [id=14884]
  0x0000000014a29800 WatcherThread [stack: 0x0000000015cf0000,0x0000000015df0000] [id=14916]

VM state:not at safepoint (normal execution)

VM Mutex/Monitor currently owned by a thread: None

Heap:
 PSYoungGen      total 18944K, used 8900K [0x00000000eab00000, 0x00000000ec000000, 0x0000000100000000)
  eden space 16384K, 54% used [0x00000000eab00000,0x00000000eb3b11c0,0x00000000ebb00000)
  from space 2560K, 0% used [0x00000000ebd80000,0x00000000ebd80000,0x00000000ec000000)
  to   space 2560K, 0% used [0x00000000ebb00000,0x00000000ebb00000,0x00000000ebd80000)
 ParOldGen       total 44032K, used 0K [0x00000000c0000000, 0x00000000c2b00000, 0x00000000eab00000)
  object space 44032K, 0% used [0x00000000c0000000,0x00000000c0000000,0x00000000c2b00000)
 Metaspace       used 10520K, capacity 10718K, committed 11008K, reserved 1058816K
  class space    used 1335K, capacity 1415K, committed 1536K, reserved 1048576K

Card table byte_map: [0x00000000118e0000,0x0000000011af0000] byte_map_base: 0x00000000112e0000

Marking Bits: (ParMarkBitMap*) 0x000000007511a6c0
 Begin Bits: [0x0000000011e50000, 0x0000000012e50000)
 End Bits:   [0x0000000012e50000, 0x0000000013e50000)

Polling page: 0x00000000003f0000

CodeCache: size=245760Kb used=2341Kb max_used=2341Kb free=243418Kb
 bounds [0x0000000002520000, 0x0000000002790000, 0x0000000011520000]
 total_blobs=1014 nmethods=563 adapters=366
 compilation: enabled

Compilation events (10 events):
Event: 0.657 Thread 0x0000000014a05800  558       1       java.nio.HeapByteBuffer::_get (7 bytes)
Event: 0.657 Thread 0x0000000014a05800 nmethod 558 0x00000000027689d0 code [0x0000000002768b20, 0x0000000002768c50]
Event: 0.657 Thread 0x0000000014a05800  561       3       java.nio.ByteBufferAsCharBufferB::get (16 bytes)
Event: 0.658 Thread 0x0000000014a05800 nmethod 561 0x0000000002768d10 code [0x0000000002768ec0, 0x00000000027694c8]
Event: 0.658 Thread 0x0000000014a05800  562       3       java.nio.ByteBufferAsCharBufferB::ix (9 bytes)
Event: 0.658 Thread 0x0000000014a05800 nmethod 562 0x0000000002769710 code [0x0000000002769860, 0x00000000027699b0]
Event: 0.658 Thread 0x0000000014a05800  559       3       java.nio.Bits::getCharB (16 bytes)
Event: 0.658 Thread 0x0000000014a05800 nmethod 559 0x0000000002769a10 code [0x0000000002769b80, 0x0000000002769ed8]
Event: 0.658 Thread 0x0000000014a05800  560       3       java.nio.Bits::makeChar (12 bytes)
Event: 0.658 Thread 0x0000000014a05800 nmethod 560 0x0000000002769fd0 code [0x000000000276a120, 0x000000000276a270]

GC Heap History (0 events):
No events

Deoptimization events (0 events):
No events

Internal exceptions (10 events):
Event: 0.136 Thread 0x0000000002421800 Exception <a 'java/security/PrivilegedActionException'> (0x00000000eab939d8) thrown at [C:\re\workspace\8-2-build-windows-amd64-cygwin\jdk8u111\7883\hotspot\src\share\vm\prims\jvm.cpp, line 1386]
Event: 0.136 Thread 0x0000000002421800 Exception <a 'java/security/PrivilegedActionException'> (0x00000000eab93be8) thrown at [C:\re\workspace\8-2-build-windows-amd64-cygwin\jdk8u111\7883\hotspot\src\share\vm\prims\jvm.cpp, line 1386]
Event: 0.196 Thread 0x0000000002421800 Exception <a 'java/security/PrivilegedActionException'> (0x00000000ead03478) thrown at [C:\re\workspace\8-2-build-windows-amd64-cygwin\jdk8u111\7883\hotspot\src\share\vm\prims\jvm.cpp, line 1386]
Event: 0.196 Thread 0x0000000002421800 Exception <a 'java/security/PrivilegedActionException'> (0x00000000ead03688) thrown at [C:\re\workspace\8-2-build-windows-amd64-cygwin\jdk8u111\7883\hotspot\src\share\vm\prims\jvm.cpp, line 1386]
Event: 0.197 Thread 0x0000000002421800 Exception <a 'java/security/PrivilegedActionException'> (0x00000000ead07570) thrown at [C:\re\workspace\8-2-build-windows-amd64-cygwin\jdk8u111\7883\hotspot\src\share\vm\prims\jvm.cpp, line 1386]
Event: 0.197 Thread 0x0000000002421800 Exception <a 'java/security/PrivilegedActionException'> (0x00000000ead07780) thrown at [C:\re\workspace\8-2-build-windows-amd64-cygwin\jdk8u111\7883\hotspot\src\share\vm\prims\jvm.cpp, line 1386]
Event: 0.202 Thread 0x0000000002421800 Exception <a 'java/io/FileNotFoundException'> (0x00000000ead09aa0) thrown at [C:\re\workspace\8-2-build-windows-amd64-cygwin\jdk8u111\7883\hotspot\src\share\vm\prims\jni.cpp, line 709]
Event: 0.251 Thread 0x0000000002421800 Exception <a 'java/lang/NoSuchFieldError': method resolution failed> (0x00000000eadd7360) thrown at [C:\re\workspace\8-2-build-windows-amd64-cygwin\jdk8u111\7883\hotspot\src\share\vm\prims\methodHandles.cpp, line 1146]
Event: 0.261 Thread 0x0000000002421800 Exception <a 'java/lang/NoSuchFieldError': method resolution failed> (0x00000000eade4730) thrown at [C:\re\workspace\8-2-build-windows-amd64-cygwin\jdk8u111\7883\hotspot\src\share\vm\prims\methodHandles.cpp, line 1146]
Event: 0.329 Thread 0x0000000016195000 Exception <a 'java/io/FileNotFoundException'> (0x00000000eaf42fc8) thrown at [C:\re\workspace\8-2-build-windows-amd64-cygwin\jdk8u111\7883\hotspot\src\share\vm\prims\jni.cpp, line 709]

Events (10 events):
Event: 0.656 loading class sun/font/TrueTypeGlyphMapper
Event: 0.656 loading class sun/font/TrueTypeGlyphMapper done
Event: 0.657 loading class sun/font/CMap
Event: 0.657 loading class sun/font/CMap done
Event: 0.657 loading class sun/font/CMap$NullCMapClass
Event: 0.657 loading class sun/font/CMap$NullCMapClass done
Event: 0.657 loading class sun/font/CMap$CMapFormat4
Event: 0.657 loading class sun/font/CMap$CMapFormat4 done
Event: 0.657 loading class java/nio/ByteBufferAsCharBufferB
Event: 0.657 loading class java/nio/ByteBufferAsCharBufferB done


Dynamic libraries:
0x00007ff77d3d0000 - 0x00007ff77d407000 	C:\Program Files\Java\jdk1.8.0_111\bin\java.exe
0x00007ffdbda30000 - 0x00007ffdbdc1d000 	C:\Windows\SYSTEM32\ntdll.dll
0x00007ffdbb770000 - 0x00007ffdbb823000 	C:\Windows\System32\KERNEL32.DLL
0x00007ffdba590000 - 0x00007ffdba823000 	C:\Windows\System32\KERNELBASE.dll
0x00007ffdbcd20000 - 0x00007ffdbcdc3000 	C:\Windows\System32\ADVAPI32.dll
0x00007ffdbd410000 - 0x00007ffdbd4ae000 	C:\Windows\System32\msvcrt.dll
0x00007ffdbd0b0000 - 0x00007ffdbd14e000 	C:\Windows\System32\sechost.dll
0x00007ffdbadc0000 - 0x00007ffdbaee3000 	C:\Windows\System32\RPCRT4.dll
0x00007ffdbaef0000 - 0x00007ffdbb087000 	C:\Windows\System32\USER32.dll
0x00007ffdba830000 - 0x00007ffdba850000 	C:\Windows\System32\win32u.dll
0x00007ffdbb090000 - 0x00007ffdbb0b9000 	C:\Windows\System32\GDI32.dll
0x00007ffdb9b00000 - 0x00007ffdb9c9a000 	C:\Windows\System32\gdi32full.dll
0x00007ffdb9ca0000 - 0x00007ffdb9d40000 	C:\Windows\System32\msvcp_win.dll
0x00007ffdbaa30000 - 0x00007ffdbab2c000 	C:\Windows\System32\ucrtbase.dll
0x00007ffdb2910000 - 0x00007ffdb2b89000 	C:\Windows\WinSxS\amd64_microsoft.windows.common-controls_6595b64144ccf1df_6.0.17763.107_none_05b63884071e656e\COMCTL32.dll
0x00007ffdbd620000 - 0x00007ffdbd94e000 	C:\Windows\System32\combase.dll
0x00007ffdbabe0000 - 0x00007ffdbac5e000 	C:\Windows\System32\bcryptPrimitives.dll
0x00007ffdbd3e0000 - 0x00007ffdbd40e000 	C:\Windows\System32\IMM32.DLL
0x0000000074820000 - 0x00000000748f2000 	C:\Program Files\Java\jdk1.8.0_111\jre\bin\msvcr100.dll
0x0000000074900000 - 0x000000007519a000 	C:\Program Files\Java\jdk1.8.0_111\jre\bin\server\jvm.dll
0x00007ffdbcdd0000 - 0x00007ffdbcdd8000 	C:\Windows\System32\PSAPI.DLL
0x00007ffdb7bf0000 - 0x00007ffdb7bf9000 	C:\Windows\SYSTEM32\WSOCK32.dll
0x00007ffdbb140000 - 0x00007ffdbb1ad000 	C:\Windows\System32\WS2_32.dll
0x00007ffdb7790000 - 0x00007ffdb77b4000 	C:\Windows\SYSTEM32\WINMM.dll
0x00007ffdb2b90000 - 0x00007ffdb2b9a000 	C:\Windows\SYSTEM32\VERSION.dll
0x00007ffdb7760000 - 0x00007ffdb778d000 	C:\Windows\SYSTEM32\WINMMBASE.dll
0x00007ffdb9d40000 - 0x00007ffdb9d8a000 	C:\Windows\System32\cfgmgr32.dll
0x00000000747d0000 - 0x00000000747df000 	C:\Program Files\Java\jdk1.8.0_111\jre\bin\verify.dll
0x00000000747a0000 - 0x00000000747c9000 	C:\Program Files\Java\jdk1.8.0_111\jre\bin\java.dll
0x0000000074780000 - 0x0000000074796000 	C:\Program Files\Java\jdk1.8.0_111\jre\bin\zip.dll
0x00007ffdbb830000 - 0x00007ffdbcd1f000 	C:\Windows\System32\SHELL32.dll
0x00007ffdbd330000 - 0x00007ffdbd3d8000 	C:\Windows\System32\shcore.dll
0x00007ffdb9de0000 - 0x00007ffdba528000 	C:\Windows\System32\windows.storage.dll
0x00007ffdb9a50000 - 0x00007ffdb9a74000 	C:\Windows\System32\profapi.dll
0x00007ffdb9a80000 - 0x00007ffdb9add000 	C:\Windows\System32\powrprof.dll
0x00007ffdbd2d0000 - 0x00007ffdbd322000 	C:\Windows\System32\shlwapi.dll
0x00007ffdb9ae0000 - 0x00007ffdb9af1000 	C:\Windows\System32\kernel.appcore.dll
0x00007ffdb9dc0000 - 0x00007ffdb9dd7000 	C:\Windows\System32\cryptsp.dll
0x00000000745a0000 - 0x0000000074738000 	C:\Program Files\Java\jdk1.8.0_111\jre\bin\awt.dll
0x00007ffdbd150000 - 0x00007ffdbd21b000 	C:\Windows\System32\OLEAUT32.dll
0x00007ffdb7d20000 - 0x00007ffdb7dac000 	C:\Windows\SYSTEM32\apphelp.dll
0x00007ffdb8060000 - 0x00007ffdb80fc000 	C:\Windows\system32\uxtheme.dll
0x00007ffdbd4b0000 - 0x00007ffdbd61a000 	C:\Windows\System32\MSCTF.dll
0x00007ffdb83b0000 - 0x00007ffdb83de000 	C:\Windows\system32\dwmapi.dll
0x00007ffdba850000 - 0x00007ffdbaa2b000 	C:\Windows\System32\CRYPT32.dll
0x00007ffdb9a30000 - 0x00007ffdb9a42000 	C:\Windows\System32\MSASN1.dll
0x00007ffdbac60000 - 0x00007ffdbadb5000 	C:\Windows\System32\ole32.dll
0x00007ffd8b4c0000 - 0x00007ffd8b65e000 	C:\Windows\system32\d3d9.dll
0x00007ffd7dcf0000 - 0x00007ffd7eda6000 	C:\Windows\SYSTEM32\nvd3dumx.dll
0x0000000074550000 - 0x0000000074597000 	C:\Program Files\Java\jdk1.8.0_111\jre\bin\fontmanager.dll
0x0000000074760000 - 0x000000007477a000 	C:\Program Files\Java\jdk1.8.0_111\jre\bin\net.dll
0x00007ffdb92c0000 - 0x00007ffdb9327000 	C:\Windows\system32\mswsock.dll
0x0000000074740000 - 0x0000000074751000 	C:\Program Files\Java\jdk1.8.0_111\jre\bin\nio.dll
0x0000000074500000 - 0x0000000074542000 	C:\Program Files\Java\jdk1.8.0_111\jre\bin\t2k.dll
0x00007ffda56c0000 - 0x00007ffda58ad000 	C:\Windows\SYSTEM32\dbghelp.dll

VM Arguments:
jvm_args: -Dfile.encoding=UTF-8 
java_command: mobile_phone_shop.Mobile_Phone_Shop
java_class_path (initial): C:\Users\Samsung Pc\Documents\NetBeansProjects\Mobile_Phone_Shop\lib\swingx-2007_10_07.jar;C:\Users\Samsung Pc\Documents\NetBeansProjects\Mobile_Phone_Shop\lib\jcalendar-1.4.jar;C:\Users\Samsung Pc\Documents\NetBeansProjects\Mobile_Phone_Shop\lib\l2fprod-common-all.jar;C:\Users\Samsung Pc\Documents\NetBeansProjects\Mobile_Phone_Shop\lib\RojeruSan.lib.jar;C:\Users\Samsung Pc\Documents\NetBeansProjects\Mobile_Phone_Shop\lib\edisoncorSX.jar;C:\Users\Samsung Pc\Documents\NetBeansProjects\Mobile_Phone_Shop\lib\swingx-core-1.6.2.jar;C:\Users\Samsung Pc\Documents\NetBeansProjects\Mobile_Phone_Shop\lib\jcMousePanel.jar;C:\Users\Samsung Pc\Documents\NetBeansProjects\Mobile_Phone_Shop\lib\JCPanel.jar;C:\Users\Samsung Pc\Documents\NetBeansProjects\Mobile_Phone_Shop\lib\DateChooser.jar;C:\Users\Samsung Pc\Documents\NetBeansProjects\Mobile_Phone_Shop\lib\mysql-connector-java-5.0.7-bin.jar;C:\Users\Samsung Pc\Documents\NetBeansProjects\Mobile_Phone_Shop\build\classes
Launcher Type: SUN_STANDARD

Environment Variables:
PATH=C:\ProgramData\Oracle\Java\javapath;C:\Windows\system32;C:\Windows;C:\Windows\System32\Wbem;C:\Windows\System32\WindowsPowerShell\v1.0\;C:\Windows\System32\OpenSSH\;C:\Program Files (x86)\MySQL\MySQL Server 5.1\bin;C:\Program Files\Java\jdk1.8.0_111\bin;C:\Program Files\Java\jre1.8.0_111\bin;C:\Program Files (x86)\Java\jdk1.7.0\bin;C:\Program Files (x86)\Java\jre7\bin;C:\Program Files (x86)\Brackets\command;C:\Users\Samsung Pc\AppData\Local\Microsoft\WindowsApps;
USERNAME=Samsung Pc
OS=Windows_NT
PROCESSOR_IDENTIFIER=Intel64 Family 6 Model 23 Stepping 10, GenuineIntel



---------------  S Y S T E M  ---------------

OS: Windows 10.0 , 64 bit Build 17763 (10.0.17763.1)

CPU:total 2 (2 cores per cpu, 1 threads per core) family 6 model 23 stepping 10, cmov, cx8, fxsr, mmx, sse, sse2, sse3, ssse3, sse4.1, tsc

Memory: 4k page, physical 4192748k(687556k free), swap 7204192k(1862228k free)

vm_info: Java HotSpot(TM) 64-Bit Server VM (25.111-b14) for windows-amd64 JRE (1.8.0_111-b14), built on Sep 22 2016 19:24:05 by "java_re" with MS VC++ 10.0 (VS2010)

time: Wed Mar 06 05:21:47 2019
elapsed time: 0 seconds (0d 0h 0m 0s)

