#
# A fatal error has been detected by the Java Runtime Environment:
#
#  EXCEPTION_ACCESS_VIOLATION (0xc0000005) at pc=0xffffffffa4045120, pid=8348, tid=0x00000000000035ec
#
# JRE version: Java(TM) SE Runtime Environment (8.0_111-b14) (build 1.8.0_111-b14)
# Java VM: Java HotSpot(TM) 64-Bit Server VM (25.111-b14 mixed mode windows-amd64 compressed oops)
# Problematic frame:
# C  0xffffffffa4045120
#
# Failed to write core dump. Minidumps are not enabled by default on client versions of Windows
#
# If you would like to submit a bug report, please visit:
#   http://bugreport.java.com/bugreport/crash.jsp
#

---------------  T H R E A D  ---------------

Current thread (0x000000000166e000):  JavaThread "main" [_thread_in_Java, id=13804, stack(0x0000000002e40000,0x0000000002f40000)]

siginfo: ExceptionCode=0xc0000005, ExceptionInformation=0x0000000000000008 0xffffffffa4045120

Registers:
RAX=0x00000000ead0dbb8, RBX=0x000000000000018e, RCX=0x000000000000035f, RDX=0x00000000ead0dbb8
RSP=0x0000000002f3bc98, RBP=0x0000000002f3bd80, RSI=0x000000000000018e, RDI=0x000000000000018f
R8 =0x00000000eac37dc8, R9 =0x00000000eac37dc8, R10=0x0000000100077698, R11=0x0000000003170f00
R12=0x0000000000000000, R13=0x0000000002f3bd20, R14=0x0000000000000000, R15=0x000000000166e000
RIP=0xffffffffa4045120, EFLAGS=0x0000000000010202

Top of Stack: (sp=0x0000000002f3bc98)
0x0000000002f3bc98:   00000000031710f4 0000000000000000
0x0000000002f3bca8:   0000000000000000 0000000002f3bdb0
0x0000000002f3bcb8:   0000000002f3bd28 000000000304809d
0x0000000002f3bcc8:   000000000166e000 0000000000000000
0x0000000002f3bcd8:   00000000ead0db10 00000000eac37dc8
0x0000000002f3bce8:   00000000ead0e068 00000000ead0f4b0
0x0000000002f3bcf8:   00000000ead0e068 0000000002f3bd80
0x0000000002f3bd08:   0000000003047ae0 0000000002f3bd80
0x0000000002f3bd18:   0000000003047ae0 00000000eac37dc8
0x0000000002f3bd28:   00000000ead0db10 0000000000000007
0x0000000002f3bd38:   00000000ead0dbb8 0000000002f3bd40
0x0000000002f3bd48:   0000000014f05bd9 0000000002f3bda0
0x0000000002f3bd58:   0000000014f08208 0000000000000000
0x0000000002f3bd68:   0000000014f05c10 0000000002f3bd20
0x0000000002f3bd78:   0000000002f3bd98 0000000002f3bde8
0x0000000002f3bd88:   0000000003047e20 0000000000000000 

Instructions: (pc=0xffffffffa4045120)
0xffffffffa4045100:   
[error occurred during error reporting (printing registers, top of stack, instructions near pc), id 0xc0000005]

Register to memory mapping:

RAX=0x00000000ead0dbb8 is an oop
jdk.internal.org.objectweb.asm.ByteVector 
 - klass: 'jdk/internal/org/objectweb/asm/ByteVector'
RBX=0x000000000000018e is an unknown value
RCX=0x000000000000035f is an unknown value
RDX=0x00000000ead0dbb8 is an oop
jdk.internal.org.objectweb.asm.ByteVector 
 - klass: 'jdk/internal/org/objectweb/asm/ByteVector'
RSP=0x0000000002f3bc98 is pointing into the stack for thread: 0x000000000166e000
RBP=0x0000000002f3bd80 is pointing into the stack for thread: 0x000000000166e000
RSI=0x000000000000018e is an unknown value
RDI=0x000000000000018f is an unknown value
R8 =0x00000000eac37dc8 is an oop
java.lang.String 
 - klass: 'java/lang/String'
R9 =0x00000000eac37dc8 is an oop
java.lang.String 
 - klass: 'java/lang/String'
R10=0x0000000100077698 is pointing into metadata
R11=0x0000000003170f00 is at entry_point+32 in (nmethod*)0x0000000003170d10
R12=0x0000000000000000 is an unknown value
R13=0x0000000002f3bd20 is pointing into the stack for thread: 0x000000000166e000
R14=0x0000000000000000 is an unknown value
R15=0x000000000166e000 is a thread


Stack: [0x0000000002e40000,0x0000000002f40000],  sp=0x0000000002f3bc98,  free space=1007k
Native frames: (J=compiled Java code, j=interpreted, Vv=VM code, C=native code)
C  0xffffffffa4045120


---------------  P R O C E S S  ---------------

Java Threads: ( => current thread )
  0x000000001553c000 JavaThread "Service Thread" daemon [_thread_blocked, id=4288, stack(0x0000000016700000,0x0000000016800000)]
  0x00000000154cc800 JavaThread "C1 CompilerThread1" daemon [_thread_blocked, id=8472, stack(0x0000000016600000,0x0000000016700000)]
  0x00000000154ca800 JavaThread "C2 CompilerThread0" daemon [_thread_blocked, id=13540, stack(0x0000000016500000,0x0000000016600000)]
  0x00000000154c9000 JavaThread "Attach Listener" daemon [_thread_blocked, id=11536, stack(0x0000000016400000,0x0000000016500000)]
  0x00000000154c6000 JavaThread "Signal Dispatcher" daemon [_thread_blocked, id=8700, stack(0x0000000016300000,0x0000000016400000)]
  0x00000000154b8800 JavaThread "Finalizer" daemon [_thread_blocked, id=12284, stack(0x0000000016100000,0x0000000016200000)]
  0x000000000302d000 JavaThread "Reference Handler" daemon [_thread_blocked, id=6064, stack(0x0000000016000000,0x0000000016100000)]
=>0x000000000166e000 JavaThread "main" [_thread_in_Java, id=13804, stack(0x0000000002e40000,0x0000000002f40000)]

Other Threads:
  0x0000000015495800 VMThread [stack: 0x0000000015f00000,0x0000000016000000] [id=9188]
  0x0000000015563000 WatcherThread [stack: 0x0000000016800000,0x0000000016900000] [id=9916]

VM state:not at safepoint (normal execution)

VM Mutex/Monitor currently owned by a thread: None

Heap:
 PSYoungGen      total 18944K, used 2318K [0x00000000eab00000, 0x00000000ec000000, 0x0000000100000000)
  eden space 16384K, 14% used [0x00000000eab00000,0x00000000ead43890,0x00000000ebb00000)
  from space 2560K, 0% used [0x00000000ebd80000,0x00000000ebd80000,0x00000000ec000000)
  to   space 2560K, 0% used [0x00000000ebb00000,0x00000000ebb00000,0x00000000ebd80000)
 ParOldGen       total 44032K, used 0K [0x00000000c0000000, 0x00000000c2b00000, 0x00000000eab00000)
  object space 44032K, 0% used [0x00000000c0000000,0x00000000c0000000,0x00000000c2b00000)
 Metaspace       used 4496K, capacity 4736K, committed 4992K, reserved 1056768K
  class space    used 501K, capacity 575K, committed 640K, reserved 1048576K

Card table byte_map: [0x0000000012400000,0x0000000012610000] byte_map_base: 0x0000000011e00000

Marking Bits: (ParMarkBitMap*) 0x000000007511a6c0
 Begin Bits: [0x0000000012970000, 0x0000000013970000)
 End Bits:   [0x0000000013970000, 0x0000000014970000)

Polling page: 0x0000000001530000

CodeCache: size=245760Kb used=1485Kb max_used=1497Kb free=244274Kb
 bounds [0x0000000003040000, 0x00000000032b0000, 0x0000000012040000]
 total_blobs=487 nmethods=223 adapters=179
 compilation: enabled

Compilation events (10 events):
Event: 0.250 Thread 0x00000000154cc800 nmethod 216 0x00000000031b1390 code [0x00000000031b1500, 0x00000000031b1838]
Event: 0.250 Thread 0x00000000154cc800  217       3       java.util.AbstractCollection::<init> (5 bytes)
Event: 0.250 Thread 0x00000000154cc800 nmethod 217 0x00000000031b1950 code [0x00000000031b1aa0, 0x00000000031b1c50]
Event: 0.253 Thread 0x00000000154cc800  219       3       java.lang.invoke.LambdaForm::internArgument (84 bytes)
Event: 0.253 Thread 0x00000000154cc800 nmethod 219 0x00000000031b1d10 code [0x00000000031b1ea0, 0x00000000031b2308]
Event: 0.253 Thread 0x00000000154cc800  220       3       java.lang.reflect.Array::newInstance (6 bytes)
Event: 0.254 Thread 0x00000000154cc800 nmethod 220 0x00000000031b2590 code [0x00000000031b2700, 0x00000000031b2868]
Event: 0.254 Thread 0x00000000154cc800  223       3       java.util.Collections$UnmodifiableCollection$1::next (10 bytes)
Event: 0.254 Thread 0x00000000154cc800 nmethod 223 0x00000000031b5f10 code [0x00000000031b6080, 0x00000000031b62a8]
Event: 0.254 Thread 0x00000000154ca800 nmethod 210 0x00000000031b6350 code [0x00000000031b64a0, 0x00000000031b6968]

GC Heap History (0 events):
No events

Deoptimization events (0 events):
No events

Internal exceptions (10 events):
Event: 0.132 Thread 0x000000000166e000 Exception <a 'java/security/PrivilegedActionException'> (0x00000000eab92050) thrown at [C:\re\workspace\8-2-build-windows-amd64-cygwin\jdk8u111\7883\hotspot\src\share\vm\prims\jvm.cpp, line 1386]
Event: 0.132 Thread 0x000000000166e000 Exception <a 'java/security/PrivilegedActionException'> (0x00000000eab93ac8) thrown at [C:\re\workspace\8-2-build-windows-amd64-cygwin\jdk8u111\7883\hotspot\src\share\vm\prims\jvm.cpp, line 1386]
Event: 0.133 Thread 0x000000000166e000 Exception <a 'java/security/PrivilegedActionException'> (0x00000000eab93cd8) thrown at [C:\re\workspace\8-2-build-windows-amd64-cygwin\jdk8u111\7883\hotspot\src\share\vm\prims\jvm.cpp, line 1386]
Event: 0.166 Thread 0x000000000166e000 Exception <a 'java/security/PrivilegedActionException'> (0x00000000eac21968) thrown at [C:\re\workspace\8-2-build-windows-amd64-cygwin\jdk8u111\7883\hotspot\src\share\vm\prims\jvm.cpp, line 1386]
Event: 0.166 Thread 0x000000000166e000 Exception <a 'java/security/PrivilegedActionException'> (0x00000000eac21b78) thrown at [C:\re\workspace\8-2-build-windows-amd64-cygwin\jdk8u111\7883\hotspot\src\share\vm\prims\jvm.cpp, line 1386]
Event: 0.167 Thread 0x000000000166e000 Exception <a 'java/security/PrivilegedActionException'> (0x00000000eac25a60) thrown at [C:\re\workspace\8-2-build-windows-amd64-cygwin\jdk8u111\7883\hotspot\src\share\vm\prims\jvm.cpp, line 1386]
Event: 0.167 Thread 0x000000000166e000 Exception <a 'java/security/PrivilegedActionException'> (0x00000000eac25c70) thrown at [C:\re\workspace\8-2-build-windows-amd64-cygwin\jdk8u111\7883\hotspot\src\share\vm\prims\jvm.cpp, line 1386]
Event: 0.172 Thread 0x000000000166e000 Exception <a 'java/io/FileNotFoundException'> (0x00000000eac27f90) thrown at [C:\re\workspace\8-2-build-windows-amd64-cygwin\jdk8u111\7883\hotspot\src\share\vm\prims\jni.cpp, line 709]
Event: 0.244 Thread 0x000000000166e000 Exception <a 'java/lang/NoSuchFieldError': method resolution failed> (0x00000000eacf68a0) thrown at [C:\re\workspace\8-2-build-windows-amd64-cygwin\jdk8u111\7883\hotspot\src\share\vm\prims\methodHandles.cpp, line 1146]
Event: 0.250 Thread 0x000000000166e000 Exception <a 'java/lang/NoSuchFieldError': method resolution failed> (0x00000000ead03c70) thrown at [C:\re\workspace\8-2-build-windows-amd64-cygwin\jdk8u111\7883\hotspot\src\share\vm\prims\methodHandles.cpp, line 1146]

Events (10 events):
Event: 0.204 loading class java/lang/invoke/WrongMethodTypeException
Event: 0.204 loading class java/lang/invoke/WrongMethodTypeException done
Event: 0.206 loading class java/lang/invoke/MethodHandleImpl$Lazy
Event: 0.206 loading class java/lang/invoke/MethodHandleImpl$Lazy done
Event: 0.206 loading class java/lang/invoke/MethodHandleImpl$IntrinsicMethodHandle
Event: 0.206 loading class java/lang/invoke/MethodHandleImpl$IntrinsicMethodHandle done
Event: 0.243 loading class java/lang/NoSuchFieldError
Event: 0.244 loading class java/lang/NoSuchFieldError done
Event: 0.244 loading class java/lang/IllegalAccessException
Event: 0.244 loading class java/lang/IllegalAccessException done


Dynamic libraries:
0x00007ff77d3d0000 - 0x00007ff77d407000 	C:\Program Files\Java\jdk1.8.0_111\bin\java.exe
0x00007ffdbda30000 - 0x00007ffdbdc1d000 	C:\Windows\SYSTEM32\ntdll.dll
0x00007ffdbb770000 - 0x00007ffdbb823000 	C:\Windows\System32\KERNEL32.DLL
0x00007ffdba590000 - 0x00007ffdba823000 	C:\Windows\System32\KERNELBASE.dll
0x00007ffdbcd20000 - 0x00007ffdbcdc3000 	C:\Windows\System32\ADVAPI32.dll
0x00007ffdbd410000 - 0x00007ffdbd4ae000 	C:\Windows\System32\msvcrt.dll
0x00007ffdbd0b0000 - 0x00007ffdbd14e000 	C:\Windows\System32\sechost.dll
0x00007ffdbadc0000 - 0x00007ffdbaee3000 	C:\Windows\System32\RPCRT4.dll
0x00007ffdbaef0000 - 0x00007ffdbb087000 	C:\Windows\System32\USER32.dll
0x00007ffdba830000 - 0x00007ffdba850000 	C:\Windows\System32\win32u.dll
0x00007ffdbb090000 - 0x00007ffdbb0b9000 	C:\Windows\System32\GDI32.dll
0x00007ffdb9b00000 - 0x00007ffdb9c9a000 	C:\Windows\System32\gdi32full.dll
0x00007ffdb9ca0000 - 0x00007ffdb9d40000 	C:\Windows\System32\msvcp_win.dll
0x00007ffdbaa30000 - 0x00007ffdbab2c000 	C:\Windows\System32\ucrtbase.dll
0x00007ffdb2910000 - 0x00007ffdb2b89000 	C:\Windows\WinSxS\amd64_microsoft.windows.common-controls_6595b64144ccf1df_6.0.17763.107_none_05b63884071e656e\COMCTL32.dll
0x00007ffdbd620000 - 0x00007ffdbd94e000 	C:\Windows\System32\combase.dll
0x00007ffdbabe0000 - 0x00007ffdbac5e000 	C:\Windows\System32\bcryptPrimitives.dll
0x00007ffdbd3e0000 - 0x00007ffdbd40e000 	C:\Windows\System32\IMM32.DLL
0x0000000074820000 - 0x00000000748f2000 	C:\Program Files\Java\jdk1.8.0_111\jre\bin\msvcr100.dll
0x0000000074900000 - 0x000000007519a000 	C:\Program Files\Java\jdk1.8.0_111\jre\bin\server\jvm.dll
0x00007ffdbcdd0000 - 0x00007ffdbcdd8000 	C:\Windows\System32\PSAPI.DLL
0x00007ffdb7bf0000 - 0x00007ffdb7bf9000 	C:\Windows\SYSTEM32\WSOCK32.dll
0x00007ffdbb140000 - 0x00007ffdbb1ad000 	C:\Windows\System32\WS2_32.dll
0x00007ffdb7790000 - 0x00007ffdb77b4000 	C:\Windows\SYSTEM32\WINMM.dll
0x00007ffdb2b90000 - 0x00007ffdb2b9a000 	C:\Windows\SYSTEM32\VERSION.dll
0x00007ffdb7760000 - 0x00007ffdb778d000 	C:\Windows\SYSTEM32\WINMMBASE.dll
0x00007ffdb9d40000 - 0x00007ffdb9d8a000 	C:\Windows\System32\cfgmgr32.dll
0x00000000747d0000 - 0x00000000747df000 	C:\Program Files\Java\jdk1.8.0_111\jre\bin\verify.dll
0x00000000747a0000 - 0x00000000747c9000 	C:\Program Files\Java\jdk1.8.0_111\jre\bin\java.dll
0x0000000074780000 - 0x0000000074796000 	C:\Program Files\Java\jdk1.8.0_111\jre\bin\zip.dll
0x00007ffdbb830000 - 0x00007ffdbcd1f000 	C:\Windows\System32\SHELL32.dll
0x00007ffdbd330000 - 0x00007ffdbd3d8000 	C:\Windows\System32\shcore.dll
0x00007ffdb9de0000 - 0x00007ffdba528000 	C:\Windows\System32\windows.storage.dll
0x00007ffdb9a50000 - 0x00007ffdb9a74000 	C:\Windows\System32\profapi.dll
0x00007ffdb9a80000 - 0x00007ffdb9add000 	C:\Windows\System32\powrprof.dll
0x00007ffdbd2d0000 - 0x00007ffdbd322000 	C:\Windows\System32\shlwapi.dll
0x00007ffdb9ae0000 - 0x00007ffdb9af1000 	C:\Windows\System32\kernel.appcore.dll
0x00007ffdb9dc0000 - 0x00007ffdb9dd7000 	C:\Windows\System32\cryptsp.dll
0x00000000745a0000 - 0x0000000074738000 	C:\Program Files\Java\jdk1.8.0_111\jre\bin\awt.dll
0x00007ffdbd150000 - 0x00007ffdbd21b000 	C:\Windows\System32\OLEAUT32.dll
0x00007ffdb7d20000 - 0x00007ffdb7dac000 	C:\Windows\SYSTEM32\apphelp.dll
0x00007ffda56c0000 - 0x00007ffda58ad000 	C:\Windows\SYSTEM32\dbghelp.dll

VM Arguments:
jvm_args: -Dfile.encoding=UTF-8 
java_command: Data_Entering_Frames.Sales_Finishing_Frame
java_class_path (initial): C:\Users\Samsung Pc\Documents\NetBeansProjects\Mobile_Phone_Shop\lib\swingx-2007_10_07.jar;C:\Users\Samsung Pc\Documents\NetBeansProjects\Mobile_Phone_Shop\lib\jcalendar-1.4.jar;C:\Users\Samsung Pc\Documents\NetBeansProjects\Mobile_Phone_Shop\lib\l2fprod-common-all.jar;C:\Users\Samsung Pc\Documents\NetBeansProjects\Mobile_Phone_Shop\lib\RojeruSan.lib.jar;C:\Users\Samsung Pc\Documents\NetBeansProjects\Mobile_Phone_Shop\lib\edisoncorSX.jar;C:\Users\Samsung Pc\Documents\NetBeansProjects\Mobile_Phone_Shop\lib\swingx-core-1.6.2.jar;C:\Users\Samsung Pc\Documents\NetBeansProjects\Mobile_Phone_Shop\lib\jcMousePanel.jar;C:\Users\Samsung Pc\Documents\NetBeansProjects\Mobile_Phone_Shop\lib\JCPanel.jar;C:\Users\Samsung Pc\Documents\NetBeansProjects\Mobile_Phone_Shop\lib\DateChooser.jar;C:\Users\Samsung Pc\Documents\NetBeansProjects\Mobile_Phone_Shop\lib\mysql-connector-java-5.0.7-bin.jar;C:\Users\Samsung Pc\Documents\NetBeansProjects\Mobile_Phone_Shop\build\classes
Launcher Type: SUN_STANDARD

Environment Variables:
PATH=C:\ProgramData\Oracle\Java\javapath;C:\Windows\system32;C:\Windows;C:\Windows\System32\Wbem;C:\Windows\System32\WindowsPowerShell\v1.0\;C:\Windows\System32\OpenSSH\;C:\Program Files (x86)\MySQL\MySQL Server 5.1\bin;C:\Program Files\Java\jdk1.8.0_111\bin;C:\Program Files\Java\jre1.8.0_111\bin;C:\Program Files (x86)\Java\jdk1.7.0\bin;C:\Program Files (x86)\Java\jre7\bin;C:\Program Files (x86)\Brackets\command;C:\Users\Samsung Pc\AppData\Local\Microsoft\WindowsApps;
USERNAME=Samsung Pc
OS=Windows_NT
PROCESSOR_IDENTIFIER=Intel64 Family 6 Model 23 Stepping 10, GenuineIntel



---------------  S Y S T E M  ---------------

OS: Windows 10.0 , 64 bit Build 17763 (10.0.17763.1)

CPU:total 2 (2 cores per cpu, 1 threads per core) family 6 model 23 stepping 10, cmov, cx8, fxsr, mmx, sse, sse2, sse3, ssse3, sse4.1, tsc

Memory: 4k page, physical 4192748k(938424k free), swap 7204192k(2397692k free)

vm_info: Java HotSpot(TM) 64-Bit Server VM (25.111-b14) for windows-amd64 JRE (1.8.0_111-b14), built on Sep 22 2016 19:24:05 by "java_re" with MS VC++ 10.0 (VS2010)

time: Wed Mar 06 05:56:23 2019
elapsed time: 0 seconds (0d 0h 0m 0s)

