#
# A fatal error has been detected by the Java Runtime Environment:
#
#  EXCEPTION_ACCESS_VIOLATION (0xc0000005) at pc=0xffffffffa42c5120, pid=8824, tid=0x0000000000001c98
#
# JRE version: Java(TM) SE Runtime Environment (8.0_111-b14) (build 1.8.0_111-b14)
# Java VM: Java HotSpot(TM) 64-Bit Server VM (25.111-b14 mixed mode windows-amd64 compressed oops)
# Problematic frame:
# C  0xffffffffa42c5120
#
# Failed to write core dump. Minidumps are not enabled by default on client versions of Windows
#
# If you would like to submit a bug report, please visit:
#   http://bugreport.java.com/bugreport/crash.jsp
#

---------------  T H R E A D  ---------------

Current thread (0x0000000016f26800):  JavaThread "AWT-EventQueue-0" [_thread_in_Java, id=7320, stack(0x00000000174e0000,0x00000000175e0000)]

siginfo: ExceptionCode=0xc0000005, ExceptionInformation=0x0000000000000008 0xffffffffa42c5120

Registers:
RAX=0x0000000014f39af8, RBX=0x0000000014f39af8, RCX=0x00000000eb20a478, RDX=0x00000000eb20a478
RSP=0x00000000175da218, RBP=0x00000000175da278, RSI=0x000000000000013f, RDI=0x0000000000000108
R8 =0x00000000000016e4, R9 =0x0000000016e9d710, R10=0x00000000754fc0c0, R11=0x00000000034e2400
R12=0x0000000000000000, R13=0x00000000175da228, R14=0x0000000000000000, R15=0x0000000016f26800
RIP=0xffffffffa42c5120, EFLAGS=0x0000000000010202

Top of Stack: (sp=0x00000000175da218)
0x00000000175da218:   00000000032c77a0 00000000032c77a0
0x00000000175da228:   00000000000016e4 00000000eb20a478
0x00000000175da238:   00000000175da238 0000000014f3d54a
0x00000000175da248:   00000000175da290 0000000014f42110
0x00000000175da258:   0000000000000000 0000000014f3d560
0x00000000175da268:   00000000175da228 00000000175da288
0x00000000175da278:   00000000175da2d8 00000000032c7940
0x00000000175da288:   00000000000016e4 00000000eb20a478
0x00000000175da298:   00000000175da298 0000000019d9a85c
0x00000000175da2a8:   00000000175da2e8 0000000019d9b160
0x00000000175da2b8:   0000000000000000 0000000019d9a868
0x00000000175da2c8:   00000000175da288 00000000175da2e8
0x00000000175da2d8:   00000000175da340 00000000032c7940
0x00000000175da2e8:   00000000eb20cd90 0000000000000094
0x00000000175da2f8:   00000000eb20cdc8 00000000175da300
0x00000000175da308:   0000000019d99811 00000000175da398 

Instructions: (pc=0xffffffffa42c5120)
0xffffffffa42c5100:   
[error occurred during error reporting (printing registers, top of stack, instructions near pc), id 0xc0000005]

Register to memory mapping:

RAX={method} {0x0000000014f39b00} '_get' '(I)B' in 'java/nio/HeapByteBuffer'
RBX={method} {0x0000000014f39b00} '_get' '(I)B' in 'java/nio/HeapByteBuffer'
RCX=0x00000000eb20a478 is an oop
java.nio.HeapByteBuffer 
 - klass: 'java/nio/HeapByteBuffer'
RDX=0x00000000eb20a478 is an oop
java.nio.HeapByteBuffer 
 - klass: 'java/nio/HeapByteBuffer'
RSP=0x00000000175da218 is pointing into the stack for thread: 0x0000000016f26800
RBP=0x00000000175da278 is pointing into the stack for thread: 0x0000000016f26800
RSI=0x000000000000013f is an unknown value
RDI=0x0000000000000108 is an unknown value
R8 =0x00000000000016e4 is an unknown value
R9 =0x0000000016e9d710 is an unknown value
R10=0x00000000754fc0c0 is an unknown value
R11=0x00000000034e2400 is at entry_point+32 in (nmethod*)0x00000000034e2290
R12=0x0000000000000000 is an unknown value
R13=0x00000000175da228 is pointing into the stack for thread: 0x0000000016f26800
R14=0x0000000000000000 is an unknown value
R15=0x0000000016f26800 is a thread


Stack: [0x00000000174e0000,0x00000000175e0000],  sp=0x00000000175da218,  free space=1000k
Native frames: (J=compiled Java code, j=interpreted, Vv=VM code, C=native code)
C  0xffffffffa42c5120


---------------  P R O C E S S  ---------------

Java Threads: ( => current thread )
  0x00000000192ee800 JavaThread "Image Fetcher 2" daemon [_thread_blocked, id=11872, stack(0x0000000019bd0000,0x0000000019cd0000)]
  0x00000000192ed800 JavaThread "Image Fetcher 1" daemon [_thread_blocked, id=264, stack(0x0000000019ad0000,0x0000000019bd0000)]
  0x0000000016f8c800 JavaThread "Image Fetcher 0" daemon [_thread_blocked, id=3280, stack(0x00000000199d0000,0x0000000019ad0000)]
  0x00000000031c1000 JavaThread "DestroyJavaVM" [_thread_blocked, id=10404, stack(0x0000000003010000,0x0000000003110000)]
=>0x0000000016f26800 JavaThread "AWT-EventQueue-0" [_thread_in_Java, id=7320, stack(0x00000000174e0000,0x00000000175e0000)]
  0x0000000016f24800 JavaThread "AWT-Windows" daemon [_thread_in_native, id=4892, stack(0x00000000172d0000,0x00000000173d0000)]
  0x0000000016f21800 JavaThread "AWT-Shutdown" [_thread_blocked, id=11220, stack(0x00000000171d0000,0x00000000172d0000)]
  0x0000000016f1f000 JavaThread "Java2D Disposer" daemon [_thread_blocked, id=1200, stack(0x00000000170d0000,0x00000000171d0000)]
  0x000000001577a800 JavaThread "Service Thread" daemon [_thread_blocked, id=3200, stack(0x0000000016990000,0x0000000016a90000)]
  0x000000001574c800 JavaThread "C1 CompilerThread1" daemon [_thread_blocked, id=7628, stack(0x0000000016890000,0x0000000016990000)]
  0x000000001574a800 JavaThread "C2 CompilerThread0" daemon [_thread_blocked, id=9452, stack(0x0000000016790000,0x0000000016890000)]
  0x0000000015749000 JavaThread "Attach Listener" daemon [_thread_blocked, id=3088, stack(0x0000000016690000,0x0000000016790000)]
  0x0000000015745800 JavaThread "Signal Dispatcher" daemon [_thread_blocked, id=8936, stack(0x0000000016590000,0x0000000016690000)]
  0x0000000015738800 JavaThread "Finalizer" daemon [_thread_blocked, id=7448, stack(0x0000000016390000,0x0000000016490000)]
  0x00000000032ad000 JavaThread "Reference Handler" daemon [_thread_blocked, id=6720, stack(0x0000000016290000,0x0000000016390000)]

Other Threads:
  0x0000000015715800 VMThread [stack: 0x0000000016190000,0x0000000016290000] [id=11644]
  0x000000001577f800 WatcherThread [stack: 0x0000000016a90000,0x0000000016b90000] [id=10348]

VM state:not at safepoint (normal execution)

VM Mutex/Monitor currently owned by a thread: None

Heap:
 PSYoungGen      total 18944K, used 7232K [0x00000000eab00000, 0x00000000ec000000, 0x0000000100000000)
  eden space 16384K, 44% used [0x00000000eab00000,0x00000000eb2101b8,0x00000000ebb00000)
  from space 2560K, 0% used [0x00000000ebd80000,0x00000000ebd80000,0x00000000ec000000)
  to   space 2560K, 0% used [0x00000000ebb00000,0x00000000ebb00000,0x00000000ebd80000)
 ParOldGen       total 44032K, used 0K [0x00000000c0000000, 0x00000000c2b00000, 0x00000000eab00000)
  object space 44032K, 0% used [0x00000000c0000000,0x00000000c0000000,0x00000000c2b00000)
 Metaspace       used 10155K, capacity 10324K, committed 10624K, reserved 1058816K
  class space    used 1250K, capacity 1346K, committed 1408K, reserved 1048576K

Card table byte_map: [0x0000000012680000,0x0000000012890000] byte_map_base: 0x0000000012080000

Marking Bits: (ParMarkBitMap*) 0x000000007551a6c0
 Begin Bits: [0x0000000012bf0000, 0x0000000013bf0000)
 End Bits:   [0x0000000013bf0000, 0x0000000014bf0000)

Polling page: 0x0000000000fb0000

CodeCache: size=245760Kb used=2201Kb max_used=2201Kb free=243558Kb
 bounds [0x00000000032c0000, 0x0000000003530000, 0x00000000122c0000]
 total_blobs=948 nmethods=498 adapters=365
 compilation: enabled

Compilation events (10 events):
Event: 0.583 Thread 0x000000001574c800  494  s    3       java.util.Vector::elementAt (48 bytes)
Event: 0.583 Thread 0x000000001574c800 nmethod 494 0x00000000034e5290 code [0x00000000034e54a0, 0x00000000034e6028]
Event: 0.583 Thread 0x000000001574c800  495       1       java.lang.reflect.Constructor::getDeclaringClass (5 bytes)
Event: 0.583 Thread 0x000000001574c800 nmethod 495 0x00000000034e65d0 code [0x00000000034e6720, 0x00000000034e6830]
Event: 0.584 Thread 0x000000001574c800  496       1       java.nio.HeapByteBuffer::_get (7 bytes)
Event: 0.585 Thread 0x000000001574c800 nmethod 496 0x00000000034e6890 code [0x00000000034e69e0, 0x00000000034e6b10]
Event: 0.585 Thread 0x000000001574c800  497       3       java.nio.Bits::getCharB (16 bytes)
Event: 0.585 Thread 0x000000001574c800 nmethod 497 0x00000000034e6bd0 code [0x00000000034e6d40, 0x00000000034e7098]
Event: 0.585 Thread 0x000000001574c800  498       3       java.nio.Bits::makeChar (12 bytes)
Event: 0.585 Thread 0x000000001574c800 nmethod 498 0x00000000034e7190 code [0x00000000034e72e0, 0x00000000034e7430]

GC Heap History (0 events):
No events

Deoptimization events (0 events):
No events

Internal exceptions (10 events):
Event: 0.123 Thread 0x00000000031c1000 Exception <a 'java/security/PrivilegedActionException'> (0x00000000eab92818) thrown at [C:\re\workspace\8-2-build-windows-amd64-cygwin\jdk8u111\7883\hotspot\src\share\vm\prims\jvm.cpp, line 1386]
Event: 0.123 Thread 0x00000000031c1000 Exception <a 'java/security/PrivilegedActionException'> (0x00000000eab92a28) thrown at [C:\re\workspace\8-2-build-windows-amd64-cygwin\jdk8u111\7883\hotspot\src\share\vm\prims\jvm.cpp, line 1386]
Event: 0.185 Thread 0x00000000031c1000 Exception <a 'java/security/PrivilegedActionException'> (0x00000000eac8ba08) thrown at [C:\re\workspace\8-2-build-windows-amd64-cygwin\jdk8u111\7883\hotspot\src\share\vm\prims\jvm.cpp, line 1386]
Event: 0.185 Thread 0x00000000031c1000 Exception <a 'java/security/PrivilegedActionException'> (0x00000000eac8bc18) thrown at [C:\re\workspace\8-2-build-windows-amd64-cygwin\jdk8u111\7883\hotspot\src\share\vm\prims\jvm.cpp, line 1386]
Event: 0.186 Thread 0x00000000031c1000 Exception <a 'java/security/PrivilegedActionException'> (0x00000000eac8fbd8) thrown at [C:\re\workspace\8-2-build-windows-amd64-cygwin\jdk8u111\7883\hotspot\src\share\vm\prims\jvm.cpp, line 1386]
Event: 0.186 Thread 0x00000000031c1000 Exception <a 'java/security/PrivilegedActionException'> (0x00000000eac8fde8) thrown at [C:\re\workspace\8-2-build-windows-amd64-cygwin\jdk8u111\7883\hotspot\src\share\vm\prims\jvm.cpp, line 1386]
Event: 0.193 Thread 0x00000000031c1000 Exception <a 'java/io/FileNotFoundException'> (0x00000000eac922a8) thrown at [C:\re\workspace\8-2-build-windows-amd64-cygwin\jdk8u111\7883\hotspot\src\share\vm\prims\jni.cpp, line 709]
Event: 0.240 Thread 0x00000000031c1000 Exception <a 'java/lang/NoSuchFieldError': method resolution failed> (0x00000000ead5f5f0) thrown at [C:\re\workspace\8-2-build-windows-amd64-cygwin\jdk8u111\7883\hotspot\src\share\vm\prims\methodHandles.cpp, line 1146]
Event: 0.249 Thread 0x00000000031c1000 Exception <a 'java/lang/NoSuchFieldError': method resolution failed> (0x00000000ead6c9c0) thrown at [C:\re\workspace\8-2-build-windows-amd64-cygwin\jdk8u111\7883\hotspot\src\share\vm\prims\methodHandles.cpp, line 1146]
Event: 0.317 Thread 0x0000000016f26800 Exception <a 'java/io/FileNotFoundException'> (0x00000000eaee9f48) thrown at [C:\re\workspace\8-2-build-windows-amd64-cygwin\jdk8u111\7883\hotspot\src\share\vm\prims\jni.cpp, line 709]

Events (10 events):
Event: 0.584 loading class sun/font/TrueTypeGlyphMapper
Event: 0.584 loading class sun/font/TrueTypeGlyphMapper done
Event: 0.584 loading class sun/font/CMap
Event: 0.584 loading class sun/font/CMap done
Event: 0.584 loading class sun/font/CMap$NullCMapClass
Event: 0.584 loading class sun/font/CMap$NullCMapClass done
Event: 0.584 loading class sun/font/CMap$CMapFormat4
Event: 0.584 loading class sun/font/CMap$CMapFormat4 done
Event: 0.584 loading class java/nio/ByteBufferAsCharBufferB
Event: 0.584 loading class java/nio/ByteBufferAsCharBufferB done


Dynamic libraries:
0x00007ff7c7f90000 - 0x00007ff7c7fc7000 	C:\Program Files\Java\jdk1.8.0_111\bin\java.exe
0x00007ffdbda30000 - 0x00007ffdbdc1d000 	C:\Windows\SYSTEM32\ntdll.dll
0x00007ffdbb770000 - 0x00007ffdbb823000 	C:\Windows\System32\KERNEL32.DLL
0x00007ffdba590000 - 0x00007ffdba823000 	C:\Windows\System32\KERNELBASE.dll
0x00007ffdbcd20000 - 0x00007ffdbcdc3000 	C:\Windows\System32\ADVAPI32.dll
0x00007ffdbd410000 - 0x00007ffdbd4ae000 	C:\Windows\System32\msvcrt.dll
0x00007ffdbd0b0000 - 0x00007ffdbd14e000 	C:\Windows\System32\sechost.dll
0x00007ffdbadc0000 - 0x00007ffdbaee3000 	C:\Windows\System32\RPCRT4.dll
0x00007ffdbaef0000 - 0x00007ffdbb087000 	C:\Windows\System32\USER32.dll
0x00007ffdba830000 - 0x00007ffdba850000 	C:\Windows\System32\win32u.dll
0x00007ffdbb090000 - 0x00007ffdbb0b9000 	C:\Windows\System32\GDI32.dll
0x00007ffdb9b00000 - 0x00007ffdb9c9a000 	C:\Windows\System32\gdi32full.dll
0x00007ffdb9ca0000 - 0x00007ffdb9d40000 	C:\Windows\System32\msvcp_win.dll
0x00007ffdbaa30000 - 0x00007ffdbab2c000 	C:\Windows\System32\ucrtbase.dll
0x00007ffdb2910000 - 0x00007ffdb2b89000 	C:\Windows\WinSxS\amd64_microsoft.windows.common-controls_6595b64144ccf1df_6.0.17763.107_none_05b63884071e656e\COMCTL32.dll
0x00007ffdbd620000 - 0x00007ffdbd94e000 	C:\Windows\System32\combase.dll
0x00007ffdbabe0000 - 0x00007ffdbac5e000 	C:\Windows\System32\bcryptPrimitives.dll
0x00007ffdbd3e0000 - 0x00007ffdbd40e000 	C:\Windows\System32\IMM32.DLL
0x0000000074c20000 - 0x0000000074cf2000 	C:\Program Files\Java\jdk1.8.0_111\jre\bin\msvcr100.dll
0x0000000074d00000 - 0x000000007559a000 	C:\Program Files\Java\jdk1.8.0_111\jre\bin\server\jvm.dll
0x00007ffdbcdd0000 - 0x00007ffdbcdd8000 	C:\Windows\System32\PSAPI.DLL
0x00007ffdb7bd0000 - 0x00007ffdb7bd9000 	C:\Windows\SYSTEM32\WSOCK32.dll
0x00007ffdbb140000 - 0x00007ffdbb1ad000 	C:\Windows\System32\WS2_32.dll
0x00007ffdb7790000 - 0x00007ffdb77b4000 	C:\Windows\SYSTEM32\WINMM.dll
0x00007ffdb2b90000 - 0x00007ffdb2b9a000 	C:\Windows\SYSTEM32\VERSION.dll
0x00007ffdb7760000 - 0x00007ffdb778d000 	C:\Windows\SYSTEM32\WINMMBASE.dll
0x00007ffdb9d40000 - 0x00007ffdb9d8a000 	C:\Windows\System32\cfgmgr32.dll
0x0000000074bd0000 - 0x0000000074bdf000 	C:\Program Files\Java\jdk1.8.0_111\jre\bin\verify.dll
0x0000000074ba0000 - 0x0000000074bc9000 	C:\Program Files\Java\jdk1.8.0_111\jre\bin\java.dll
0x0000000074b80000 - 0x0000000074b96000 	C:\Program Files\Java\jdk1.8.0_111\jre\bin\zip.dll
0x00007ffdbb830000 - 0x00007ffdbcd1f000 	C:\Windows\System32\SHELL32.dll
0x00007ffdbd330000 - 0x00007ffdbd3d8000 	C:\Windows\System32\shcore.dll
0x00007ffdb9de0000 - 0x00007ffdba528000 	C:\Windows\System32\windows.storage.dll
0x00007ffdb9a50000 - 0x00007ffdb9a74000 	C:\Windows\System32\profapi.dll
0x00007ffdb9a80000 - 0x00007ffdb9add000 	C:\Windows\System32\powrprof.dll
0x00007ffdbd2d0000 - 0x00007ffdbd322000 	C:\Windows\System32\shlwapi.dll
0x00007ffdb9ae0000 - 0x00007ffdb9af1000 	C:\Windows\System32\kernel.appcore.dll
0x00007ffdb9dc0000 - 0x00007ffdb9dd7000 	C:\Windows\System32\cryptsp.dll
0x00000000749a0000 - 0x0000000074b38000 	C:\Program Files\Java\jdk1.8.0_111\jre\bin\awt.dll
0x00007ffdbd150000 - 0x00007ffdbd21b000 	C:\Windows\System32\OLEAUT32.dll
0x00007ffdb7d20000 - 0x00007ffdb7dac000 	C:\Windows\SYSTEM32\apphelp.dll
0x00007ffdb8060000 - 0x00007ffdb80fc000 	C:\Windows\system32\uxtheme.dll
0x00007ffdbd4b0000 - 0x00007ffdbd61a000 	C:\Windows\System32\MSCTF.dll
0x00007ffdb83b0000 - 0x00007ffdb83de000 	C:\Windows\system32\dwmapi.dll
0x00007ffdba850000 - 0x00007ffdbaa2b000 	C:\Windows\System32\CRYPT32.dll
0x00007ffdb9a30000 - 0x00007ffdb9a42000 	C:\Windows\System32\MSASN1.dll
0x00007ffdbac60000 - 0x00007ffdbadb5000 	C:\Windows\System32\ole32.dll
0x00007ffd8f400000 - 0x00007ffd8f59e000 	C:\Windows\system32\d3d9.dll
0x00007ffd72f30000 - 0x00007ffd73fe6000 	C:\Windows\SYSTEM32\nvd3dumx.dll
0x0000000074950000 - 0x0000000074997000 	C:\Program Files\Java\jdk1.8.0_111\jre\bin\fontmanager.dll
0x0000000074b60000 - 0x0000000074b7a000 	C:\Program Files\Java\jdk1.8.0_111\jre\bin\net.dll
0x00007ffdb92c0000 - 0x00007ffdb9327000 	C:\Windows\system32\mswsock.dll
0x0000000074b40000 - 0x0000000074b51000 	C:\Program Files\Java\jdk1.8.0_111\jre\bin\nio.dll
0x0000000074900000 - 0x0000000074942000 	C:\Program Files\Java\jdk1.8.0_111\jre\bin\t2k.dll
0x00007ffda56c0000 - 0x00007ffda58ad000 	C:\Windows\SYSTEM32\dbghelp.dll

VM Arguments:
jvm_args: -Dfile.encoding=UTF-8 
java_command: mobile_phone_shop.Mobile_Phone_Shop
java_class_path (initial): C:\Users\Samsung Pc\Documents\NetBeansProjects\Mobile_Phone_Shop\lib\swingx-2007_10_07.jar;C:\Users\Samsung Pc\Documents\NetBeansProjects\Mobile_Phone_Shop\lib\jcalendar-1.4.jar;C:\Users\Samsung Pc\Documents\NetBeansProjects\Mobile_Phone_Shop\lib\l2fprod-common-all.jar;C:\Users\Samsung Pc\Documents\NetBeansProjects\Mobile_Phone_Shop\lib\RojeruSan.lib.jar;C:\Users\Samsung Pc\Documents\NetBeansProjects\Mobile_Phone_Shop\lib\edisoncorSX.jar;C:\Users\Samsung Pc\Documents\NetBeansProjects\Mobile_Phone_Shop\lib\swingx-core-1.6.2.jar;C:\Users\Samsung Pc\Documents\NetBeansProjects\Mobile_Phone_Shop\lib\jcMousePanel.jar;C:\Users\Samsung Pc\Documents\NetBeansProjects\Mobile_Phone_Shop\lib\JCPanel.jar;C:\Users\Samsung Pc\Documents\NetBeansProjects\Mobile_Phone_Shop\lib\DateChooser.jar;C:\Users\Samsung Pc\Documents\NetBeansProjects\Mobile_Phone_Shop\build\classes
Launcher Type: SUN_STANDARD

Environment Variables:
PATH=C:\ProgramData\Oracle\Java\javapath;C:\Windows\system32;C:\Windows;C:\Windows\System32\Wbem;C:\Windows\System32\WindowsPowerShell\v1.0\;C:\Windows\System32\OpenSSH\;C:\Program Files (x86)\MySQL\MySQL Server 5.1\bin;C:\Program Files\Java\jdk1.8.0_111\bin;C:\Program Files\Java\jre1.8.0_111\bin;C:\Program Files (x86)\Java\jdk1.7.0\bin;C:\Program Files (x86)\Java\jre7\bin;C:\Program Files (x86)\Brackets\command;C:\Users\Samsung Pc\AppData\Local\Microsoft\WindowsApps;
USERNAME=Samsung Pc
OS=Windows_NT
PROCESSOR_IDENTIFIER=Intel64 Family 6 Model 23 Stepping 10, GenuineIntel



---------------  S Y S T E M  ---------------

OS: Windows 10.0 , 64 bit Build 17763 (10.0.17763.1)

CPU:total 2 (2 cores per cpu, 1 threads per core) family 6 model 23 stepping 10, cmov, cx8, fxsr, mmx, sse, sse2, sse3, ssse3, sse4.1, tsc

Memory: 4k page, physical 4192748k(1263104k free), swap 7204204k(2381288k free)

vm_info: Java HotSpot(TM) 64-Bit Server VM (25.111-b14) for windows-amd64 JRE (1.8.0_111-b14), built on Sep 22 2016 19:24:05 by "java_re" with MS VC++ 10.0 (VS2010)

time: Tue Mar 05 21:50:36 2019
elapsed time: 0 seconds (0d 0h 0m 0s)

