#
# A fatal error has been detected by the Java Runtime Environment:
#
#  EXCEPTION_ACCESS_VIOLATION (0xc0000005) at pc=0xffffffffa33a5120, pid=4388, tid=0x0000000000001ab0
#
# JRE version: Java(TM) SE Runtime Environment (8.0_111-b14) (build 1.8.0_111-b14)
# Java VM: Java HotSpot(TM) 64-Bit Server VM (25.111-b14 mixed mode windows-amd64 compressed oops)
# Problematic frame:
# C  0xffffffffa33a5120
#
# Failed to write core dump. Minidumps are not enabled by default on client versions of Windows
#
# If you would like to submit a bug report, please visit:
#   http://bugreport.java.com/bugreport/crash.jsp
#

---------------  T H R E A D  ---------------

Current thread (0x0000000016023800):  JavaThread "AWT-EventQueue-0" [_thread_in_Java, id=6832, stack(0x0000000016580000,0x0000000016680000)]

siginfo: ExceptionCode=0xc0000005, ExceptionInformation=0x0000000000000008 0xffffffffa33a5120

Registers:
RAX=0x0000000014019af8, RBX=0x0000000014019af8, RCX=0x00000000eb1b6f18, RDX=0x00000000eb1b6f18
RSP=0x000000001667a698, RBP=0x000000001667a6f8, RSI=0x0000000000000122, RDI=0x0000000000000108
R8 =0x00000000000016aa, R9 =0x0000000015fbe9e0, R10=0x00000000754fc0c0, R11=0x00000000025bf480
R12=0x0000000000000000, R13=0x000000001667a6a8, R14=0x0000000000000000, R15=0x0000000016023800
RIP=0xffffffffa33a5120, EFLAGS=0x0000000000010206

Top of Stack: (sp=0x000000001667a698)
0x000000001667a698:   00000000023a77a0 00000000023a77a0
0x000000001667a6a8:   00000000000016aa 00000000eb1b6f18
0x000000001667a6b8:   000000001667a6b8 000000001401d54a
0x000000001667a6c8:   000000001667a710 0000000014022110
0x000000001667a6d8:   0000000000000000 000000001401d560
0x000000001667a6e8:   000000001667a6a8 000000001667a708
0x000000001667a6f8:   000000001667a758 00000000023a7940
0x000000001667a708:   00000000000016aa 00000000eb1b6f18
0x000000001667a718:   000000001667a718 0000000018d581cc
0x000000001667a728:   000000001667a768 0000000018d58ad0
0x000000001667a738:   0000000000000000 0000000018d581d8
0x000000001667a748:   000000001667a708 000000001667a768
0x000000001667a758:   000000001667a7c0 00000000023a7940
0x000000001667a768:   00000000eb1b9830 0000000000000077
0x000000001667a778:   00000000eb1b9868 000000001667a780
0x000000001667a788:   0000000018d57181 000000001667a818 

Instructions: (pc=0xffffffffa33a5120)
0xffffffffa33a5100:   
[error occurred during error reporting (printing registers, top of stack, instructions near pc), id 0xc0000005]

Register to memory mapping:

RAX={method} {0x0000000014019b00} '_get' '(I)B' in 'java/nio/HeapByteBuffer'
RBX={method} {0x0000000014019b00} '_get' '(I)B' in 'java/nio/HeapByteBuffer'
RCX=0x00000000eb1b6f18 is an oop
java.nio.HeapByteBuffer 
 - klass: 'java/nio/HeapByteBuffer'
RDX=0x00000000eb1b6f18 is an oop
java.nio.HeapByteBuffer 
 - klass: 'java/nio/HeapByteBuffer'
RSP=0x000000001667a698 is pointing into the stack for thread: 0x0000000016023800
RBP=0x000000001667a6f8 is pointing into the stack for thread: 0x0000000016023800
RSI=0x0000000000000122 is an unknown value
RDI=0x0000000000000108 is an unknown value
R8 =0x00000000000016aa is an unknown value
R9 =0x0000000015fbe9e0 is an unknown value
R10=0x00000000754fc0c0 is an unknown value
R11=0x00000000025bf480 is at entry_point+32 in (nmethod*)0x00000000025bf310
R12=0x0000000000000000 is an unknown value
R13=0x000000001667a6a8 is pointing into the stack for thread: 0x0000000016023800
R14=0x0000000000000000 is an unknown value
R15=0x0000000016023800 is a thread


Stack: [0x0000000016580000,0x0000000016680000],  sp=0x000000001667a698,  free space=1001k
Native frames: (J=compiled Java code, j=interpreted, Vv=VM code, C=native code)
C  0xffffffffa33a5120


---------------  P R O C E S S  ---------------

Java Threads: ( => current thread )
  0x0000000018322000 JavaThread "Image Fetcher 1" daemon [_thread_blocked, id=1912, stack(0x0000000018b90000,0x0000000018c90000)]
  0x00000000182db000 JavaThread "Image Fetcher 0" daemon [_thread_blocked, id=9764, stack(0x0000000018a90000,0x0000000018b90000)]
  0x00000000022a1000 JavaThread "DestroyJavaVM" [_thread_blocked, id=7048, stack(0x00000000021a0000,0x00000000022a0000)]
=>0x0000000016023800 JavaThread "AWT-EventQueue-0" [_thread_in_Java, id=6832, stack(0x0000000016580000,0x0000000016680000)]
  0x0000000016022800 JavaThread "AWT-Windows" daemon [_thread_in_native, id=9160, stack(0x00000000163a0000,0x00000000164a0000)]
  0x000000001601e800 JavaThread "AWT-Shutdown" [_thread_blocked, id=3592, stack(0x00000000162a0000,0x00000000163a0000)]
  0x000000001601d000 JavaThread "Java2D Disposer" daemon [_thread_blocked, id=6840, stack(0x00000000161a0000,0x00000000162a0000)]
  0x000000001489d000 JavaThread "Service Thread" daemon [_thread_blocked, id=11856, stack(0x0000000015a60000,0x0000000015b60000)]
  0x0000000014884000 JavaThread "C1 CompilerThread1" daemon [_thread_blocked, id=5156, stack(0x0000000015960000,0x0000000015a60000)]
  0x000000001482a000 JavaThread "C2 CompilerThread0" daemon [_thread_blocked, id=3432, stack(0x0000000015860000,0x0000000015960000)]
  0x0000000014829000 JavaThread "Attach Listener" daemon [_thread_blocked, id=11248, stack(0x0000000015760000,0x0000000015860000)]
  0x0000000014826000 JavaThread "Signal Dispatcher" daemon [_thread_blocked, id=5192, stack(0x0000000015660000,0x0000000015760000)]
  0x0000000014818800 JavaThread "Finalizer" daemon [_thread_blocked, id=8984, stack(0x0000000015460000,0x0000000015560000)]
  0x000000000238d000 JavaThread "Reference Handler" daemon [_thread_blocked, id=4676, stack(0x0000000015360000,0x0000000015460000)]

Other Threads:
  0x00000000147f5800 VMThread [stack: 0x0000000015260000,0x0000000015360000] [id=1608]
  0x00000000148a1800 WatcherThread [stack: 0x0000000015b60000,0x0000000015c60000] [id=4132]

VM state:not at safepoint (normal execution)

VM Mutex/Monitor currently owned by a thread: None

Heap:
 PSYoungGen      total 18944K, used 6898K [0x00000000eab00000, 0x00000000ec000000, 0x0000000100000000)
  eden space 16384K, 42% used [0x00000000eab00000,0x00000000eb1bc9d8,0x00000000ebb00000)
  from space 2560K, 0% used [0x00000000ebd80000,0x00000000ebd80000,0x00000000ec000000)
  to   space 2560K, 0% used [0x00000000ebb00000,0x00000000ebb00000,0x00000000ebd80000)
 ParOldGen       total 44032K, used 0K [0x00000000c0000000, 0x00000000c2b00000, 0x00000000eab00000)
  object space 44032K, 0% used [0x00000000c0000000,0x00000000c0000000,0x00000000c2b00000)
 Metaspace       used 10133K, capacity 10324K, committed 10624K, reserved 1058816K
  class space    used 1247K, capacity 1346K, committed 1408K, reserved 1048576K

Card table byte_map: [0x0000000011760000,0x0000000011970000] byte_map_base: 0x0000000011160000

Marking Bits: (ParMarkBitMap*) 0x000000007551a6c0
 Begin Bits: [0x0000000011cd0000, 0x0000000012cd0000)
 End Bits:   [0x0000000012cd0000, 0x0000000013cd0000)

Polling page: 0x0000000000900000

CodeCache: size=245760Kb used=2173Kb max_used=2173Kb free=243586Kb
 bounds [0x00000000023a0000, 0x0000000002610000, 0x00000000113a0000]
 total_blobs=936 nmethods=486 adapters=365
 compilation: enabled

Compilation events (10 events):
Event: 0.607 Thread 0x0000000014884000  480       3       java.nio.Bits::makeShort (12 bytes)
Event: 0.607 Thread 0x0000000014884000 nmethod 480 0x00000000025bd910 code [0x00000000025bda60, 0x00000000025bdbb0]
Event: 0.608 Thread 0x0000000014884000  483       1       java.lang.reflect.Constructor::getDeclaringClass (5 bytes)
Event: 0.608 Thread 0x0000000014884000 nmethod 483 0x00000000025bca50 code [0x00000000025bcba0, 0x00000000025bccb0]
Event: 0.609 Thread 0x0000000014884000  484       1       java.nio.HeapByteBuffer::_get (7 bytes)
Event: 0.609 Thread 0x0000000014884000 nmethod 484 0x00000000025bfd10 code [0x00000000025bfe60, 0x00000000025bff90]
Event: 0.609 Thread 0x0000000014884000  485       3       java.nio.Bits::getCharB (16 bytes)
Event: 0.610 Thread 0x0000000014884000 nmethod 485 0x00000000025c0050 code [0x00000000025c01c0, 0x00000000025c0518]
Event: 0.610 Thread 0x0000000014884000  486       3       java.nio.Bits::makeChar (12 bytes)
Event: 0.610 Thread 0x0000000014884000 nmethod 486 0x00000000025c0610 code [0x00000000025c0760, 0x00000000025c08b0]

GC Heap History (0 events):
No events

Deoptimization events (0 events):
No events

Internal exceptions (10 events):
Event: 0.138 Thread 0x00000000022a1000 Exception <a 'java/security/PrivilegedActionException'> (0x00000000eab92818) thrown at [C:\re\workspace\8-2-build-windows-amd64-cygwin\jdk8u111\7883\hotspot\src\share\vm\prims\jvm.cpp, line 1386]
Event: 0.138 Thread 0x00000000022a1000 Exception <a 'java/security/PrivilegedActionException'> (0x00000000eab92a28) thrown at [C:\re\workspace\8-2-build-windows-amd64-cygwin\jdk8u111\7883\hotspot\src\share\vm\prims\jvm.cpp, line 1386]
Event: 0.185 Thread 0x00000000022a1000 Exception <a 'java/security/PrivilegedActionException'> (0x00000000eac84298) thrown at [C:\re\workspace\8-2-build-windows-amd64-cygwin\jdk8u111\7883\hotspot\src\share\vm\prims\jvm.cpp, line 1386]
Event: 0.185 Thread 0x00000000022a1000 Exception <a 'java/security/PrivilegedActionException'> (0x00000000eac844a8) thrown at [C:\re\workspace\8-2-build-windows-amd64-cygwin\jdk8u111\7883\hotspot\src\share\vm\prims\jvm.cpp, line 1386]
Event: 0.187 Thread 0x00000000022a1000 Exception <a 'java/security/PrivilegedActionException'> (0x00000000eac88468) thrown at [C:\re\workspace\8-2-build-windows-amd64-cygwin\jdk8u111\7883\hotspot\src\share\vm\prims\jvm.cpp, line 1386]
Event: 0.187 Thread 0x00000000022a1000 Exception <a 'java/security/PrivilegedActionException'> (0x00000000eac88678) thrown at [C:\re\workspace\8-2-build-windows-amd64-cygwin\jdk8u111\7883\hotspot\src\share\vm\prims\jvm.cpp, line 1386]
Event: 0.192 Thread 0x00000000022a1000 Exception <a 'java/io/FileNotFoundException'> (0x00000000eac8ab38) thrown at [C:\re\workspace\8-2-build-windows-amd64-cygwin\jdk8u111\7883\hotspot\src\share\vm\prims\jni.cpp, line 709]
Event: 0.239 Thread 0x00000000022a1000 Exception <a 'java/lang/NoSuchFieldError': method resolution failed> (0x00000000ead57ec8) thrown at [C:\re\workspace\8-2-build-windows-amd64-cygwin\jdk8u111\7883\hotspot\src\share\vm\prims\methodHandles.cpp, line 1146]
Event: 0.245 Thread 0x00000000022a1000 Exception <a 'java/lang/NoSuchFieldError': method resolution failed> (0x00000000ead65298) thrown at [C:\re\workspace\8-2-build-windows-amd64-cygwin\jdk8u111\7883\hotspot\src\share\vm\prims\methodHandles.cpp, line 1146]
Event: 0.319 Thread 0x0000000016023800 Exception <a 'java/io/FileNotFoundException'> (0x00000000eaee90d0) thrown at [C:\re\workspace\8-2-build-windows-amd64-cygwin\jdk8u111\7883\hotspot\src\share\vm\prims\jni.cpp, line 709]

Events (10 events):
Event: 0.609 loading class sun/font/TrueTypeGlyphMapper
Event: 0.609 loading class sun/font/TrueTypeGlyphMapper done
Event: 0.609 loading class sun/font/CMap
Event: 0.609 loading class sun/font/CMap done
Event: 0.609 loading class sun/font/CMap$NullCMapClass
Event: 0.609 loading class sun/font/CMap$NullCMapClass done
Event: 0.609 loading class sun/font/CMap$CMapFormat4
Event: 0.609 loading class sun/font/CMap$CMapFormat4 done
Event: 0.609 loading class java/nio/ByteBufferAsCharBufferB
Event: 0.609 loading class java/nio/ByteBufferAsCharBufferB done


Dynamic libraries:
0x00007ff65b940000 - 0x00007ff65b977000 	C:\Program Files\Java\jdk1.8.0_111\bin\java.exe
0x00007ffdbda30000 - 0x00007ffdbdc1d000 	C:\Windows\SYSTEM32\ntdll.dll
0x00007ffdbb770000 - 0x00007ffdbb823000 	C:\Windows\System32\KERNEL32.DLL
0x00007ffdba590000 - 0x00007ffdba823000 	C:\Windows\System32\KERNELBASE.dll
0x00007ffdbcd20000 - 0x00007ffdbcdc3000 	C:\Windows\System32\ADVAPI32.dll
0x00007ffdbd410000 - 0x00007ffdbd4ae000 	C:\Windows\System32\msvcrt.dll
0x00007ffdbd0b0000 - 0x00007ffdbd14e000 	C:\Windows\System32\sechost.dll
0x00007ffdbadc0000 - 0x00007ffdbaee3000 	C:\Windows\System32\RPCRT4.dll
0x00007ffdbaef0000 - 0x00007ffdbb087000 	C:\Windows\System32\USER32.dll
0x00007ffdba830000 - 0x00007ffdba850000 	C:\Windows\System32\win32u.dll
0x00007ffdbb090000 - 0x00007ffdbb0b9000 	C:\Windows\System32\GDI32.dll
0x00007ffdb9b00000 - 0x00007ffdb9c9a000 	C:\Windows\System32\gdi32full.dll
0x00007ffdb9ca0000 - 0x00007ffdb9d40000 	C:\Windows\System32\msvcp_win.dll
0x00007ffdbaa30000 - 0x00007ffdbab2c000 	C:\Windows\System32\ucrtbase.dll
0x00007ffdb2910000 - 0x00007ffdb2b89000 	C:\Windows\WinSxS\amd64_microsoft.windows.common-controls_6595b64144ccf1df_6.0.17763.107_none_05b63884071e656e\COMCTL32.dll
0x00007ffdbd620000 - 0x00007ffdbd94e000 	C:\Windows\System32\combase.dll
0x00007ffdbabe0000 - 0x00007ffdbac5e000 	C:\Windows\System32\bcryptPrimitives.dll
0x00007ffdbd3e0000 - 0x00007ffdbd40e000 	C:\Windows\System32\IMM32.DLL
0x0000000074c20000 - 0x0000000074cf2000 	C:\Program Files\Java\jdk1.8.0_111\jre\bin\msvcr100.dll
0x0000000074d00000 - 0x000000007559a000 	C:\Program Files\Java\jdk1.8.0_111\jre\bin\server\jvm.dll
0x00007ffdbcdd0000 - 0x00007ffdbcdd8000 	C:\Windows\System32\PSAPI.DLL
0x00007ffdb7bd0000 - 0x00007ffdb7bd9000 	C:\Windows\SYSTEM32\WSOCK32.dll
0x00007ffdbb140000 - 0x00007ffdbb1ad000 	C:\Windows\System32\WS2_32.dll
0x00007ffdb7790000 - 0x00007ffdb77b4000 	C:\Windows\SYSTEM32\WINMM.dll
0x00007ffdb2b90000 - 0x00007ffdb2b9a000 	C:\Windows\SYSTEM32\VERSION.dll
0x00007ffdb7760000 - 0x00007ffdb778d000 	C:\Windows\SYSTEM32\WINMMBASE.dll
0x00007ffdb9d40000 - 0x00007ffdb9d8a000 	C:\Windows\System32\cfgmgr32.dll
0x0000000074bd0000 - 0x0000000074bdf000 	C:\Program Files\Java\jdk1.8.0_111\jre\bin\verify.dll
0x0000000074ba0000 - 0x0000000074bc9000 	C:\Program Files\Java\jdk1.8.0_111\jre\bin\java.dll
0x0000000074b80000 - 0x0000000074b96000 	C:\Program Files\Java\jdk1.8.0_111\jre\bin\zip.dll
0x00007ffdbb830000 - 0x00007ffdbcd1f000 	C:\Windows\System32\SHELL32.dll
0x00007ffdbd330000 - 0x00007ffdbd3d8000 	C:\Windows\System32\shcore.dll
0x00007ffdb9de0000 - 0x00007ffdba528000 	C:\Windows\System32\windows.storage.dll
0x00007ffdb9a50000 - 0x00007ffdb9a74000 	C:\Windows\System32\profapi.dll
0x00007ffdb9a80000 - 0x00007ffdb9add000 	C:\Windows\System32\powrprof.dll
0x00007ffdbd2d0000 - 0x00007ffdbd322000 	C:\Windows\System32\shlwapi.dll
0x00007ffdb9ae0000 - 0x00007ffdb9af1000 	C:\Windows\System32\kernel.appcore.dll
0x00007ffdb9dc0000 - 0x00007ffdb9dd7000 	C:\Windows\System32\cryptsp.dll
0x00000000749a0000 - 0x0000000074b38000 	C:\Program Files\Java\jdk1.8.0_111\jre\bin\awt.dll
0x00007ffdbd150000 - 0x00007ffdbd21b000 	C:\Windows\System32\OLEAUT32.dll
0x00007ffdb7d20000 - 0x00007ffdb7dac000 	C:\Windows\SYSTEM32\apphelp.dll
0x00007ffdb8060000 - 0x00007ffdb80fc000 	C:\Windows\system32\uxtheme.dll
0x00007ffdbd4b0000 - 0x00007ffdbd61a000 	C:\Windows\System32\MSCTF.dll
0x00007ffdb83b0000 - 0x00007ffdb83de000 	C:\Windows\system32\dwmapi.dll
0x00007ffdba850000 - 0x00007ffdbaa2b000 	C:\Windows\System32\CRYPT32.dll
0x00007ffdb9a30000 - 0x00007ffdb9a42000 	C:\Windows\System32\MSASN1.dll
0x00007ffdbac60000 - 0x00007ffdbadb5000 	C:\Windows\System32\ole32.dll
0x00007ffd8f400000 - 0x00007ffd8f59e000 	C:\Windows\system32\d3d9.dll
0x00007ffd83570000 - 0x00007ffd84626000 	C:\Windows\SYSTEM32\nvd3dumx.dll
0x0000000074950000 - 0x0000000074997000 	C:\Program Files\Java\jdk1.8.0_111\jre\bin\fontmanager.dll
0x0000000074b60000 - 0x0000000074b7a000 	C:\Program Files\Java\jdk1.8.0_111\jre\bin\net.dll
0x00007ffdb92c0000 - 0x00007ffdb9327000 	C:\Windows\system32\mswsock.dll
0x0000000074b40000 - 0x0000000074b51000 	C:\Program Files\Java\jdk1.8.0_111\jre\bin\nio.dll
0x0000000074900000 - 0x0000000074942000 	C:\Program Files\Java\jdk1.8.0_111\jre\bin\t2k.dll
0x00007ffda56c0000 - 0x00007ffda58ad000 	C:\Windows\SYSTEM32\dbghelp.dll

VM Arguments:
jvm_args: -Dfile.encoding=UTF-8 
java_command: mobile_phone_shop.Mobile_Phone_Shop
java_class_path (initial): C:\Users\Samsung Pc\Documents\NetBeansProjects\Mobile_Phone_Shop\lib\swingx-2007_10_07.jar;C:\Users\Samsung Pc\Documents\NetBeansProjects\Mobile_Phone_Shop\lib\jcalendar-1.4.jar;C:\Users\Samsung Pc\Documents\NetBeansProjects\Mobile_Phone_Shop\lib\l2fprod-common-all.jar;C:\Users\Samsung Pc\Documents\NetBeansProjects\Mobile_Phone_Shop\lib\RojeruSan.lib.jar;C:\Users\Samsung Pc\Documents\NetBeansProjects\Mobile_Phone_Shop\lib\edisoncorSX.jar;C:\Users\Samsung Pc\Documents\NetBeansProjects\Mobile_Phone_Shop\lib\swingx-core-1.6.2.jar;C:\Users\Samsung Pc\Documents\NetBeansProjects\Mobile_Phone_Shop\lib\jcMousePanel.jar;C:\Users\Samsung Pc\Documents\NetBeansProjects\Mobile_Phone_Shop\lib\JCPanel.jar;C:\Users\Samsung Pc\Documents\NetBeansProjects\Mobile_Phone_Shop\lib\DateChooser.jar;C:\Users\Samsung Pc\Documents\NetBeansProjects\Mobile_Phone_Shop\build\classes
Launcher Type: SUN_STANDARD

Environment Variables:
PATH=C:\ProgramData\Oracle\Java\javapath;C:\Windows\system32;C:\Windows;C:\Windows\System32\Wbem;C:\Windows\System32\WindowsPowerShell\v1.0\;C:\Windows\System32\OpenSSH\;C:\Program Files (x86)\MySQL\MySQL Server 5.1\bin;C:\Program Files\Java\jdk1.8.0_111\bin;C:\Program Files\Java\jre1.8.0_111\bin;C:\Program Files (x86)\Java\jdk1.7.0\bin;C:\Program Files (x86)\Java\jre7\bin;C:\Program Files (x86)\Brackets\command;C:\Users\Samsung Pc\AppData\Local\Microsoft\WindowsApps;
USERNAME=Samsung Pc
OS=Windows_NT
PROCESSOR_IDENTIFIER=Intel64 Family 6 Model 23 Stepping 10, GenuineIntel



---------------  S Y S T E M  ---------------

OS: Windows 10.0 , 64 bit Build 17763 (10.0.17763.1)

CPU:total 2 (2 cores per cpu, 1 threads per core) family 6 model 23 stepping 10, cmov, cx8, fxsr, mmx, sse, sse2, sse3, ssse3, sse4.1, tsc

Memory: 4k page, physical 4192748k(766684k free), swap 7204204k(3064896k free)

vm_info: Java HotSpot(TM) 64-Bit Server VM (25.111-b14) for windows-amd64 JRE (1.8.0_111-b14), built on Sep 22 2016 19:24:05 by "java_re" with MS VC++ 10.0 (VS2010)

time: Tue Mar 05 20:22:22 2019
elapsed time: 0 seconds (0d 0h 0m 0s)

