#
# A fatal error has been detected by the Java Runtime Environment:
#
#  EXCEPTION_ACCESS_VIOLATION (0xc0000005) at pc=0xffffffffa4215120, pid=13580, tid=0x0000000000000ee8
#
# JRE version: Java(TM) SE Runtime Environment (8.0_111-b14) (build 1.8.0_111-b14)
# Java VM: Java HotSpot(TM) 64-Bit Server VM (25.111-b14 mixed mode windows-amd64 compressed oops)
# Problematic frame:
# C  0xffffffffa4215120
#
# Failed to write core dump. Minidumps are not enabled by default on client versions of Windows
#
# If you would like to submit a bug report, please visit:
#   http://bugreport.java.com/bugreport/crash.jsp
#

---------------  T H R E A D  ---------------

Current thread (0x0000000016e81000):  JavaThread "AWT-EventQueue-0" [_thread_in_Java, id=3816, stack(0x0000000017420000,0x0000000017520000)]

siginfo: ExceptionCode=0xc0000005, ExceptionInformation=0x0000000000000008 0xffffffffa4215120

Registers:
RAX=0x0000000014e89af8, RBX=0x0000000014e89af8, RCX=0x00000000eb3b0768, RDX=0x00000000eb3b0768
RSP=0x000000001751a658, RBP=0x000000001751a6b8, RSI=0x00000000000001de, RDI=0x0000000000000108
R8 =0x0000000000001822, R9 =0x0000000016ccf6c0, R10=0x00000000750fc0c0, R11=0x0000000003452940
R12=0x0000000000000000, R13=0x000000001751a668, R14=0x0000000000000000, R15=0x0000000016e81000
RIP=0xffffffffa4215120, EFLAGS=0x0000000000010206

Top of Stack: (sp=0x000000001751a658)
0x000000001751a658:   00000000032177a0 00000000032177a0
0x000000001751a668:   0000000000001822 00000000eb3b0768
0x000000001751a678:   000000001751a678 0000000014e8d54a
0x000000001751a688:   000000001751a6d0 0000000014e92110
0x000000001751a698:   0000000000000000 0000000014e8d560
0x000000001751a6a8:   000000001751a668 000000001751a6c8
0x000000001751a6b8:   000000001751a718 0000000003217940
0x000000001751a6c8:   0000000000001822 00000000eb3b0768
0x000000001751a6d8:   000000001751a6d8 0000000019c3f90c
0x000000001751a6e8:   000000001751a728 0000000019c40268
0x000000001751a6f8:   0000000000000000 0000000019c3f918
0x000000001751a708:   000000001751a6c8 000000001751a728
0x000000001751a718:   000000001751a780 0000000003217940
0x000000001751a728:   00000000eb3b3080 0000000000000091
0x000000001751a738:   00000000eb3b3368 000000001751a740
0x000000001751a748:   0000000019c3e8df 000000001751a7d8 

Instructions: (pc=0xffffffffa4215120)
0xffffffffa4215100:   
[error occurred during error reporting (printing registers, top of stack, instructions near pc), id 0xc0000005]

Register to memory mapping:

RAX={method} {0x0000000014e89b00} '_get' '(I)B' in 'java/nio/HeapByteBuffer'
RBX={method} {0x0000000014e89b00} '_get' '(I)B' in 'java/nio/HeapByteBuffer'
RCX=0x00000000eb3b0768 is an oop
java.nio.HeapByteBuffer 
 - klass: 'java/nio/HeapByteBuffer'
RDX=0x00000000eb3b0768 is an oop
java.nio.HeapByteBuffer 
 - klass: 'java/nio/HeapByteBuffer'
RSP=0x000000001751a658 is pointing into the stack for thread: 0x0000000016e81000
RBP=0x000000001751a6b8 is pointing into the stack for thread: 0x0000000016e81000
RSI=0x00000000000001de is an unknown value
RDI=0x0000000000000108 is an unknown value
R8 =0x0000000000001822 is an unknown value
R9 =0x0000000016ccf6c0 is an unknown value
R10=0x00000000750fc0c0 is an unknown value
R11=0x0000000003452940 is at entry_point+32 in (nmethod*)0x00000000034527d0
R12=0x0000000000000000 is an unknown value
R13=0x000000001751a668 is pointing into the stack for thread: 0x0000000016e81000
R14=0x0000000000000000 is an unknown value
R15=0x0000000016e81000 is a thread


Stack: [0x0000000017420000,0x0000000017520000],  sp=0x000000001751a658,  free space=1001k
Native frames: (J=compiled Java code, j=interpreted, Vv=VM code, C=native code)
C  0xffffffffa4215120


---------------  P R O C E S S  ---------------

Java Threads: ( => current thread )
  0x0000000019171000 JavaThread "Image Fetcher 3" daemon [_thread_blocked, id=4584, stack(0x0000000019e10000,0x0000000019f10000)]
  0x000000001909f000 JavaThread "Image Fetcher 2" daemon [_thread_blocked, id=14764, stack(0x0000000019d10000,0x0000000019e10000)]
  0x000000001907d000 JavaThread "Image Fetcher 1" daemon [_thread_blocked, id=14584, stack(0x0000000019a10000,0x0000000019b10000)]
  0x0000000019063800 JavaThread "Image Fetcher 0" daemon [_thread_blocked, id=7336, stack(0x0000000019910000,0x0000000019a10000)]
  0x0000000016eab800 JavaThread "TimerQueue" daemon [_thread_blocked, id=3200, stack(0x0000000019810000,0x0000000019910000)]
  0x0000000003111800 JavaThread "DestroyJavaVM" [_thread_blocked, id=4132, stack(0x0000000002fe0000,0x00000000030e0000)]
=>0x0000000016e81000 JavaThread "AWT-EventQueue-0" [_thread_in_Java, id=3816, stack(0x0000000017420000,0x0000000017520000)]
  0x0000000016e80000 JavaThread "AWT-Windows" daemon [_thread_in_native, id=1076, stack(0x0000000017220000,0x0000000017320000)]
  0x0000000016e7f000 JavaThread "AWT-Shutdown" [_thread_blocked, id=11064, stack(0x0000000017120000,0x0000000017220000)]
  0x0000000016e7e800 JavaThread "Java2D Disposer" daemon [_thread_blocked, id=6632, stack(0x0000000017020000,0x0000000017120000)]
  0x0000000015701000 JavaThread "Service Thread" daemon [_thread_blocked, id=5768, stack(0x00000000168e0000,0x00000000169e0000)]
  0x00000000156f4000 JavaThread "C1 CompilerThread1" daemon [_thread_blocked, id=12124, stack(0x00000000167e0000,0x00000000168e0000)]
  0x000000001569a000 JavaThread "C2 CompilerThread0" daemon [_thread_blocked, id=8108, stack(0x00000000166e0000,0x00000000167e0000)]
  0x0000000015699000 JavaThread "Attach Listener" daemon [_thread_blocked, id=4084, stack(0x00000000165e0000,0x00000000166e0000)]
  0x0000000015695800 JavaThread "Signal Dispatcher" daemon [_thread_blocked, id=14544, stack(0x00000000164e0000,0x00000000165e0000)]
  0x0000000015688800 JavaThread "Finalizer" daemon [_thread_blocked, id=840, stack(0x00000000162e0000,0x00000000163e0000)]
  0x00000000031fd000 JavaThread "Reference Handler" daemon [_thread_blocked, id=10220, stack(0x00000000161e0000,0x00000000162e0000)]

Other Threads:
  0x0000000015665800 VMThread [stack: 0x00000000160e0000,0x00000000161e0000] [id=12796]
  0x00000000156fc800 WatcherThread [stack: 0x00000000169e0000,0x0000000016ae0000] [id=8692]

VM state:not at safepoint (normal execution)

VM Mutex/Monitor currently owned by a thread: None

Heap:
 PSYoungGen      total 18944K, used 9225K [0x00000000eab00000, 0x00000000ec000000, 0x0000000100000000)
  eden space 16384K, 56% used [0x00000000eab00000,0x00000000eb4024b0,0x00000000ebb00000)
  from space 2560K, 0% used [0x00000000ebd80000,0x00000000ebd80000,0x00000000ec000000)
  to   space 2560K, 0% used [0x00000000ebb00000,0x00000000ebb00000,0x00000000ebd80000)
 ParOldGen       total 44032K, used 0K [0x00000000c0000000, 0x00000000c2b00000, 0x00000000eab00000)
  object space 44032K, 0% used [0x00000000c0000000,0x00000000c0000000,0x00000000c2b00000)
 Metaspace       used 10635K, capacity 10878K, committed 11008K, reserved 1058816K
  class space    used 1352K, capacity 1447K, committed 1536K, reserved 1048576K

Card table byte_map: [0x00000000125d0000,0x00000000127e0000] byte_map_base: 0x0000000011fd0000

Marking Bits: (ParMarkBitMap*) 0x000000007511a6c0
 Begin Bits: [0x0000000012b40000, 0x0000000013b40000)
 End Bits:   [0x0000000013b40000, 0x0000000014b40000)

Polling page: 0x0000000001350000

CodeCache: size=245760Kb used=2328Kb max_used=2328Kb free=243431Kb
 bounds [0x0000000003210000, 0x0000000003480000, 0x0000000012210000]
 total_blobs=1023 nmethods=561 adapters=377
 compilation: enabled

Compilation events (10 events):
Event: 0.874 Thread 0x00000000156f4000 nmethod 554 0x0000000003452fd0 code [0x0000000003453180, 0x0000000003453768]
Event: 0.874 Thread 0x00000000156f4000  552       3       java.nio.Bits::getShortB (16 bytes)
Event: 0.874 Thread 0x00000000156f4000 nmethod 552 0x00000000034539d0 code [0x0000000003453b40, 0x0000000003453e98]
Event: 0.874 Thread 0x00000000156f4000  553       3       java.nio.Bits::makeShort (12 bytes)
Event: 0.874 Thread 0x00000000156f4000 nmethod 553 0x0000000003453f90 code [0x00000000034540e0, 0x0000000003454230]
Event: 0.874 Thread 0x00000000156f4000  555       3       java.nio.ByteBufferAsShortBufferB::ix (9 bytes)
Event: 0.874 Thread 0x00000000156f4000 nmethod 555 0x0000000003454290 code [0x00000000034543e0, 0x0000000003454530]
Event: 0.877 Thread 0x00000000156f4000  556       1       java.nio.HeapByteBuffer::_get (7 bytes)
Event: 0.877 Thread 0x00000000156f4000 nmethod 556 0x0000000003455190 code [0x00000000034552e0, 0x0000000003455410]
Event: 0.877 Thread 0x00000000156f4000  559       3       java.nio.ByteBufferAsCharBufferB::get (16 bytes)

GC Heap History (0 events):
No events

Deoptimization events (0 events):
No events

Internal exceptions (10 events):
Event: 0.133 Thread 0x0000000003111800 Exception <a 'java/security/PrivilegedActionException'> (0x00000000eab939d8) thrown at [C:\re\workspace\8-2-build-windows-amd64-cygwin\jdk8u111\7883\hotspot\src\share\vm\prims\jvm.cpp, line 1386]
Event: 0.133 Thread 0x0000000003111800 Exception <a 'java/security/PrivilegedActionException'> (0x00000000eab93be8) thrown at [C:\re\workspace\8-2-build-windows-amd64-cygwin\jdk8u111\7883\hotspot\src\share\vm\prims\jvm.cpp, line 1386]
Event: 0.202 Thread 0x0000000003111800 Exception <a 'java/security/PrivilegedActionException'> (0x00000000ead04190) thrown at [C:\re\workspace\8-2-build-windows-amd64-cygwin\jdk8u111\7883\hotspot\src\share\vm\prims\jvm.cpp, line 1386]
Event: 0.202 Thread 0x0000000003111800 Exception <a 'java/security/PrivilegedActionException'> (0x00000000ead043a0) thrown at [C:\re\workspace\8-2-build-windows-amd64-cygwin\jdk8u111\7883\hotspot\src\share\vm\prims\jvm.cpp, line 1386]
Event: 0.202 Thread 0x0000000003111800 Exception <a 'java/security/PrivilegedActionException'> (0x00000000ead08288) thrown at [C:\re\workspace\8-2-build-windows-amd64-cygwin\jdk8u111\7883\hotspot\src\share\vm\prims\jvm.cpp, line 1386]
Event: 0.202 Thread 0x0000000003111800 Exception <a 'java/security/PrivilegedActionException'> (0x00000000ead08498) thrown at [C:\re\workspace\8-2-build-windows-amd64-cygwin\jdk8u111\7883\hotspot\src\share\vm\prims\jvm.cpp, line 1386]
Event: 0.207 Thread 0x0000000003111800 Exception <a 'java/io/FileNotFoundException'> (0x00000000ead0a7b8) thrown at [C:\re\workspace\8-2-build-windows-amd64-cygwin\jdk8u111\7883\hotspot\src\share\vm\prims\jni.cpp, line 709]
Event: 0.253 Thread 0x0000000003111800 Exception <a 'java/lang/NoSuchFieldError': method resolution failed> (0x00000000eadd7bc8) thrown at [C:\re\workspace\8-2-build-windows-amd64-cygwin\jdk8u111\7883\hotspot\src\share\vm\prims\methodHandles.cpp, line 1146]
Event: 0.258 Thread 0x0000000003111800 Exception <a 'java/lang/NoSuchFieldError': method resolution failed> (0x00000000eade4f98) thrown at [C:\re\workspace\8-2-build-windows-amd64-cygwin\jdk8u111\7883\hotspot\src\share\vm\prims\methodHandles.cpp, line 1146]
Event: 0.408 Thread 0x0000000016e81000 Exception <a 'java/io/FileNotFoundException'> (0x00000000eaf42dd0) thrown at [C:\re\workspace\8-2-build-windows-amd64-cygwin\jdk8u111\7883\hotspot\src\share\vm\prims\jni.cpp, line 709]

Events (10 events):
Event: 0.876 loading class sun/font/TrueTypeGlyphMapper
Event: 0.876 loading class sun/font/TrueTypeGlyphMapper done
Event: 0.876 loading class sun/font/CMap
Event: 0.876 loading class sun/font/CMap done
Event: 0.876 loading class sun/font/CMap$NullCMapClass
Event: 0.876 loading class sun/font/CMap$NullCMapClass done
Event: 0.877 loading class sun/font/CMap$CMapFormat4
Event: 0.877 loading class sun/font/CMap$CMapFormat4 done
Event: 0.877 loading class java/nio/ByteBufferAsCharBufferB
Event: 0.877 loading class java/nio/ByteBufferAsCharBufferB done


Dynamic libraries:
0x00007ff77d3d0000 - 0x00007ff77d407000 	C:\Program Files\Java\jdk1.8.0_111\bin\java.exe
0x00007ffdbda30000 - 0x00007ffdbdc1d000 	C:\Windows\SYSTEM32\ntdll.dll
0x00007ffdbb770000 - 0x00007ffdbb823000 	C:\Windows\System32\KERNEL32.DLL
0x00007ffdba590000 - 0x00007ffdba823000 	C:\Windows\System32\KERNELBASE.dll
0x00007ffdbcd20000 - 0x00007ffdbcdc3000 	C:\Windows\System32\ADVAPI32.dll
0x00007ffdbd410000 - 0x00007ffdbd4ae000 	C:\Windows\System32\msvcrt.dll
0x00007ffdbd0b0000 - 0x00007ffdbd14e000 	C:\Windows\System32\sechost.dll
0x00007ffdbadc0000 - 0x00007ffdbaee3000 	C:\Windows\System32\RPCRT4.dll
0x00007ffdbaef0000 - 0x00007ffdbb087000 	C:\Windows\System32\USER32.dll
0x00007ffdba830000 - 0x00007ffdba850000 	C:\Windows\System32\win32u.dll
0x00007ffdbb090000 - 0x00007ffdbb0b9000 	C:\Windows\System32\GDI32.dll
0x00007ffdb9b00000 - 0x00007ffdb9c9a000 	C:\Windows\System32\gdi32full.dll
0x00007ffdb9ca0000 - 0x00007ffdb9d40000 	C:\Windows\System32\msvcp_win.dll
0x00007ffdbaa30000 - 0x00007ffdbab2c000 	C:\Windows\System32\ucrtbase.dll
0x00007ffdb2910000 - 0x00007ffdb2b89000 	C:\Windows\WinSxS\amd64_microsoft.windows.common-controls_6595b64144ccf1df_6.0.17763.107_none_05b63884071e656e\COMCTL32.dll
0x00007ffdbd620000 - 0x00007ffdbd94e000 	C:\Windows\System32\combase.dll
0x00007ffdbabe0000 - 0x00007ffdbac5e000 	C:\Windows\System32\bcryptPrimitives.dll
0x00007ffdbd3e0000 - 0x00007ffdbd40e000 	C:\Windows\System32\IMM32.DLL
0x0000000074820000 - 0x00000000748f2000 	C:\Program Files\Java\jdk1.8.0_111\jre\bin\msvcr100.dll
0x0000000074900000 - 0x000000007519a000 	C:\Program Files\Java\jdk1.8.0_111\jre\bin\server\jvm.dll
0x00007ffdbcdd0000 - 0x00007ffdbcdd8000 	C:\Windows\System32\PSAPI.DLL
0x00007ffdb7bf0000 - 0x00007ffdb7bf9000 	C:\Windows\SYSTEM32\WSOCK32.dll
0x00007ffdb7790000 - 0x00007ffdb77b4000 	C:\Windows\SYSTEM32\WINMM.dll
0x00007ffdbb140000 - 0x00007ffdbb1ad000 	C:\Windows\System32\WS2_32.dll
0x00007ffdb2b90000 - 0x00007ffdb2b9a000 	C:\Windows\SYSTEM32\VERSION.dll
0x00007ffdb7760000 - 0x00007ffdb778d000 	C:\Windows\SYSTEM32\WINMMBASE.dll
0x00007ffdb9d40000 - 0x00007ffdb9d8a000 	C:\Windows\System32\cfgmgr32.dll
0x00000000747d0000 - 0x00000000747df000 	C:\Program Files\Java\jdk1.8.0_111\jre\bin\verify.dll
0x00000000747a0000 - 0x00000000747c9000 	C:\Program Files\Java\jdk1.8.0_111\jre\bin\java.dll
0x0000000074780000 - 0x0000000074796000 	C:\Program Files\Java\jdk1.8.0_111\jre\bin\zip.dll
0x00007ffdbb830000 - 0x00007ffdbcd1f000 	C:\Windows\System32\SHELL32.dll
0x00007ffdbd330000 - 0x00007ffdbd3d8000 	C:\Windows\System32\shcore.dll
0x00007ffdb9de0000 - 0x00007ffdba528000 	C:\Windows\System32\windows.storage.dll
0x00007ffdb9a50000 - 0x00007ffdb9a74000 	C:\Windows\System32\profapi.dll
0x00007ffdb9a80000 - 0x00007ffdb9add000 	C:\Windows\System32\powrprof.dll
0x00007ffdbd2d0000 - 0x00007ffdbd322000 	C:\Windows\System32\shlwapi.dll
0x00007ffdb9ae0000 - 0x00007ffdb9af1000 	C:\Windows\System32\kernel.appcore.dll
0x00007ffdb9dc0000 - 0x00007ffdb9dd7000 	C:\Windows\System32\cryptsp.dll
0x00000000745a0000 - 0x0000000074738000 	C:\Program Files\Java\jdk1.8.0_111\jre\bin\awt.dll
0x00007ffdbd150000 - 0x00007ffdbd21b000 	C:\Windows\System32\OLEAUT32.dll
0x00007ffdb7d20000 - 0x00007ffdb7dac000 	C:\Windows\SYSTEM32\apphelp.dll
0x00007ffdb8060000 - 0x00007ffdb80fc000 	C:\Windows\system32\uxtheme.dll
0x00007ffdbd4b0000 - 0x00007ffdbd61a000 	C:\Windows\System32\MSCTF.dll
0x00007ffdb83b0000 - 0x00007ffdb83de000 	C:\Windows\system32\dwmapi.dll
0x00007ffdba850000 - 0x00007ffdbaa2b000 	C:\Windows\System32\CRYPT32.dll
0x00007ffdb9a30000 - 0x00007ffdb9a42000 	C:\Windows\System32\MSASN1.dll
0x00007ffdbac60000 - 0x00007ffdbadb5000 	C:\Windows\System32\ole32.dll
0x00007ffdb2130000 - 0x00007ffdb22ce000 	C:\Windows\system32\d3d9.dll
0x00007ffd7dcf0000 - 0x00007ffd7eda6000 	C:\Windows\SYSTEM32\nvd3dumx.dll
0x0000000074550000 - 0x0000000074597000 	C:\Program Files\Java\jdk1.8.0_111\jre\bin\fontmanager.dll
0x0000000074760000 - 0x000000007477a000 	C:\Program Files\Java\jdk1.8.0_111\jre\bin\net.dll
0x00007ffdb92c0000 - 0x00007ffdb9327000 	C:\Windows\system32\mswsock.dll
0x0000000074740000 - 0x0000000074751000 	C:\Program Files\Java\jdk1.8.0_111\jre\bin\nio.dll
0x0000000074500000 - 0x0000000074542000 	C:\Program Files\Java\jdk1.8.0_111\jre\bin\t2k.dll
0x00007ffda56c0000 - 0x00007ffda58ad000 	C:\Windows\SYSTEM32\dbghelp.dll

VM Arguments:
jvm_args: -Dfile.encoding=UTF-8 
java_command: mobile_phone_shop.Mobile_Phone_Shop
java_class_path (initial): C:\Users\Samsung Pc\Documents\NetBeansProjects\Mobile_Phone_Shop\lib\swingx-2007_10_07.jar;C:\Users\Samsung Pc\Documents\NetBeansProjects\Mobile_Phone_Shop\lib\jcalendar-1.4.jar;C:\Users\Samsung Pc\Documents\NetBeansProjects\Mobile_Phone_Shop\lib\l2fprod-common-all.jar;C:\Users\Samsung Pc\Documents\NetBeansProjects\Mobile_Phone_Shop\lib\RojeruSan.lib.jar;C:\Users\Samsung Pc\Documents\NetBeansProjects\Mobile_Phone_Shop\lib\edisoncorSX.jar;C:\Users\Samsung Pc\Documents\NetBeansProjects\Mobile_Phone_Shop\lib\swingx-core-1.6.2.jar;C:\Users\Samsung Pc\Documents\NetBeansProjects\Mobile_Phone_Shop\lib\jcMousePanel.jar;C:\Users\Samsung Pc\Documents\NetBeansProjects\Mobile_Phone_Shop\lib\JCPanel.jar;C:\Users\Samsung Pc\Documents\NetBeansProjects\Mobile_Phone_Shop\lib\DateChooser.jar;C:\Users\Samsung Pc\Documents\NetBeansProjects\Mobile_Phone_Shop\lib\mysql-connector-java-5.0.7-bin.jar;C:\Users\Samsung Pc\Documents\NetBeansProjects\Mobile_Phone_Shop\build\classes
Launcher Type: SUN_STANDARD

Environment Variables:
PATH=C:\ProgramData\Oracle\Java\javapath;C:\Windows\system32;C:\Windows;C:\Windows\System32\Wbem;C:\Windows\System32\WindowsPowerShell\v1.0\;C:\Windows\System32\OpenSSH\;C:\Program Files (x86)\MySQL\MySQL Server 5.1\bin;C:\Program Files\Java\jdk1.8.0_111\bin;C:\Program Files\Java\jre1.8.0_111\bin;C:\Program Files (x86)\Java\jdk1.7.0\bin;C:\Program Files (x86)\Java\jre7\bin;C:\Program Files (x86)\Brackets\command;C:\Users\Samsung Pc\AppData\Local\Microsoft\WindowsApps;
USERNAME=Samsung Pc
OS=Windows_NT
PROCESSOR_IDENTIFIER=Intel64 Family 6 Model 23 Stepping 10, GenuineIntel



---------------  S Y S T E M  ---------------

OS: Windows 10.0 , 64 bit Build 17763 (10.0.17763.1)

CPU:total 2 (2 cores per cpu, 1 threads per core) family 6 model 23 stepping 10, cmov, cx8, fxsr, mmx, sse, sse2, sse3, ssse3, sse4.1, tsc

Memory: 4k page, physical 4192748k(1030088k free), swap 7204192k(2114616k free)

vm_info: Java HotSpot(TM) 64-Bit Server VM (25.111-b14) for windows-amd64 JRE (1.8.0_111-b14), built on Sep 22 2016 19:24:05 by "java_re" with MS VC++ 10.0 (VS2010)

time: Wed Mar 06 06:31:03 2019
elapsed time: 0 seconds (0d 0h 0m 0s)

