#
# A fatal error has been detected by the Java Runtime Environment:
#
#  EXCEPTION_ACCESS_VIOLATION (0xc0000005) at pc=0xffffffffa3785120, pid=4620, tid=0x00000000000022fc
#
# JRE version: Java(TM) SE Runtime Environment (8.0_111-b14) (build 1.8.0_111-b14)
# Java VM: Java HotSpot(TM) 64-Bit Server VM (25.111-b14 mixed mode windows-amd64 compressed oops)
# Problematic frame:
# C  0xffffffffa3785120
#
# Failed to write core dump. Minidumps are not enabled by default on client versions of Windows
#
# If you would like to submit a bug report, please visit:
#   http://bugreport.java.com/bugreport/crash.jsp
#

---------------  T H R E A D  ---------------

Current thread (0x00000000163be000):  JavaThread "AWT-EventQueue-0" [_thread_in_Java, id=8956, stack(0x0000000016960000,0x0000000016a60000)]

siginfo: ExceptionCode=0xc0000005, ExceptionInformation=0x0000000000000008 0xffffffffa3785120

Registers:
RAX=0x00000000143f9af8, RBX=0x00000000143f9af8, RCX=0x00000000eb0f0530, RDX=0x00000000eb0f0530
RSP=0x0000000016a5a488, RBP=0x0000000016a5a4e8, RSI=0x00000000000001b8, RDI=0x0000000000000108
R8 =0x00000000000017d6, R9 =0x0000000016299580, R10=0x00000000750fc0c0, R11=0x0000000002991100
R12=0x0000000000000000, R13=0x0000000016a5a498, R14=0x0000000000000000, R15=0x00000000163be000
RIP=0xffffffffa3785120, EFLAGS=0x0000000000010206

Top of Stack: (sp=0x0000000016a5a488)
0x0000000016a5a488:   00000000027877a0 00000000027877a0
0x0000000016a5a498:   00000000000017d6 00000000eb0f0530
0x0000000016a5a4a8:   0000000016a5a4a8 00000000143fd54a
0x0000000016a5a4b8:   0000000016a5a500 0000000014402110
0x0000000016a5a4c8:   0000000000000000 00000000143fd560
0x0000000016a5a4d8:   0000000016a5a498 0000000016a5a4f8
0x0000000016a5a4e8:   0000000016a5a548 0000000002787940
0x0000000016a5a4f8:   00000000000017d6 00000000eb0f0530
0x0000000016a5a508:   0000000016a5a508 0000000019206454
0x0000000016a5a518:   0000000016a5a558 0000000019206d58
0x0000000016a5a528:   0000000000000000 0000000019206460
0x0000000016a5a538:   0000000016a5a4f8 0000000016a5a558
0x0000000016a5a548:   0000000016a5a5b0 0000000002787940
0x0000000016a5a558:   00000000eb0f2e48 000000000000006b
0x0000000016a5a568:   00000000eb0f3130 0000000016a5a570
0x0000000016a5a578:   0000000019205427 0000000016a5a608 

Instructions: (pc=0xffffffffa3785120)
0xffffffffa3785100:   
[error occurred during error reporting (printing registers, top of stack, instructions near pc), id 0xc0000005]

Register to memory mapping:

RAX={method} {0x00000000143f9b00} '_get' '(I)B' in 'java/nio/HeapByteBuffer'
RBX={method} {0x00000000143f9b00} '_get' '(I)B' in 'java/nio/HeapByteBuffer'
RCX=0x00000000eb0f0530 is an oop
java.nio.HeapByteBuffer 
 - klass: 'java/nio/HeapByteBuffer'
RDX=0x00000000eb0f0530 is an oop
java.nio.HeapByteBuffer 
 - klass: 'java/nio/HeapByteBuffer'
RSP=0x0000000016a5a488 is pointing into the stack for thread: 0x00000000163be000
RBP=0x0000000016a5a4e8 is pointing into the stack for thread: 0x00000000163be000
RSI=0x00000000000001b8 is an unknown value
RDI=0x0000000000000108 is an unknown value
R8 =0x00000000000017d6 is an unknown value
R9 =0x0000000016299580 is an unknown value
R10=0x00000000750fc0c0 is an unknown value
R11=0x0000000002991100 is at entry_point+32 in (nmethod*)0x0000000002990f90
R12=0x0000000000000000 is an unknown value
R13=0x0000000016a5a498 is pointing into the stack for thread: 0x00000000163be000
R14=0x0000000000000000 is an unknown value
R15=0x00000000163be000 is a thread


Stack: [0x0000000016960000,0x0000000016a60000],  sp=0x0000000016a5a488,  free space=1001k
Native frames: (J=compiled Java code, j=interpreted, Vv=VM code, C=native code)
C  0xffffffffa3785120


---------------  P R O C E S S  ---------------

Java Threads: ( => current thread )
  0x0000000018683800 JavaThread "Image Fetcher 2" daemon [_thread_blocked, id=6264, stack(0x0000000019050000,0x0000000019150000)]
  0x0000000018679000 JavaThread "Image Fetcher 1" daemon [_thread_blocked, id=10136, stack(0x0000000018f50000,0x0000000019050000)]
  0x0000000018659800 JavaThread "Image Fetcher 0" daemon [_thread_blocked, id=8976, stack(0x0000000018e50000,0x0000000018f50000)]
  0x0000000002680800 JavaThread "DestroyJavaVM" [_thread_blocked, id=11880, stack(0x0000000002410000,0x0000000002510000)]
=>0x00000000163be000 JavaThread "AWT-EventQueue-0" [_thread_in_Java, id=8956, stack(0x0000000016960000,0x0000000016a60000)]
  0x00000000163bd000 JavaThread "AWT-Windows" daemon [_thread_in_native, id=11160, stack(0x0000000016780000,0x0000000016880000)]
  0x00000000163ba000 JavaThread "AWT-Shutdown" [_thread_blocked, id=7616, stack(0x0000000016680000,0x0000000016780000)]
  0x00000000163c9000 JavaThread "Java2D Disposer" daemon [_thread_blocked, id=7240, stack(0x0000000016580000,0x0000000016680000)]
  0x0000000014c6a800 JavaThread "Service Thread" daemon [_thread_blocked, id=11680, stack(0x0000000015e40000,0x0000000015f40000)]
  0x0000000014c64000 JavaThread "C1 CompilerThread1" daemon [_thread_blocked, id=9152, stack(0x0000000015d40000,0x0000000015e40000)]
  0x0000000014c0a000 JavaThread "C2 CompilerThread0" daemon [_thread_blocked, id=7260, stack(0x0000000015c40000,0x0000000015d40000)]
  0x0000000014c08800 JavaThread "Attach Listener" daemon [_thread_blocked, id=11480, stack(0x0000000015b40000,0x0000000015c40000)]
  0x0000000014c05800 JavaThread "Signal Dispatcher" daemon [_thread_blocked, id=11132, stack(0x0000000015a40000,0x0000000015b40000)]
  0x0000000014bf8800 JavaThread "Finalizer" daemon [_thread_blocked, id=9296, stack(0x0000000015840000,0x0000000015940000)]
  0x000000000276d000 JavaThread "Reference Handler" daemon [_thread_blocked, id=10492, stack(0x0000000015740000,0x0000000015840000)]

Other Threads:
  0x0000000014bd5800 VMThread [stack: 0x0000000015640000,0x0000000015740000] [id=10832]
  0x0000000014c6e800 WatcherThread [stack: 0x0000000015f40000,0x0000000016040000] [id=11168]

VM state:not at safepoint (normal execution)

VM Mutex/Monitor currently owned by a thread: None

Heap:
 PSYoungGen      total 18944K, used 6232K [0x00000000eab00000, 0x00000000ec000000, 0x0000000100000000)
  eden space 16384K, 38% used [0x00000000eab00000,0x00000000eb116350,0x00000000ebb00000)
  from space 2560K, 0% used [0x00000000ebd80000,0x00000000ebd80000,0x00000000ec000000)
  to   space 2560K, 0% used [0x00000000ebb00000,0x00000000ebb00000,0x00000000ebd80000)
 ParOldGen       total 44032K, used 0K [0x00000000c0000000, 0x00000000c2b00000, 0x00000000eab00000)
  object space 44032K, 0% used [0x00000000c0000000,0x00000000c0000000,0x00000000c2b00000)
 Metaspace       used 10035K, capacity 10234K, committed 10368K, reserved 1058816K
  class space    used 1212K, capacity 1313K, committed 1408K, reserved 1048576K

Card table byte_map: [0x0000000011b40000,0x0000000011d50000] byte_map_base: 0x0000000011540000

Marking Bits: (ParMarkBitMap*) 0x000000007511a6c0
 Begin Bits: [0x00000000120b0000, 0x00000000130b0000)
 End Bits:   [0x00000000130b0000, 0x00000000140b0000)

Polling page: 0x0000000000920000

CodeCache: size=245760Kb used=2130Kb max_used=2130Kb free=243629Kb
 bounds [0x0000000002780000, 0x00000000029f0000, 0x0000000011780000]
 total_blobs=916 nmethods=466 adapters=365
 compilation: enabled

Compilation events (10 events):
Event: 0.752 Thread 0x0000000014c64000  462       1       java.nio.HeapByteBuffer::_get (7 bytes)
Event: 0.752 Thread 0x0000000014c64000 nmethod 462 0x0000000002993e50 code [0x0000000002993fa0, 0x00000000029940d0]
Event: 0.752 Thread 0x0000000014c64000  465       3       java.nio.ByteBufferAsCharBufferB::get (16 bytes)
Event: 0.752 Thread 0x0000000014c64000 nmethod 465 0x0000000002994190 code [0x0000000002994340, 0x0000000002994948]
Event: 0.752 Thread 0x0000000014c64000  466       3       java.nio.ByteBufferAsCharBufferB::ix (9 bytes)
Event: 0.752 Thread 0x0000000014c64000 nmethod 466 0x0000000002994b90 code [0x0000000002994ce0, 0x0000000002994e30]
Event: 0.752 Thread 0x0000000014c64000  463       3       java.nio.Bits::getCharB (16 bytes)
Event: 0.753 Thread 0x0000000014c64000 nmethod 463 0x0000000002994e90 code [0x0000000002995000, 0x0000000002995358]
Event: 0.753 Thread 0x0000000014c64000  464       3       java.nio.Bits::makeChar (12 bytes)
Event: 0.753 Thread 0x0000000014c64000 nmethod 464 0x0000000002995450 code [0x00000000029955a0, 0x00000000029956f0]

GC Heap History (0 events):
No events

Deoptimization events (0 events):
No events

Internal exceptions (10 events):
Event: 0.138 Thread 0x0000000002680800 Exception <a 'java/security/PrivilegedActionException'> (0x00000000eab92558) thrown at [C:\re\workspace\8-2-build-windows-amd64-cygwin\jdk8u111\7883\hotspot\src\share\vm\prims\jvm.cpp, line 1386]
Event: 0.138 Thread 0x0000000002680800 Exception <a 'java/security/PrivilegedActionException'> (0x00000000eab92768) thrown at [C:\re\workspace\8-2-build-windows-amd64-cygwin\jdk8u111\7883\hotspot\src\share\vm\prims\jvm.cpp, line 1386]
Event: 0.203 Thread 0x0000000002680800 Exception <a 'java/security/PrivilegedActionException'> (0x00000000eac59de8) thrown at [C:\re\workspace\8-2-build-windows-amd64-cygwin\jdk8u111\7883\hotspot\src\share\vm\prims\jvm.cpp, line 1386]
Event: 0.203 Thread 0x0000000002680800 Exception <a 'java/security/PrivilegedActionException'> (0x00000000eac59ff8) thrown at [C:\re\workspace\8-2-build-windows-amd64-cygwin\jdk8u111\7883\hotspot\src\share\vm\prims\jvm.cpp, line 1386]
Event: 0.207 Thread 0x0000000002680800 Exception <a 'java/security/PrivilegedActionException'> (0x00000000eac5dfb8) thrown at [C:\re\workspace\8-2-build-windows-amd64-cygwin\jdk8u111\7883\hotspot\src\share\vm\prims\jvm.cpp, line 1386]
Event: 0.207 Thread 0x0000000002680800 Exception <a 'java/security/PrivilegedActionException'> (0x00000000eac5e1c8) thrown at [C:\re\workspace\8-2-build-windows-amd64-cygwin\jdk8u111\7883\hotspot\src\share\vm\prims\jvm.cpp, line 1386]
Event: 0.217 Thread 0x0000000002680800 Exception <a 'java/io/FileNotFoundException'> (0x00000000eac60688) thrown at [C:\re\workspace\8-2-build-windows-amd64-cygwin\jdk8u111\7883\hotspot\src\share\vm\prims\jni.cpp, line 709]
Event: 0.318 Thread 0x0000000002680800 Exception <a 'java/lang/NoSuchFieldError': method resolution failed> (0x00000000ead2ddd8) thrown at [C:\re\workspace\8-2-build-windows-amd64-cygwin\jdk8u111\7883\hotspot\src\share\vm\prims\methodHandles.cpp, line 1146]
Event: 0.335 Thread 0x0000000002680800 Exception <a 'java/lang/NoSuchFieldError': method resolution failed> (0x00000000ead3b178) thrown at [C:\re\workspace\8-2-build-windows-amd64-cygwin\jdk8u111\7883\hotspot\src\share\vm\prims\methodHandles.cpp, line 1146]
Event: 0.497 Thread 0x00000000163be000 Exception <a 'java/io/FileNotFoundException'> (0x00000000eae93250) thrown at [C:\re\workspace\8-2-build-windows-amd64-cygwin\jdk8u111\7883\hotspot\src\share\vm\prims\jni.cpp, line 709]

Events (10 events):
Event: 0.751 loading class sun/font/TrueTypeGlyphMapper
Event: 0.751 loading class sun/font/TrueTypeGlyphMapper done
Event: 0.751 loading class sun/font/CMap
Event: 0.751 loading class sun/font/CMap done
Event: 0.751 loading class sun/font/CMap$NullCMapClass
Event: 0.751 loading class sun/font/CMap$NullCMapClass done
Event: 0.751 loading class sun/font/CMap$CMapFormat4
Event: 0.752 loading class sun/font/CMap$CMapFormat4 done
Event: 0.752 loading class java/nio/ByteBufferAsCharBufferB
Event: 0.752 loading class java/nio/ByteBufferAsCharBufferB done


Dynamic libraries:
0x00007ff691410000 - 0x00007ff691447000 	C:\Program Files\Java\jdk1.8.0_111\bin\java.exe
0x00007ffdbda30000 - 0x00007ffdbdc1d000 	C:\Windows\SYSTEM32\ntdll.dll
0x00007ffdbb770000 - 0x00007ffdbb823000 	C:\Windows\System32\KERNEL32.DLL
0x00007ffdba590000 - 0x00007ffdba823000 	C:\Windows\System32\KERNELBASE.dll
0x00007ffdbcd20000 - 0x00007ffdbcdc3000 	C:\Windows\System32\ADVAPI32.dll
0x00007ffdbd410000 - 0x00007ffdbd4ae000 	C:\Windows\System32\msvcrt.dll
0x00007ffdbd0b0000 - 0x00007ffdbd14e000 	C:\Windows\System32\sechost.dll
0x00007ffdbadc0000 - 0x00007ffdbaee3000 	C:\Windows\System32\RPCRT4.dll
0x00007ffdbaef0000 - 0x00007ffdbb087000 	C:\Windows\System32\USER32.dll
0x00007ffdba830000 - 0x00007ffdba850000 	C:\Windows\System32\win32u.dll
0x00007ffdbb090000 - 0x00007ffdbb0b9000 	C:\Windows\System32\GDI32.dll
0x00007ffdb9b00000 - 0x00007ffdb9c9a000 	C:\Windows\System32\gdi32full.dll
0x00007ffdb9ca0000 - 0x00007ffdb9d40000 	C:\Windows\System32\msvcp_win.dll
0x00007ffdbaa30000 - 0x00007ffdbab2c000 	C:\Windows\System32\ucrtbase.dll
0x00007ffdb2910000 - 0x00007ffdb2b89000 	C:\Windows\WinSxS\amd64_microsoft.windows.common-controls_6595b64144ccf1df_6.0.17763.107_none_05b63884071e656e\COMCTL32.dll
0x00007ffdbd620000 - 0x00007ffdbd94e000 	C:\Windows\System32\combase.dll
0x00007ffdbabe0000 - 0x00007ffdbac5e000 	C:\Windows\System32\bcryptPrimitives.dll
0x00007ffdbd3e0000 - 0x00007ffdbd40e000 	C:\Windows\System32\IMM32.DLL
0x0000000074820000 - 0x00000000748f2000 	C:\Program Files\Java\jdk1.8.0_111\jre\bin\msvcr100.dll
0x0000000074900000 - 0x000000007519a000 	C:\Program Files\Java\jdk1.8.0_111\jre\bin\server\jvm.dll
0x00007ffdbcdd0000 - 0x00007ffdbcdd8000 	C:\Windows\System32\PSAPI.DLL
0x00007ffdb7bf0000 - 0x00007ffdb7bf9000 	C:\Windows\SYSTEM32\WSOCK32.dll
0x00007ffdbb140000 - 0x00007ffdbb1ad000 	C:\Windows\System32\WS2_32.dll
0x00007ffdb7790000 - 0x00007ffdb77b4000 	C:\Windows\SYSTEM32\WINMM.dll
0x00007ffdb2b90000 - 0x00007ffdb2b9a000 	C:\Windows\SYSTEM32\VERSION.dll
0x00007ffdb7760000 - 0x00007ffdb778d000 	C:\Windows\SYSTEM32\WINMMBASE.dll
0x00007ffdb9d40000 - 0x00007ffdb9d8a000 	C:\Windows\System32\cfgmgr32.dll
0x00000000747d0000 - 0x00000000747df000 	C:\Program Files\Java\jdk1.8.0_111\jre\bin\verify.dll
0x00000000747a0000 - 0x00000000747c9000 	C:\Program Files\Java\jdk1.8.0_111\jre\bin\java.dll
0x0000000074780000 - 0x0000000074796000 	C:\Program Files\Java\jdk1.8.0_111\jre\bin\zip.dll
0x00007ffdbb830000 - 0x00007ffdbcd1f000 	C:\Windows\System32\SHELL32.dll
0x00007ffdbd330000 - 0x00007ffdbd3d8000 	C:\Windows\System32\shcore.dll
0x00007ffdb9de0000 - 0x00007ffdba528000 	C:\Windows\System32\windows.storage.dll
0x00007ffdb9a50000 - 0x00007ffdb9a74000 	C:\Windows\System32\profapi.dll
0x00007ffdb9a80000 - 0x00007ffdb9add000 	C:\Windows\System32\powrprof.dll
0x00007ffdbd2d0000 - 0x00007ffdbd322000 	C:\Windows\System32\shlwapi.dll
0x00007ffdb9ae0000 - 0x00007ffdb9af1000 	C:\Windows\System32\kernel.appcore.dll
0x00007ffdb9dc0000 - 0x00007ffdb9dd7000 	C:\Windows\System32\cryptsp.dll
0x00000000745a0000 - 0x0000000074738000 	C:\Program Files\Java\jdk1.8.0_111\jre\bin\awt.dll
0x00007ffdbd150000 - 0x00007ffdbd21b000 	C:\Windows\System32\OLEAUT32.dll
0x00007ffdb7d20000 - 0x00007ffdb7dac000 	C:\Windows\SYSTEM32\apphelp.dll
0x00007ffdb8060000 - 0x00007ffdb80fc000 	C:\Windows\system32\uxtheme.dll
0x00007ffdbd4b0000 - 0x00007ffdbd61a000 	C:\Windows\System32\MSCTF.dll
0x00007ffdb83b0000 - 0x00007ffdb83de000 	C:\Windows\system32\dwmapi.dll
0x00007ffdba850000 - 0x00007ffdbaa2b000 	C:\Windows\System32\CRYPT32.dll
0x00007ffdb9a30000 - 0x00007ffdb9a42000 	C:\Windows\System32\MSASN1.dll
0x00007ffdbac60000 - 0x00007ffdbadb5000 	C:\Windows\System32\ole32.dll
0x00007ffd89630000 - 0x00007ffd897ce000 	C:\Windows\system32\d3d9.dll
0x00007ffd83bc0000 - 0x00007ffd84c76000 	C:\Windows\SYSTEM32\nvd3dumx.dll
0x0000000074550000 - 0x0000000074597000 	C:\Program Files\Java\jdk1.8.0_111\jre\bin\fontmanager.dll
0x0000000074760000 - 0x000000007477a000 	C:\Program Files\Java\jdk1.8.0_111\jre\bin\net.dll
0x00007ffdb92c0000 - 0x00007ffdb9327000 	C:\Windows\system32\mswsock.dll
0x0000000074740000 - 0x0000000074751000 	C:\Program Files\Java\jdk1.8.0_111\jre\bin\nio.dll
0x0000000074500000 - 0x0000000074542000 	C:\Program Files\Java\jdk1.8.0_111\jre\bin\t2k.dll
0x00007ffda56c0000 - 0x00007ffda58ad000 	C:\Windows\SYSTEM32\dbghelp.dll

VM Arguments:
jvm_args: -Dfile.encoding=UTF-8 
java_command: mobile_phone_shop.Mobile_Phone_Shop
java_class_path (initial): C:\Users\Samsung Pc\Documents\NetBeansProjects\Mobile_Phone_Shop\lib\swingx-2007_10_07.jar;C:\Users\Samsung Pc\Documents\NetBeansProjects\Mobile_Phone_Shop\lib\jcalendar-1.4.jar;C:\Users\Samsung Pc\Documents\NetBeansProjects\Mobile_Phone_Shop\lib\l2fprod-common-all.jar;C:\Users\Samsung Pc\Documents\NetBeansProjects\Mobile_Phone_Shop\lib\RojeruSan.lib.jar;C:\Users\Samsung Pc\Documents\NetBeansProjects\Mobile_Phone_Shop\lib\edisoncorSX.jar;C:\Users\Samsung Pc\Documents\NetBeansProjects\Mobile_Phone_Shop\lib\swingx-core-1.6.2.jar;C:\Users\Samsung Pc\Documents\NetBeansProjects\Mobile_Phone_Shop\lib\jcMousePanel.jar;C:\Users\Samsung Pc\Documents\NetBeansProjects\Mobile_Phone_Shop\lib\JCPanel.jar;C:\Users\Samsung Pc\Documents\NetBeansProjects\Mobile_Phone_Shop\lib\DateChooser.jar;C:\Users\Samsung Pc\Documents\NetBeansProjects\Mobile_Phone_Shop\build\classes
Launcher Type: SUN_STANDARD

Environment Variables:
PATH=C:\ProgramData\Oracle\Java\javapath;C:\Windows\system32;C:\Windows;C:\Windows\System32\Wbem;C:\Windows\System32\WindowsPowerShell\v1.0\;C:\Windows\System32\OpenSSH\;C:\Program Files (x86)\MySQL\MySQL Server 5.1\bin;C:\Program Files\Java\jdk1.8.0_111\bin;C:\Program Files\Java\jre1.8.0_111\bin;C:\Program Files (x86)\Java\jdk1.7.0\bin;C:\Program Files (x86)\Java\jre7\bin;C:\Program Files (x86)\Brackets\command;C:\Users\Samsung Pc\AppData\Local\Microsoft\WindowsApps;
USERNAME=Samsung Pc
OS=Windows_NT
PROCESSOR_IDENTIFIER=Intel64 Family 6 Model 23 Stepping 10, GenuineIntel



---------------  S Y S T E M  ---------------

OS: Windows 10.0 , 64 bit Build 17763 (10.0.17763.1)

CPU:total 2 (2 cores per cpu, 1 threads per core) family 6 model 23 stepping 10, cmov, cx8, fxsr, mmx, sse, sse2, sse3, ssse3, sse4.1, tsc

Memory: 4k page, physical 4192748k(1692420k free), swap 6945260k(2985896k free)

vm_info: Java HotSpot(TM) 64-Bit Server VM (25.111-b14) for windows-amd64 JRE (1.8.0_111-b14), built on Sep 22 2016 19:24:05 by "java_re" with MS VC++ 10.0 (VS2010)

time: Tue Mar 05 18:52:08 2019
elapsed time: 0 seconds (0d 0h 0m 0s)

