#
# A fatal error has been detected by the Java Runtime Environment:
#
#  EXCEPTION_ACCESS_VIOLATION (0xc0000005) at pc=0xffffffffa3215120, pid=5380, tid=0x00000000000017a0
#
# JRE version: Java(TM) SE Runtime Environment (8.0_111-b14) (build 1.8.0_111-b14)
# Java VM: Java HotSpot(TM) 64-Bit Server VM (25.111-b14 mixed mode windows-amd64 compressed oops)
# Problematic frame:
# C  0xffffffffa3215120
#
# Failed to write core dump. Minidumps are not enabled by default on client versions of Windows
#
# If you would like to submit a bug report, please visit:
#   http://bugreport.java.com/bugreport/crash.jsp
#

---------------  T H R E A D  ---------------

Current thread (0x0000000015eab000):  JavaThread "AWT-EventQueue-0" [_thread_in_Java, id=6048, stack(0x0000000016460000,0x0000000016560000)]

siginfo: ExceptionCode=0xc0000005, ExceptionInformation=0x0000000000000008 0xffffffffa3215120

Registers:
RAX=0x0000000018bfdb10, RBX=0x0000000018bfdb10, RCX=0x00000000eb47dfd0, RDX=0x00000000eb47dfd0
RSP=0x000000001655c028, RBP=0x000000001655c098, RSI=0x0000000000000822, RDI=0x0000000000000108
R8 =0x0000000000000821, R9 =0x0000000015e8fe40, R10=0x00000000750fc0c0, R11=0x0000000002457740
R12=0x0000000000000000, R13=0x000000001655c040, R14=0x0000000018bfee58, R15=0x0000000015eab000
RIP=0xffffffffa3215120, EFLAGS=0x0000000000010206

Top of Stack: (sp=0x000000001655c028)
0x000000001655c028:   0000000002217ae0 000000001655c098
0x000000001655c038:   0000000002217ae0 0000000000000821
0x000000001655c048:   00000000eb47dfd0 00000000eb47c968
0x000000001655c058:   000000001655c058 0000000018bfdba1
0x000000001655c068:   000000001655c0a8 0000000018bfe4a8
0x000000001655c078:   0000000018bfee58 0000000018bfdbb0
0x000000001655c088:   000000001655c040 000000001655c0a8
0x000000001655c098:   000000001655c100 0000000002217940
0x000000001655c0a8:   00000000eb47dfd0 00000000000005a1
0x000000001655c0b8:   00000000eb47e548 000000001655c0c0
0x000000001655c0c8:   0000000018bfcbe3 000000001655c158
0x000000001655c0d8:   0000000018bfce00 0000000000000000
0x000000001655c0e8:   0000000018bfcc28 000000001655c0a8
0x000000001655c0f8:   000000001655c140 000000001655c1a8
0x000000001655c108:   000000000221809d 00000000000005a1
0x000000001655c118:   00000000000007fa 0000000000000280 

Instructions: (pc=0xffffffffa3215120)
0xffffffffa3215100:   
[error occurred during error reporting (printing registers, top of stack, instructions near pc), id 0xc0000005]

Register to memory mapping:

RAX={method} {0x0000000018bfdb18} 'ix' '(I)I' in 'java/nio/ByteBufferAsCharBufferB'
RBX={method} {0x0000000018bfdb18} 'ix' '(I)I' in 'java/nio/ByteBufferAsCharBufferB'
RCX=0x00000000eb47dfd0 is an oop
java.nio.ByteBufferAsCharBufferB 
 - klass: 'java/nio/ByteBufferAsCharBufferB'
RDX=0x00000000eb47dfd0 is an oop
java.nio.ByteBufferAsCharBufferB 
 - klass: 'java/nio/ByteBufferAsCharBufferB'
RSP=0x000000001655c028 is pointing into the stack for thread: 0x0000000015eab000
RBP=0x000000001655c098 is pointing into the stack for thread: 0x0000000015eab000
RSI=0x0000000000000822 is an unknown value
RDI=0x0000000000000108 is an unknown value
R8 =0x0000000000000821 is an unknown value
R9 =0x0000000015e8fe40 is an unknown value
R10=0x00000000750fc0c0 is an unknown value
R11=0x0000000002457740 is at entry_point+32 in (nmethod*)0x00000000024575d0
R12=0x0000000000000000 is an unknown value
R13=0x000000001655c040 is pointing into the stack for thread: 0x0000000015eab000
R14=0x0000000018bfee58 is pointing into metadata
R15=0x0000000015eab000 is a thread


Stack: [0x0000000016460000,0x0000000016560000],  sp=0x000000001655c028,  free space=1008k
Native frames: (J=compiled Java code, j=interpreted, Vv=VM code, C=native code)
C  0xffffffffa3215120


---------------  P R O C E S S  ---------------

Java Threads: ( => current thread )
  0x00000000182a5000 JavaThread "TimerQueue" daemon [_thread_blocked, id=10744, stack(0x0000000018fa0000,0x00000000190a0000)]
  0x000000001827c800 JavaThread "Image Fetcher 3" daemon [_thread_blocked, id=6040, stack(0x0000000018ea0000,0x0000000018fa0000)]
  0x0000000018273800 JavaThread "Image Fetcher 2" daemon [_thread_blocked, id=7320, stack(0x0000000018da0000,0x0000000018ea0000)]
  0x000000001820d000 JavaThread "Image Fetcher 1" daemon [_thread_blocked, id=7544, stack(0x0000000018ca0000,0x0000000018da0000)]
  0x0000000015efc800 JavaThread "Image Fetcher 0" daemon [_thread_blocked, id=5584, stack(0x00000000189a0000,0x0000000018aa0000)]
  0x0000000002100800 JavaThread "DestroyJavaVM" [_thread_blocked, id=14460, stack(0x0000000001f00000,0x0000000002000000)]
=>0x0000000015eab000 JavaThread "AWT-EventQueue-0" [_thread_in_Java, id=6048, stack(0x0000000016460000,0x0000000016560000)]
  0x0000000015eaa000 JavaThread "AWT-Windows" daemon [_thread_in_native, id=12448, stack(0x0000000016240000,0x0000000016340000)]
  0x0000000015e9a800 JavaThread "AWT-Shutdown" [_thread_blocked, id=7588, stack(0x0000000016140000,0x0000000016240000)]
  0x0000000015e9a000 JavaThread "Java2D Disposer" daemon [_thread_blocked, id=4616, stack(0x0000000016040000,0x0000000016140000)]
  0x000000001471a800 JavaThread "Service Thread" daemon [_thread_blocked, id=6008, stack(0x0000000015900000,0x0000000015a00000)]
  0x00000000146bc000 JavaThread "C1 CompilerThread1" daemon [_thread_blocked, id=3256, stack(0x0000000015800000,0x0000000015900000)]
  0x00000000146ba000 JavaThread "C2 CompilerThread0" daemon [_thread_blocked, id=7780, stack(0x0000000015700000,0x0000000015800000)]
  0x00000000146b8800 JavaThread "Attach Listener" daemon [_thread_blocked, id=5400, stack(0x0000000015600000,0x0000000015700000)]
  0x00000000146b5800 JavaThread "Signal Dispatcher" daemon [_thread_blocked, id=9772, stack(0x0000000015500000,0x0000000015600000)]
  0x00000000146a8800 JavaThread "Finalizer" daemon [_thread_blocked, id=14388, stack(0x00000000152f0000,0x00000000153f0000)]
  0x00000000021ec000 JavaThread "Reference Handler" daemon [_thread_blocked, id=11104, stack(0x00000000151f0000,0x00000000152f0000)]

Other Threads:
  0x0000000014686800 VMThread [stack: 0x00000000150f0000,0x00000000151f0000] [id=12152]
  0x0000000014727800 WatcherThread [stack: 0x0000000015a00000,0x0000000015b00000] [id=14860]

VM state:not at safepoint (normal execution)

VM Mutex/Monitor currently owned by a thread: None

Heap:
 PSYoungGen      total 18944K, used 9946K [0x00000000eab00000, 0x00000000ec000000, 0x0000000100000000)
  eden space 16384K, 60% used [0x00000000eab00000,0x00000000eb4b6ab8,0x00000000ebb00000)
  from space 2560K, 0% used [0x00000000ebd80000,0x00000000ebd80000,0x00000000ec000000)
  to   space 2560K, 0% used [0x00000000ebb00000,0x00000000ebb00000,0x00000000ebd80000)
 ParOldGen       total 44032K, used 0K [0x00000000c0000000, 0x00000000c2b00000, 0x00000000eab00000)
  object space 44032K, 0% used [0x00000000c0000000,0x00000000c0000000,0x00000000c2b00000)
 Metaspace       used 10917K, capacity 11082K, committed 11264K, reserved 1058816K
  class space    used 1406K, capacity 1475K, committed 1536K, reserved 1048576K

Card table byte_map: [0x00000000115d0000,0x00000000117e0000] byte_map_base: 0x0000000010fd0000

Marking Bits: (ParMarkBitMap*) 0x000000007511a6c0
 Begin Bits: [0x0000000011b40000, 0x0000000012b40000)
 End Bits:   [0x0000000012b40000, 0x0000000013b40000)

Polling page: 0x0000000000530000

CodeCache: size=245760Kb used=2338Kb max_used=2338Kb free=243421Kb
 bounds [0x0000000002210000, 0x0000000002480000, 0x0000000011210000]
 total_blobs=1022 nmethods=571 adapters=366
 compilation: enabled

Compilation events (10 events):
Event: 0.736 Thread 0x00000000146bc000  565       3       java.nio.Bits::getCharB (16 bytes)
Event: 0.736 Thread 0x00000000146bc000 nmethod 565 0x0000000002457010 code [0x0000000002457180, 0x00000000024574d8]
Event: 0.736 Thread 0x00000000146bc000  568       3       java.nio.ByteBufferAsCharBufferB::ix (9 bytes)
Event: 0.736 Thread 0x00000000146bc000 nmethod 568 0x00000000024575d0 code [0x0000000002457720, 0x0000000002457870]
Event: 0.736 Thread 0x00000000146bc000  566       3       java.nio.Bits::makeChar (12 bytes)
Event: 0.736 Thread 0x00000000146bc000 nmethod 566 0x00000000024578d0 code [0x0000000002457a20, 0x0000000002457b70]
Event: 0.736 Thread 0x00000000146bc000  569       1       java.nio.ByteBufferAsCharBufferB::ix (9 bytes)
Event: 0.736 Thread 0x00000000146bc000 nmethod 569 0x0000000002457bd0 code [0x0000000002457d20, 0x0000000002457e30]
Event: 0.736 Thread 0x00000000146bc000  567       3       java.nio.ByteBufferAsCharBufferB::get (16 bytes)
Event: 0.736 Thread 0x00000000146bc000 nmethod 567 0x0000000002457e90 code [0x0000000002458040, 0x0000000002458628]

GC Heap History (0 events):
No events

Deoptimization events (0 events):
No events

Internal exceptions (10 events):
Event: 0.130 Thread 0x0000000002100800 Exception <a 'java/security/PrivilegedActionException'> (0x00000000eab93718) thrown at [C:\re\workspace\8-2-build-windows-amd64-cygwin\jdk8u111\7883\hotspot\src\share\vm\prims\jvm.cpp, line 1386]
Event: 0.130 Thread 0x0000000002100800 Exception <a 'java/security/PrivilegedActionException'> (0x00000000eab93928) thrown at [C:\re\workspace\8-2-build-windows-amd64-cygwin\jdk8u111\7883\hotspot\src\share\vm\prims\jvm.cpp, line 1386]
Event: 0.218 Thread 0x0000000002100800 Exception <a 'java/security/PrivilegedActionException'> (0x00000000ead29d70) thrown at [C:\re\workspace\8-2-build-windows-amd64-cygwin\jdk8u111\7883\hotspot\src\share\vm\prims\jvm.cpp, line 1386]
Event: 0.218 Thread 0x0000000002100800 Exception <a 'java/security/PrivilegedActionException'> (0x00000000ead29f80) thrown at [C:\re\workspace\8-2-build-windows-amd64-cygwin\jdk8u111\7883\hotspot\src\share\vm\prims\jvm.cpp, line 1386]
Event: 0.218 Thread 0x0000000002100800 Exception <a 'java/security/PrivilegedActionException'> (0x00000000ead2de68) thrown at [C:\re\workspace\8-2-build-windows-amd64-cygwin\jdk8u111\7883\hotspot\src\share\vm\prims\jvm.cpp, line 1386]
Event: 0.218 Thread 0x0000000002100800 Exception <a 'java/security/PrivilegedActionException'> (0x00000000ead2e078) thrown at [C:\re\workspace\8-2-build-windows-amd64-cygwin\jdk8u111\7883\hotspot\src\share\vm\prims\jvm.cpp, line 1386]
Event: 0.223 Thread 0x0000000002100800 Exception <a 'java/io/FileNotFoundException'> (0x00000000ead30398) thrown at [C:\re\workspace\8-2-build-windows-amd64-cygwin\jdk8u111\7883\hotspot\src\share\vm\prims\jni.cpp, line 709]
Event: 0.266 Thread 0x0000000002100800 Exception <a 'java/lang/NoSuchFieldError': method resolution failed> (0x00000000eadfd8e0) thrown at [C:\re\workspace\8-2-build-windows-amd64-cygwin\jdk8u111\7883\hotspot\src\share\vm\prims\methodHandles.cpp, line 1146]
Event: 0.271 Thread 0x0000000002100800 Exception <a 'java/lang/NoSuchFieldError': method resolution failed> (0x00000000eae0acb0) thrown at [C:\re\workspace\8-2-build-windows-amd64-cygwin\jdk8u111\7883\hotspot\src\share\vm\prims\methodHandles.cpp, line 1146]
Event: 0.343 Thread 0x0000000015eab000 Exception <a 'java/io/FileNotFoundException'> (0x00000000eafa8ab0) thrown at [C:\re\workspace\8-2-build-windows-amd64-cygwin\jdk8u111\7883\hotspot\src\share\vm\prims\jni.cpp, line 709]

Events (10 events):
Event: 0.735 loading class sun/font/TrueTypeGlyphMapper
Event: 0.735 loading class sun/font/TrueTypeGlyphMapper done
Event: 0.735 loading class sun/font/CMap
Event: 0.735 loading class sun/font/CMap done
Event: 0.735 loading class sun/font/CMap$NullCMapClass
Event: 0.735 loading class sun/font/CMap$NullCMapClass done
Event: 0.735 loading class sun/font/CMap$CMapFormat4
Event: 0.735 loading class sun/font/CMap$CMapFormat4 done
Event: 0.735 loading class java/nio/ByteBufferAsCharBufferB
Event: 0.735 loading class java/nio/ByteBufferAsCharBufferB done


Dynamic libraries:
0x00007ff7b6820000 - 0x00007ff7b6857000 	C:\Program Files\Java\jdk1.8.0_111\bin\java.exe
0x00007ffdbda30000 - 0x00007ffdbdc1d000 	C:\Windows\SYSTEM32\ntdll.dll
0x00007ffdbb770000 - 0x00007ffdbb823000 	C:\Windows\System32\KERNEL32.DLL
0x00007ffdba590000 - 0x00007ffdba823000 	C:\Windows\System32\KERNELBASE.dll
0x00007ffdbcd20000 - 0x00007ffdbcdc3000 	C:\Windows\System32\ADVAPI32.dll
0x00007ffdbd410000 - 0x00007ffdbd4ae000 	C:\Windows\System32\msvcrt.dll
0x00007ffdbd0b0000 - 0x00007ffdbd14e000 	C:\Windows\System32\sechost.dll
0x00007ffdbadc0000 - 0x00007ffdbaee3000 	C:\Windows\System32\RPCRT4.dll
0x00007ffdbaef0000 - 0x00007ffdbb087000 	C:\Windows\System32\USER32.dll
0x00007ffdba830000 - 0x00007ffdba850000 	C:\Windows\System32\win32u.dll
0x00007ffdbb090000 - 0x00007ffdbb0b9000 	C:\Windows\System32\GDI32.dll
0x00007ffdb9b00000 - 0x00007ffdb9c9a000 	C:\Windows\System32\gdi32full.dll
0x00007ffdb9ca0000 - 0x00007ffdb9d40000 	C:\Windows\System32\msvcp_win.dll
0x00007ffdbaa30000 - 0x00007ffdbab2c000 	C:\Windows\System32\ucrtbase.dll
0x00007ffdb2910000 - 0x00007ffdb2b89000 	C:\Windows\WinSxS\amd64_microsoft.windows.common-controls_6595b64144ccf1df_6.0.17763.107_none_05b63884071e656e\COMCTL32.dll
0x00007ffdbd620000 - 0x00007ffdbd94e000 	C:\Windows\System32\combase.dll
0x00007ffdbabe0000 - 0x00007ffdbac5e000 	C:\Windows\System32\bcryptPrimitives.dll
0x00007ffdbd3e0000 - 0x00007ffdbd40e000 	C:\Windows\System32\IMM32.DLL
0x0000000074820000 - 0x00000000748f2000 	C:\Program Files\Java\jdk1.8.0_111\jre\bin\msvcr100.dll
0x0000000074900000 - 0x000000007519a000 	C:\Program Files\Java\jdk1.8.0_111\jre\bin\server\jvm.dll
0x00007ffdbcdd0000 - 0x00007ffdbcdd8000 	C:\Windows\System32\PSAPI.DLL
0x00007ffdb7bf0000 - 0x00007ffdb7bf9000 	C:\Windows\SYSTEM32\WSOCK32.dll
0x00007ffdbb140000 - 0x00007ffdbb1ad000 	C:\Windows\System32\WS2_32.dll
0x00007ffdb7790000 - 0x00007ffdb77b4000 	C:\Windows\SYSTEM32\WINMM.dll
0x00007ffdb2b90000 - 0x00007ffdb2b9a000 	C:\Windows\SYSTEM32\VERSION.dll
0x00007ffdb7760000 - 0x00007ffdb778d000 	C:\Windows\SYSTEM32\WINMMBASE.dll
0x00007ffdb9d40000 - 0x00007ffdb9d8a000 	C:\Windows\System32\cfgmgr32.dll
0x00000000747d0000 - 0x00000000747df000 	C:\Program Files\Java\jdk1.8.0_111\jre\bin\verify.dll
0x00000000747a0000 - 0x00000000747c9000 	C:\Program Files\Java\jdk1.8.0_111\jre\bin\java.dll
0x0000000074780000 - 0x0000000074796000 	C:\Program Files\Java\jdk1.8.0_111\jre\bin\zip.dll
0x00007ffdbb830000 - 0x00007ffdbcd1f000 	C:\Windows\System32\SHELL32.dll
0x00007ffdbd330000 - 0x00007ffdbd3d8000 	C:\Windows\System32\shcore.dll
0x00007ffdb9de0000 - 0x00007ffdba528000 	C:\Windows\System32\windows.storage.dll
0x00007ffdb9a50000 - 0x00007ffdb9a74000 	C:\Windows\System32\profapi.dll
0x00007ffdb9a80000 - 0x00007ffdb9add000 	C:\Windows\System32\powrprof.dll
0x00007ffdbd2d0000 - 0x00007ffdbd322000 	C:\Windows\System32\shlwapi.dll
0x00007ffdb9ae0000 - 0x00007ffdb9af1000 	C:\Windows\System32\kernel.appcore.dll
0x00007ffdb9dc0000 - 0x00007ffdb9dd7000 	C:\Windows\System32\cryptsp.dll
0x00000000745a0000 - 0x0000000074738000 	C:\Program Files\Java\jdk1.8.0_111\jre\bin\awt.dll
0x00007ffdbd150000 - 0x00007ffdbd21b000 	C:\Windows\System32\OLEAUT32.dll
0x00007ffdb7d20000 - 0x00007ffdb7dac000 	C:\Windows\SYSTEM32\apphelp.dll
0x00007ffdb8060000 - 0x00007ffdb80fc000 	C:\Windows\system32\uxtheme.dll
0x00007ffdbd4b0000 - 0x00007ffdbd61a000 	C:\Windows\System32\MSCTF.dll
0x00007ffdb83b0000 - 0x00007ffdb83de000 	C:\Windows\system32\dwmapi.dll
0x00007ffdba850000 - 0x00007ffdbaa2b000 	C:\Windows\System32\CRYPT32.dll
0x00007ffdb9a30000 - 0x00007ffdb9a42000 	C:\Windows\System32\MSASN1.dll
0x00007ffdbac60000 - 0x00007ffdbadb5000 	C:\Windows\System32\ole32.dll
0x00007ffd8ecb0000 - 0x00007ffd8ee4e000 	C:\Windows\system32\d3d9.dll
0x00007ffd749c0000 - 0x00007ffd75a76000 	C:\Windows\SYSTEM32\nvd3dumx.dll
0x0000000074550000 - 0x0000000074597000 	C:\Program Files\Java\jdk1.8.0_111\jre\bin\fontmanager.dll
0x0000000074760000 - 0x000000007477a000 	C:\Program Files\Java\jdk1.8.0_111\jre\bin\net.dll
0x00007ffdb92c0000 - 0x00007ffdb9327000 	C:\Windows\system32\mswsock.dll
0x0000000074740000 - 0x0000000074751000 	C:\Program Files\Java\jdk1.8.0_111\jre\bin\nio.dll
0x0000000074500000 - 0x0000000074542000 	C:\Program Files\Java\jdk1.8.0_111\jre\bin\t2k.dll
0x00007ffda56c0000 - 0x00007ffda58ad000 	C:\Windows\SYSTEM32\dbghelp.dll

VM Arguments:
jvm_args: -Dfile.encoding=UTF-8 
java_command: mobile_phone_shop.Mobile_Phone_Shop
java_class_path (initial): C:\Users\Samsung Pc\Documents\NetBeansProjects\Mobile_Phone_Shop\lib\swingx-2007_10_07.jar;C:\Users\Samsung Pc\Documents\NetBeansProjects\Mobile_Phone_Shop\lib\jcalendar-1.4.jar;C:\Users\Samsung Pc\Documents\NetBeansProjects\Mobile_Phone_Shop\lib\l2fprod-common-all.jar;C:\Users\Samsung Pc\Documents\NetBeansProjects\Mobile_Phone_Shop\lib\RojeruSan.lib.jar;C:\Users\Samsung Pc\Documents\NetBeansProjects\Mobile_Phone_Shop\lib\edisoncorSX.jar;C:\Users\Samsung Pc\Documents\NetBeansProjects\Mobile_Phone_Shop\lib\swingx-core-1.6.2.jar;C:\Users\Samsung Pc\Documents\NetBeansProjects\Mobile_Phone_Shop\lib\jcMousePanel.jar;C:\Users\Samsung Pc\Documents\NetBeansProjects\Mobile_Phone_Shop\lib\JCPanel.jar;C:\Users\Samsung Pc\Documents\NetBeansProjects\Mobile_Phone_Shop\lib\DateChooser.jar;C:\Users\Samsung Pc\Documents\NetBeansProjects\Mobile_Phone_Shop\lib\mysql-connector-java-5.0.7-bin.jar;C:\Users\Samsung Pc\Documents\NetBeansProjects\Mobile_Phone_Shop\build\classes
Launcher Type: SUN_STANDARD

Environment Variables:
PATH=C:\ProgramData\Oracle\Java\javapath;C:\Windows\system32;C:\Windows;C:\Windows\System32\Wbem;C:\Windows\System32\WindowsPowerShell\v1.0\;C:\Windows\System32\OpenSSH\;C:\Program Files (x86)\MySQL\MySQL Server 5.1\bin;C:\Program Files\Java\jdk1.8.0_111\bin;C:\Program Files\Java\jre1.8.0_111\bin;C:\Program Files (x86)\Java\jdk1.7.0\bin;C:\Program Files (x86)\Java\jre7\bin;C:\Program Files (x86)\Brackets\command;C:\Users\Samsung Pc\AppData\Local\Microsoft\WindowsApps;
USERNAME=Samsung Pc
OS=Windows_NT
PROCESSOR_IDENTIFIER=Intel64 Family 6 Model 23 Stepping 10, GenuineIntel



---------------  S Y S T E M  ---------------

OS: Windows 10.0 , 64 bit Build 17763 (10.0.17763.1)

CPU:total 2 (2 cores per cpu, 1 threads per core) family 6 model 23 stepping 10, cmov, cx8, fxsr, mmx, sse, sse2, sse3, ssse3, sse4.1, tsc

Memory: 4k page, physical 4192748k(787140k free), swap 7204192k(1714236k free)

vm_info: Java HotSpot(TM) 64-Bit Server VM (25.111-b14) for windows-amd64 JRE (1.8.0_111-b14), built on Sep 22 2016 19:24:05 by "java_re" with MS VC++ 10.0 (VS2010)

time: Thu Mar 07 10:18:12 2019
elapsed time: 0 seconds (0d 0h 0m 0s)

