#
# A fatal error has been detected by the Java Runtime Environment:
#
#  EXCEPTION_ACCESS_VIOLATION (0xc0000005) at pc=0xffffffffa3895120, pid=3100, tid=0x000000000000051c
#
# JRE version: Java(TM) SE Runtime Environment (8.0_111-b14) (build 1.8.0_111-b14)
# Java VM: Java HotSpot(TM) 64-Bit Server VM (25.111-b14 mixed mode windows-amd64 compressed oops)
# Problematic frame:
# C  0xffffffffa3895120
#
# Failed to write core dump. Minidumps are not enabled by default on client versions of Windows
#
# If you would like to submit a bug report, please visit:
#   http://bugreport.java.com/bugreport/crash.jsp
#

---------------  T H R E A D  ---------------

Current thread (0x0000000016504000):  JavaThread "AWT-EventQueue-0" [_thread_in_Java, id=1308, stack(0x0000000016af0000,0x0000000016bf0000)]

siginfo: ExceptionCode=0xc0000005, ExceptionInformation=0x0000000000000008 0xffffffffa3895120

Registers:
RAX=0x000000001aa78350, RBX=0x000000001aa78350, RCX=0x00000000eb539788, RDX=0x00000000eb539788
RSP=0x0000000016becab8, RBP=0x0000000016becb28, RSI=0x0000000000000000, RDI=0x0000000000000001
R8 =0x000000000000000a, R9 =0x00000000000003ff, R10=0x00000000750fc0c0, R11=0x0000000002b794c0
R12=0x0000000000000000, R13=0x0000000016becad0, R14=0x0000000016becbd0, R15=0x0000000016504000
RIP=0xffffffffa3895120, EFLAGS=0x0000000000010206

Top of Stack: (sp=0x0000000016becab8)
0x0000000016becab8:   0000000002897ae0 0000000016becb28
0x0000000016becac8:   0000000002897ae0 00000000000003ff
0x0000000016becad8:   000000000000000a 00000000eb539788
0x0000000016becae8:   0000000016becae8 000000001aa7976e
0x0000000016becaf8:   0000000016becbd0 000000001aa7ab68
0x0000000016becb08:   0000000000000000 000000001aa79920
0x0000000016becb18:   0000000016becad0 0000000016becbc0
0x0000000016becb28:   0000000016becc18 0000000002897e20
0x0000000016becb38:   00000000ffffffff 0000000000000001
0x0000000016becb48:   00000000ffffffff 00000000000003ff
0x0000000016becb58:   000000000000000a 000000000000038d
0x0000000016becb68:   00000000eb545a50 00000000eb541a40
0x0000000016becb78:   00000000eb540a30 00000000eb53fa20
0x0000000016becb88:   00000000eb53ba10 0000000000000042
0x0000000016becb98:   0000000000000042 00000000000000ff
0x0000000016becba8:   0000000000000000 00000000eb53b3f0 

Instructions: (pc=0xffffffffa3895120)
0xffffffffa3895100:   
[error occurred during error reporting (printing registers, top of stack, instructions near pc), id 0xc0000005]

Register to memory mapping:

RAX={method} {0x000000001aa78358} 'getCode' '(II)I' in 'com/sun/imageio/plugins/gif/GIFImageReader'
RBX={method} {0x000000001aa78358} 'getCode' '(II)I' in 'com/sun/imageio/plugins/gif/GIFImageReader'
RCX=0x00000000eb539788 is an oop
com.sun.imageio.plugins.gif.GIFImageReader 
 - klass: 'com/sun/imageio/plugins/gif/GIFImageReader'
RDX=0x00000000eb539788 is an oop
com.sun.imageio.plugins.gif.GIFImageReader 
 - klass: 'com/sun/imageio/plugins/gif/GIFImageReader'
RSP=0x0000000016becab8 is pointing into the stack for thread: 0x0000000016504000
RBP=0x0000000016becb28 is pointing into the stack for thread: 0x0000000016504000
RSI=0x0000000000000000 is an unknown value
RDI=0x0000000000000001 is an unknown value
R8 =0x000000000000000a is an unknown value
R9 =0x00000000000003ff is an unknown value
R10=0x00000000750fc0c0 is an unknown value
R11=0x0000000002b794c0 is at entry_point+32 in (nmethod*)0x0000000002b792d0
R12=0x0000000000000000 is an unknown value
R13=0x0000000016becad0 is pointing into the stack for thread: 0x0000000016504000
R14=0x0000000016becbd0 is pointing into the stack for thread: 0x0000000016504000
R15=0x0000000016504000 is a thread


Stack: [0x0000000016af0000,0x0000000016bf0000],  sp=0x0000000016becab8,  free space=1010k
Native frames: (J=compiled Java code, j=interpreted, Vv=VM code, C=native code)
C  0xffffffffa3895120


---------------  P R O C E S S  ---------------

Java Threads: ( => current thread )
  0x00000000189d6800 JavaThread "D3D Screen Updater" daemon [_thread_blocked, id=8512, stack(0x0000000019910000,0x0000000019a10000)]
  0x0000000016555800 JavaThread "Image Fetcher 2" daemon [_thread_blocked, id=11508, stack(0x00000000191e0000,0x00000000192e0000)]
  0x0000000016554800 JavaThread "Image Fetcher 1" daemon [_thread_blocked, id=8448, stack(0x00000000190e0000,0x00000000191e0000)]
  0x0000000016529800 JavaThread "Image Fetcher 0" daemon [_thread_blocked, id=11732, stack(0x0000000018fe0000,0x00000000190e0000)]
  0x0000000002790800 JavaThread "DestroyJavaVM" [_thread_blocked, id=1832, stack(0x0000000002690000,0x0000000002790000)]
=>0x0000000016504000 JavaThread "AWT-EventQueue-0" [_thread_in_Java, id=1308, stack(0x0000000016af0000,0x0000000016bf0000)]
  0x0000000016503000 JavaThread "AWT-Windows" daemon [_thread_in_native, id=2700, stack(0x00000000168a0000,0x00000000169a0000)]
  0x00000000164ff800 JavaThread "AWT-Shutdown" [_thread_blocked, id=8484, stack(0x00000000167a0000,0x00000000168a0000)]
  0x00000000164fe000 JavaThread "Java2D Disposer" daemon [_thread_blocked, id=9908, stack(0x00000000166a0000,0x00000000167a0000)]
  0x0000000014d8b800 JavaThread "Service Thread" daemon [_thread_blocked, id=6768, stack(0x0000000015f60000,0x0000000016060000)]
  0x0000000014d1c800 JavaThread "C1 CompilerThread1" daemon [_thread_blocked, id=1104, stack(0x0000000015e60000,0x0000000015f60000)]
  0x0000000014d1a800 JavaThread "C2 CompilerThread0" daemon [_thread_blocked, id=5756, stack(0x0000000015d60000,0x0000000015e60000)]
  0x0000000014d18800 JavaThread "Attach Listener" daemon [_thread_blocked, id=3760, stack(0x0000000015c60000,0x0000000015d60000)]
  0x0000000014d15800 JavaThread "Signal Dispatcher" daemon [_thread_blocked, id=1824, stack(0x0000000015b60000,0x0000000015c60000)]
  0x0000000014d08800 JavaThread "Finalizer" daemon [_thread_blocked, id=5296, stack(0x0000000015960000,0x0000000015a60000)]
  0x000000000287c000 JavaThread "Reference Handler" daemon [_thread_blocked, id=2108, stack(0x0000000015860000,0x0000000015960000)]

Other Threads:
  0x0000000014ce6800 VMThread [stack: 0x0000000015760000,0x0000000015860000] [id=5544]
  0x0000000014db8800 WatcherThread [stack: 0x0000000016060000,0x0000000016160000] [id=10736]

VM state:not at safepoint (normal execution)

VM Mutex/Monitor currently owned by a thread: None

Heap:
 PSYoungGen      total 18944K, used 10746K [0x00000000eab00000, 0x00000000ec000000, 0x0000000100000000)
  eden space 16384K, 65% used [0x00000000eab00000,0x00000000eb57ea40,0x00000000ebb00000)
  from space 2560K, 0% used [0x00000000ebd80000,0x00000000ebd80000,0x00000000ec000000)
  to   space 2560K, 0% used [0x00000000ebb00000,0x00000000ebb00000,0x00000000ebd80000)
 ParOldGen       total 44032K, used 0K [0x00000000c0000000, 0x00000000c2b00000, 0x00000000eab00000)
  object space 44032K, 0% used [0x00000000c0000000,0x00000000c0000000,0x00000000c2b00000)
 Metaspace       used 14391K, capacity 14662K, committed 14848K, reserved 1062912K
  class space    used 1903K, capacity 2005K, committed 2048K, reserved 1048576K

Card table byte_map: [0x0000000011c50000,0x0000000011e60000] byte_map_base: 0x0000000011650000

Marking Bits: (ParMarkBitMap*) 0x000000007511a6c0
 Begin Bits: [0x00000000121c0000, 0x00000000131c0000)
 End Bits:   [0x00000000131c0000, 0x00000000141c0000)

Polling page: 0x00000000025d0000

CodeCache: size=245760Kb used=3015Kb max_used=3015Kb free=242745Kb
 bounds [0x0000000002890000, 0x0000000002b90000, 0x0000000011890000]
 total_blobs=1369 nmethods=839 adapters=445
 compilation: enabled

Compilation events (10 events):
Event: 1.230 Thread 0x0000000014d1a800  833       4       com.sun.imageio.plugins.gif.GIFImageReader::getCode (202 bytes)
Event: 1.231 Thread 0x0000000014d1c800  836       3       java.lang.Math::min (12 bytes)
Event: 1.231 Thread 0x0000000014d1c800 nmethod 836 0x0000000002b7b590 code [0x0000000002b7b6e0, 0x0000000002b7b870]
Event: 1.232 Thread 0x0000000014d1c800  837 % !   3       com.sun.imageio.plugins.gif.GIFImageReader::read @ 750 (821 bytes)
Event: 1.233 Thread 0x0000000014d1a800 nmethod 833 0x0000000002b7ae50 code [0x0000000002b7afc0, 0x0000000002b7b298]
Event: 1.236 Thread 0x0000000014d1c800 nmethod 837% 0x0000000002b7f1d0 code [0x0000000002b7f6e0, 0x0000000002b82ad8]
Event: 1.237 Thread 0x0000000014d1c800  838       3       java.util.concurrent.locks.ReentrantLock::lock (8 bytes)
Event: 1.237 Thread 0x0000000014d1c800 nmethod 838 0x0000000002b7aa10 code [0x0000000002b7ab80, 0x0000000002b7ada8]
Event: 1.237 Thread 0x0000000014d1c800  839       3       java.util.concurrent.locks.ReentrantLock$NonfairSync::lock (25 bytes)
Event: 1.237 Thread 0x0000000014d1c800 nmethod 839 0x0000000002b7e490 code [0x0000000002b7e660, 0x0000000002b7ef38]

GC Heap History (0 events):
No events

Deoptimization events (10 events):
Event: 0.932 Thread 0x0000000016504000 Uncommon trap: reason=class_check action=maybe_recompile pc=0x0000000002b10928 method=java.util.HashMap.getNode(ILjava/lang/Object;)Ljava/util/HashMap$Node; @ 126
Event: 0.932 Thread 0x0000000016504000 Uncommon trap: reason=class_check action=maybe_recompile pc=0x0000000002b10928 method=java.util.HashMap.getNode(ILjava/lang/Object;)Ljava/util/HashMap$Node; @ 126
Event: 0.932 Thread 0x0000000016504000 Uncommon trap: reason=class_check action=maybe_recompile pc=0x0000000002b10928 method=java.util.HashMap.getNode(ILjava/lang/Object;)Ljava/util/HashMap$Node; @ 126
Event: 0.952 Thread 0x0000000016504000 Uncommon trap: reason=class_check action=maybe_recompile pc=0x0000000002b10928 method=java.util.HashMap.getNode(ILjava/lang/Object;)Ljava/util/HashMap$Node; @ 126
Event: 0.967 Thread 0x0000000016504000 Uncommon trap: reason=class_check action=maybe_recompile pc=0x0000000002afa2f4 method=java.util.HashMap.getNode(ILjava/lang/Object;)Ljava/util/HashMap$Node; @ 126
Event: 1.063 Thread 0x0000000016504000 Uncommon trap: reason=unstable_if action=reinterpret pc=0x0000000002a8ecf4 method=java.lang.String.indexOf([CII[CIII)I @ 3
Event: 1.066 Thread 0x0000000016504000 Uncommon trap: reason=bimorphic action=maybe_recompile pc=0x0000000002b29f2c method=java.util.HashMap.getNode(ILjava/lang/Object;)Ljava/util/HashMap$Node; @ 126
Event: 1.066 Thread 0x0000000016504000 Uncommon trap: reason=bimorphic action=maybe_recompile pc=0x0000000002b29f2c method=java.util.HashMap.getNode(ILjava/lang/Object;)Ljava/util/HashMap$Node; @ 126
Event: 1.066 Thread 0x0000000016504000 Uncommon trap: reason=bimorphic action=maybe_recompile pc=0x0000000002b29f2c method=java.util.HashMap.getNode(ILjava/lang/Object;)Ljava/util/HashMap$Node; @ 126
Event: 1.066 Thread 0x0000000016504000 Uncommon trap: reason=bimorphic action=maybe_recompile pc=0x0000000002b29f2c method=java.util.HashMap.getNode(ILjava/lang/Object;)Ljava/util/HashMap$Node; @ 126

Internal exceptions (10 events):
Event: 0.129 Thread 0x0000000002790800 Exception <a 'java/security/PrivilegedActionException'> (0x00000000eab93350) thrown at [C:\re\workspace\8-2-build-windows-amd64-cygwin\jdk8u111\7883\hotspot\src\share\vm\prims\jvm.cpp, line 1386]
Event: 0.129 Thread 0x0000000002790800 Exception <a 'java/security/PrivilegedActionException'> (0x00000000eab93560) thrown at [C:\re\workspace\8-2-build-windows-amd64-cygwin\jdk8u111\7883\hotspot\src\share\vm\prims\jvm.cpp, line 1386]
Event: 0.189 Thread 0x0000000002790800 Exception <a 'java/security/PrivilegedActionException'> (0x00000000eac9bc80) thrown at [C:\re\workspace\8-2-build-windows-amd64-cygwin\jdk8u111\7883\hotspot\src\share\vm\prims\jvm.cpp, line 1386]
Event: 0.189 Thread 0x0000000002790800 Exception <a 'java/security/PrivilegedActionException'> (0x00000000eac9be90) thrown at [C:\re\workspace\8-2-build-windows-amd64-cygwin\jdk8u111\7883\hotspot\src\share\vm\prims\jvm.cpp, line 1386]
Event: 0.190 Thread 0x0000000002790800 Exception <a 'java/security/PrivilegedActionException'> (0x00000000eac9fd78) thrown at [C:\re\workspace\8-2-build-windows-amd64-cygwin\jdk8u111\7883\hotspot\src\share\vm\prims\jvm.cpp, line 1386]
Event: 0.190 Thread 0x0000000002790800 Exception <a 'java/security/PrivilegedActionException'> (0x00000000eac9ffc8) thrown at [C:\re\workspace\8-2-build-windows-amd64-cygwin\jdk8u111\7883\hotspot\src\share\vm\prims\jvm.cpp, line 1386]
Event: 0.194 Thread 0x0000000002790800 Exception <a 'java/io/FileNotFoundException'> (0x00000000eaca22e8) thrown at [C:\re\workspace\8-2-build-windows-amd64-cygwin\jdk8u111\7883\hotspot\src\share\vm\prims\jni.cpp, line 709]
Event: 0.286 Thread 0x0000000002790800 Exception <a 'java/lang/NoSuchFieldError': method resolution failed> (0x00000000ead6f7d0) thrown at [C:\re\workspace\8-2-build-windows-amd64-cygwin\jdk8u111\7883\hotspot\src\share\vm\prims\methodHandles.cpp, line 1146]
Event: 0.306 Thread 0x0000000002790800 Exception <a 'java/lang/NoSuchFieldError': method resolution failed> (0x00000000ead7cb70) thrown at [C:\re\workspace\8-2-build-windows-amd64-cygwin\jdk8u111\7883\hotspot\src\share\vm\prims\methodHandles.cpp, line 1146]
Event: 0.426 Thread 0x0000000016504000 Exception <a 'java/io/FileNotFoundException'> (0x00000000eaeed860) thrown at [C:\re\workspace\8-2-build-windows-amd64-cygwin\jdk8u111\7883\hotspot\src\share\vm\prims\jni.cpp, line 709]

Events (10 events):
Event: 1.218 loading class com/sun/imageio/plugins/gif/GIFStreamMetadata
Event: 1.219 loading class com/sun/imageio/plugins/gif/GIFMetadata
Event: 1.219 loading class javax/imageio/metadata/IIOMetadata
Event: 1.219 loading class javax/imageio/metadata/IIOMetadata done
Event: 1.219 loading class com/sun/imageio/plugins/gif/GIFMetadata done
Event: 1.219 loading class com/sun/imageio/plugins/gif/GIFStreamMetadata done
Event: 1.219 loading class com/sun/imageio/plugins/gif/GIFImageMetadata
Event: 1.220 loading class com/sun/imageio/plugins/gif/GIFImageMetadata done
Event: 1.220 loading class sun/awt/image/BytePackedRaster
Event: 1.221 loading class sun/awt/image/BytePackedRaster done


Dynamic libraries:
0x00007ff77d3d0000 - 0x00007ff77d407000 	C:\Program Files\Java\jdk1.8.0_111\bin\java.exe
0x00007ffdbda30000 - 0x00007ffdbdc1d000 	C:\Windows\SYSTEM32\ntdll.dll
0x00007ffdbb770000 - 0x00007ffdbb823000 	C:\Windows\System32\KERNEL32.DLL
0x00007ffdba590000 - 0x00007ffdba823000 	C:\Windows\System32\KERNELBASE.dll
0x00007ffdbcd20000 - 0x00007ffdbcdc3000 	C:\Windows\System32\ADVAPI32.dll
0x00007ffdbd410000 - 0x00007ffdbd4ae000 	C:\Windows\System32\msvcrt.dll
0x00007ffdbd0b0000 - 0x00007ffdbd14e000 	C:\Windows\System32\sechost.dll
0x00007ffdbadc0000 - 0x00007ffdbaee3000 	C:\Windows\System32\RPCRT4.dll
0x00007ffdbaef0000 - 0x00007ffdbb087000 	C:\Windows\System32\USER32.dll
0x00007ffdba830000 - 0x00007ffdba850000 	C:\Windows\System32\win32u.dll
0x00007ffdbb090000 - 0x00007ffdbb0b9000 	C:\Windows\System32\GDI32.dll
0x00007ffdb9b00000 - 0x00007ffdb9c9a000 	C:\Windows\System32\gdi32full.dll
0x00007ffdb9ca0000 - 0x00007ffdb9d40000 	C:\Windows\System32\msvcp_win.dll
0x00007ffdbaa30000 - 0x00007ffdbab2c000 	C:\Windows\System32\ucrtbase.dll
0x00007ffdb2910000 - 0x00007ffdb2b89000 	C:\Windows\WinSxS\amd64_microsoft.windows.common-controls_6595b64144ccf1df_6.0.17763.107_none_05b63884071e656e\COMCTL32.dll
0x00007ffdbd620000 - 0x00007ffdbd94e000 	C:\Windows\System32\combase.dll
0x00007ffdbabe0000 - 0x00007ffdbac5e000 	C:\Windows\System32\bcryptPrimitives.dll
0x00007ffdbd3e0000 - 0x00007ffdbd40e000 	C:\Windows\System32\IMM32.DLL
0x0000000074820000 - 0x00000000748f2000 	C:\Program Files\Java\jdk1.8.0_111\jre\bin\msvcr100.dll
0x0000000074900000 - 0x000000007519a000 	C:\Program Files\Java\jdk1.8.0_111\jre\bin\server\jvm.dll
0x00007ffdbcdd0000 - 0x00007ffdbcdd8000 	C:\Windows\System32\PSAPI.DLL
0x00007ffda25e0000 - 0x00007ffda25e9000 	C:\Windows\SYSTEM32\WSOCK32.dll
0x00007ffdbb140000 - 0x00007ffdbb1ad000 	C:\Windows\System32\WS2_32.dll
0x00007ffdb7790000 - 0x00007ffdb77b4000 	C:\Windows\SYSTEM32\WINMM.dll
0x00007ffdb2b90000 - 0x00007ffdb2b9a000 	C:\Windows\SYSTEM32\VERSION.dll
0x00007ffdb7760000 - 0x00007ffdb778d000 	C:\Windows\SYSTEM32\WINMMBASE.dll
0x00007ffdb9d40000 - 0x00007ffdb9d8a000 	C:\Windows\System32\cfgmgr32.dll
0x00000000747d0000 - 0x00000000747df000 	C:\Program Files\Java\jdk1.8.0_111\jre\bin\verify.dll
0x00000000747a0000 - 0x00000000747c9000 	C:\Program Files\Java\jdk1.8.0_111\jre\bin\java.dll
0x0000000074780000 - 0x0000000074796000 	C:\Program Files\Java\jdk1.8.0_111\jre\bin\zip.dll
0x00007ffdbb830000 - 0x00007ffdbcd1f000 	C:\Windows\System32\SHELL32.dll
0x00007ffdbd330000 - 0x00007ffdbd3d8000 	C:\Windows\System32\shcore.dll
0x00007ffdb9de0000 - 0x00007ffdba528000 	C:\Windows\System32\windows.storage.dll
0x00007ffdb9a50000 - 0x00007ffdb9a74000 	C:\Windows\System32\profapi.dll
0x00007ffdb9a80000 - 0x00007ffdb9add000 	C:\Windows\System32\powrprof.dll
0x00007ffdbd2d0000 - 0x00007ffdbd322000 	C:\Windows\System32\shlwapi.dll
0x00007ffdb9ae0000 - 0x00007ffdb9af1000 	C:\Windows\System32\kernel.appcore.dll
0x00007ffdb9dc0000 - 0x00007ffdb9dd7000 	C:\Windows\System32\cryptsp.dll
0x00000000745a0000 - 0x0000000074738000 	C:\Program Files\Java\jdk1.8.0_111\jre\bin\awt.dll
0x00007ffdbd150000 - 0x00007ffdbd21b000 	C:\Windows\System32\OLEAUT32.dll
0x00007ffdb7d20000 - 0x00007ffdb7dac000 	C:\Windows\SYSTEM32\apphelp.dll
0x00007ffdb8060000 - 0x00007ffdb80fc000 	C:\Windows\system32\uxtheme.dll
0x00007ffdbd4b0000 - 0x00007ffdbd61a000 	C:\Windows\System32\MSCTF.dll
0x00007ffdb83b0000 - 0x00007ffdb83de000 	C:\Windows\system32\dwmapi.dll
0x00007ffdba850000 - 0x00007ffdbaa2b000 	C:\Windows\System32\CRYPT32.dll
0x00007ffdb9a30000 - 0x00007ffdb9a42000 	C:\Windows\System32\MSASN1.dll
0x00007ffdbac60000 - 0x00007ffdbadb5000 	C:\Windows\System32\ole32.dll
0x00007ffd8b9a0000 - 0x00007ffd8bb3e000 	C:\Windows\system32\d3d9.dll
0x00007ffd885a0000 - 0x00007ffd89656000 	C:\Windows\SYSTEM32\nvd3dumx.dll
0x0000000074550000 - 0x0000000074597000 	C:\Program Files\Java\jdk1.8.0_111\jre\bin\fontmanager.dll
0x0000000074760000 - 0x000000007477a000 	C:\Program Files\Java\jdk1.8.0_111\jre\bin\net.dll
0x00007ffdb92c0000 - 0x00007ffdb9327000 	C:\Windows\system32\mswsock.dll
0x0000000074740000 - 0x0000000074751000 	C:\Program Files\Java\jdk1.8.0_111\jre\bin\nio.dll
0x0000000074500000 - 0x0000000074542000 	C:\Program Files\Java\jdk1.8.0_111\jre\bin\t2k.dll
0x00007ffdb1d00000 - 0x00007ffdb1d95000 	C:\Windows\System32\TextInputFramework.dll
0x00007ffdb5c50000 - 0x00007ffdb5f72000 	C:\Windows\System32\CoreUIComponents.dll
0x00007ffdb7300000 - 0x00007ffdb73e2000 	C:\Windows\System32\CoreMessaging.dll
0x00007ffdb8b00000 - 0x00007ffdb8b31000 	C:\Windows\SYSTEM32\ntmarta.dll
0x00007ffdb5af0000 - 0x00007ffdb5c43000 	C:\Windows\SYSTEM32\wintypes.dll
0x00000000744c0000 - 0x00000000744ea000 	C:\Program Files\Java\jdk1.8.0_111\jre\bin\dcpr.dll
0x00007ffdb8e80000 - 0x00007ffdb8eb3000 	C:\Windows\system32\rsaenh.dll
0x00007ffdb9d90000 - 0x00007ffdb9db6000 	C:\Windows\System32\bcrypt.dll
0x00007ffdb9960000 - 0x00007ffdb9988000 	C:\Windows\SYSTEM32\USERENV.dll
0x00007ffdb9490000 - 0x00007ffdb949c000 	C:\Windows\SYSTEM32\CRYPTBASE.dll
0x00007ffdb9020000 - 0x00007ffdb905d000 	C:\Windows\SYSTEM32\IPHLPAPI.DLL
0x00007ffdbb1b0000 - 0x00007ffdbb1b8000 	C:\Windows\System32\NSI.dll
0x00007ffdb3030000 - 0x00007ffdb3046000 	C:\Windows\SYSTEM32\dhcpcsvc6.DLL
0x00007ffdb31e0000 - 0x00007ffdb31fc000 	C:\Windows\SYSTEM32\dhcpcsvc.DLL
0x00007ffdb9060000 - 0x00007ffdb9126000 	C:\Windows\SYSTEM32\DNSAPI.dll
0x00007ffda56c0000 - 0x00007ffda58ad000 	C:\Windows\SYSTEM32\dbghelp.dll

VM Arguments:
jvm_args: -Dfile.encoding=UTF-8 
java_command: Main_Frames.Main_Frame
java_class_path (initial): C:\Users\Samsung Pc\Documents\NetBeansProjects\Mobile_Phone_Shop\lib\swingx-2007_10_07.jar;C:\Users\Samsung Pc\Documents\NetBeansProjects\Mobile_Phone_Shop\lib\jcalendar-1.4.jar;C:\Users\Samsung Pc\Documents\NetBeansProjects\Mobile_Phone_Shop\lib\l2fprod-common-all.jar;C:\Users\Samsung Pc\Documents\NetBeansProjects\Mobile_Phone_Shop\lib\RojeruSan.lib.jar;C:\Users\Samsung Pc\Documents\NetBeansProjects\Mobile_Phone_Shop\lib\edisoncorSX.jar;C:\Users\Samsung Pc\Documents\NetBeansProjects\Mobile_Phone_Shop\lib\swingx-core-1.6.2.jar;C:\Users\Samsung Pc\Documents\NetBeansProjects\Mobile_Phone_Shop\lib\jcMousePanel.jar;C:\Users\Samsung Pc\Documents\NetBeansProjects\Mobile_Phone_Shop\lib\JCPanel.jar;C:\Users\Samsung Pc\Documents\NetBeansProjects\Mobile_Phone_Shop\lib\DateChooser.jar;C:\Users\Samsung Pc\Documents\NetBeansProjects\Mobile_Phone_Shop\lib\mysql-connector-java-5.0.7-bin.jar;C:\Users\Samsung Pc\Documents\NetBeansProjects\Mobile_Phone_Shop\build\classes
Launcher Type: SUN_STANDARD

Environment Variables:
PATH=C:\ProgramData\Oracle\Java\javapath;C:\Windows\system32;C:\Windows;C:\Windows\System32\Wbem;C:\Windows\System32\WindowsPowerShell\v1.0\;C:\Windows\System32\OpenSSH\;C:\Program Files (x86)\MySQL\MySQL Server 5.1\bin;C:\Program Files\Java\jdk1.8.0_111\bin;C:\Program Files\Java\jre1.8.0_111\bin;C:\Program Files (x86)\Java\jdk1.7.0\bin;C:\Program Files (x86)\Java\jre7\bin;C:\Program Files (x86)\Brackets\command;C:\Users\Samsung Pc\AppData\Local\Microsoft\WindowsApps;
USERNAME=Samsung Pc
OS=Windows_NT
PROCESSOR_IDENTIFIER=Intel64 Family 6 Model 23 Stepping 10, GenuineIntel



---------------  S Y S T E M  ---------------

OS: Windows 10.0 , 64 bit Build 17763 (10.0.17763.1)

CPU:total 2 (2 cores per cpu, 1 threads per core) family 6 model 23 stepping 10, cmov, cx8, fxsr, mmx, sse, sse2, sse3, ssse3, sse4.1, tsc

Memory: 4k page, physical 4192748k(1127052k free), swap 7204192k(2817532k free)

vm_info: Java HotSpot(TM) 64-Bit Server VM (25.111-b14) for windows-amd64 JRE (1.8.0_111-b14), built on Sep 22 2016 19:24:05 by "java_re" with MS VC++ 10.0 (VS2010)

time: Wed Mar 06 02:50:55 2019
elapsed time: 1 seconds (0d 0h 0m 1s)

